#
# A fatal error has been detected by the Java Runtime Environment:
#
#  SIGSEGV (0xb) at pc=0x00007ff1d2b770ad, pid=11280, tid=11296
#
# JRE version: OpenJDK Runtime Environment (11.0.7+10) (build 11.0.7+10-post-Ubuntu-3ubuntu1)
# Java VM: OpenJDK 64-Bit Server VM (11.0.7+10-post-Ubuntu-3ubuntu1, mixed mode, sharing, tiered, compressed oops, g1 gc, linux-amd64)
# Problematic frame:
# C  [libjimage.so+0x30ad]
#
# Core dump will be written. Default location: Core dumps may be processed with "/usr/share/apport/apport %p %s %c %d %P %E" (or dumping to /home/mayank/eclipse-workspace/employee-managements-ystem/core.11280)
#
# If you would like to submit a bug report, please visit:
#   https://bugs.launchpad.net/ubuntu/+source/openjdk-lts
#

---------------  S U M M A R Y ------------

Command Line: -agentlib:jdwp=transport=dt_socket,suspend=y,address=localhost:35913 -javaagent:/home/mayank/.eclipse/360744286_linux_gtk_x86_64/configuration/org.eclipse.osgi/222/0/.cp/lib/javaagent-shaded.jar -Dfile.encoding=UTF-8 com.example.jpa.MemberManagementAPI

Host: Intel(R) Core(TM) i3-5005U CPU @ 2.00GHz, 4 cores, 3G, Ubuntu 20.04 LTS
Time: Wed May  6 02:43:48 2020 IST elapsed time: 421 seconds (0d 0h 7m 1s)

---------------  T H R E A D  ---------------

Current thread (0x00007ff1cc138800):  JavaThread "Signal Dispatcher" daemon [_thread_in_vm, id=11296, stack(0x00007ff1a461d000,0x00007ff1a471e000)]

Stack: [0x00007ff1a461d000,0x00007ff1a471e000],  sp=0x00007ff1a471b1f0,  free space=1016k
Native frames: (J=compiled Java code, A=aot compiled Java code, j=interpreted, Vv=VM code, C=native code)
C  [libjimage.so+0x30ad]
C  [libjimage.so+0x3da2]
C  [libjimage.so+0x42b1]  JIMAGE_FindResource+0xf1
V  [libjvm.so+0x57f081]
V  [libjvm.so+0x581831]
V  [libjvm.so+0xceb11d]
V  [libjvm.so+0xce9caa]
V  [libjvm.so+0xcec26b]
V  [libjvm.so+0x62ebfe]
V  [libjvm.so+0x81b1d6]
j  jdk.internal.misc.Signal.dispatch(I)V+25 java.base@11.0.7
v  ~StubRoutines::call_stub
V  [libjvm.so+0x823ba9]
V  [libjvm.so+0x822bc2]
V  [libjvm.so+0xb7d86e]
V  [libjvm.so+0xd21d3f]
V  [libjvm.so+0xd1e610]
V  [libjvm.so+0xb8e5e6]

Java frames: (J=compiled Java code, j=interpreted, Vv=VM code)
j  jdk.internal.misc.Signal.dispatch(I)V+25 java.base@11.0.7
v  ~StubRoutines::call_stub

siginfo: si_signo: 11 (SIGSEGV), si_code: 1 (SEGV_MAPERR), si_addr: 0x00007ff1c391b498

Register to memory mapping:

RAX=0x000000000000391f is an unknown value
RBX=0x00007ff1a471b2a1 is pointing into the stack for thread: 0x00007ff1cc138800
RCX=0x00007ff1a471b2c3 is pointing into the stack for thread: 0x00007ff1cc138800
RDX=0x000000000000391f is an unknown value
RSP=0x00007ff1a471b1f0 is pointing into the stack for thread: 0x00007ff1cc138800
RBP=0x00007ff1a471b210 is pointing into the stack for thread: 0x00007ff1cc138800
RSI=0x0 is NULL
RDI=0x00007ff1d2b7c130: <offset 0x0000000000008130> in /usr/lib/jvm/java-11-openjdk-amd64/lib/libjimage.so at 0x00007ff1d2b74000
R8 =0x00007ff1c390d01c is an unknown value
R9 =0x00007ff1a471c0b0 is pointing into the stack for thread: 0x00007ff1cc138800
R10=0x00007ff1d3ebbd28: <offset 0x0000000000e45d28> in /usr/lib/jvm/java-11-openjdk-amd64/lib/server/libjvm.so at 0x00007ff1d3076000
R11=0x00007ff1a471c418 is pointing into the stack for thread: 0x00007ff1cc138800
R12=0x00000000000083ac is an unknown value
R13=0x00007ff1a471b2a0 is pointing into the stack for thread: 0x00007ff1cc138800
R14=0x0 is NULL
R15=0x00007ff1cc1394e0 points into unknown readable memory: 6a 64 6b 2f 69 6e 74 65


Registers:
RAX=0x000000000000391f, RBX=0x00007ff1a471b2a1, RCX=0x00007ff1a471b2c3, RDX=0x000000000000391f
RSP=0x00007ff1a471b1f0, RBP=0x00007ff1a471b210, RSI=0x0000000000000000, RDI=0x00007ff1d2b7c130
R8 =0x00007ff1c390d01c, R9 =0x00007ff1a471c0b0, R10=0x00007ff1d3ebbd28, R11=0x00007ff1a471c418
R12=0x00000000000083ac, R13=0x00007ff1a471b2a0, R14=0x0000000000000000, R15=0x00007ff1cc1394e0
RIP=0x00007ff1d2b770ad, EFLAGS=0x0000000000010246, CSGSFS=0x002b000000000033, ERR=0x0000000000000004
  TRAPNO=0x000000000000000e

Top of Stack: (sp=0x00007ff1a471b1f0)
0x00007ff1a471b1f0:   0000000000000000 00007ff1a471c338
0x00007ff1a471b200:   00007ff1cc025380 00007ff1a471b2a0
0x00007ff1a471b210:   00007ff1a471b280 00007ff1d2b77da2
0x00007ff1a471b220:   0000000000000000 0000000000000000 

Instructions: (pc=0x00007ff1d2b770ad)
0x00007ff1d2b76fad:   f3 ff ff 44 03 65 90 e9 3f fe ff ff 0f 1f 80 00
0x00007ff1d2b76fbd:   00 00 00 41 8b 10 41 89 55 00 41 8b 54 00 fc 41
0x00007ff1d2b76fcd:   89 54 05 fc e9 82 fc ff ff 66 2e 0f 1f 84 00 00
0x00007ff1d2b76fdd:   00 00 00 b9 0a 00 00 00 e9 f0 fc ff ff 41 0f b7
0x00007ff1d2b76fed:   54 00 fe 66 41 89 54 05 fe e9 5d fc ff ff 0f 1f
0x00007ff1d2b76ffd:   44 00 00 f3 0f 1e fa 0f b6 17 89 f0 89 f1 4c 8d
0x00007ff1d2b7700d:   47 01 84 d2 74 1c 0f 1f 44 00 00 69 c9 93 01 00
0x00007ff1d2b7701d:   01 49 83 c0 01 31 d1 41 0f b6 50 ff 84 d2 75 eb
0x00007ff1d2b7702d:   89 c8 25 ff ff ff 7f c3 90 66 2e 0f 1f 84 00 00
0x00007ff1d2b7703d:   00 00 00 f3 0f 1e fa 48 85 d2 0f 84 da 00 00 00
0x00007ff1d2b7704d:   55 48 89 e5 41 55 41 54 41 89 cc 53 48 83 ec 08
0x00007ff1d2b7705d:   85 c9 0f 84 ba 00 00 00 49 89 f5 48 8d 5e 01 0f
0x00007ff1d2b7706d:   b6 36 49 89 d0 40 84 f6 0f 84 9d 00 00 00 48 89
0x00007ff1d2b7707d:   d9 b8 93 01 00 01 0f 1f 44 00 00 69 d0 93 01 00
0x00007ff1d2b7708d:   01 48 83 c1 01 40 0f b6 c6 0f b6 71 ff 31 d0 40
0x00007ff1d2b7709d:   84 f6 75 e7 25 ff ff ff 7f 31 d2 41 f7 f4 89 d0
0x00007ff1d2b770ad:   41 8b 34 80 48 8b 07 ff 50 20 85 c0 7f 15 74 62
0x00007ff1d2b770bd:   f7 d0 41 89 c0 48 83 c4 08 44 89 c0 5b 41 5c 41
0x00007ff1d2b770cd:   5d 5d c3 41 0f b6 4d 00 89 c6 84 c9 74 1b 0f 1f
0x00007ff1d2b770dd:   44 00 00 69 f6 93 01 00 01 48 83 c3 01 31 ce 0f
0x00007ff1d2b770ed:   b6 4b ff 84 c9 75 ec 89 f0 25 ff ff ff 7f 31 d2
0x00007ff1d2b770fd:   48 83 c4 08 41 f7 f4 5b 41 5c 41 5d 5d 41 89 d0
0x00007ff1d2b7710d:   44 89 c0 c3 0f 1f 80 00 00 00 00 b8 93 01 00 01
0x00007ff1d2b7711d:   eb 87 41 b8 ff ff ff ff eb 9b 41 83 c8 ff 44 89
0x00007ff1d2b7712d:   c0 c3 90 f3 0f 1e fa eb 1d 66 2e 0f 1f 84 00 00
0x00007ff1d2b7713d:   00 00 00 0f b6 16 84 d2 74 13 38 c2 75 15 48 83
0x00007ff1d2b7714d:   c7 01 48 83 c6 01 0f b6 07 84 c0 75 e6 48 89 f8
0x00007ff1d2b7715d:   c3 66 90 31 c0 c3 90 66 66 2e 0f 1f 84 00 00 00
0x00007ff1d2b7716d:   00 00 90 f3 0f 1e fa 48 85 f6 74 51 0f b6 06 84
0x00007ff1d2b7717d:   c0 74 4a 0f b6 d0 83 e0 07 c1 fa 03 44 8d 50 01
0x00007ff1d2b7718d:   0f b6 c0 41 89 d1 4c 8d 44 06 02 48 8d 56 01 31
0x00007ff1d2b7719d:   c0 66 90 0f b6 0a 48 c1 e0 08 48 83 c2 01 48 09 


Stack slot to memory mapping:
stack at sp + 0 slots: 0x0 is NULL
stack at sp + 1 slots: 0x00007ff1a471c338 is pointing into the stack for thread: 0x00007ff1cc138800
stack at sp + 2 slots: 0x00007ff1cc025380 points into unknown readable memory: 60 3e 00 7c f1 7f 00 00
stack at sp + 3 slots: 0x00007ff1a471b2a0 is pointing into the stack for thread: 0x00007ff1cc138800
stack at sp + 4 slots: 0x00007ff1a471b280 is pointing into the stack for thread: 0x00007ff1cc138800
stack at sp + 5 slots: 0x00007ff1d2b77da2: <offset 0x0000000000003da2> in /usr/lib/jvm/java-11-openjdk-amd64/lib/libjimage.so at 0x00007ff1d2b74000
stack at sp + 6 slots: 0x0 is NULL
stack at sp + 7 slots: 0x0 is NULL


---------------  P R O C E S S  ---------------

Threads class SMR info:
_java_thread_list=0x00007ff16c002790, length=12, elements={
0x00007ff1cc018800, 0x00007ff1cc129000, 0x00007ff1cc133000, 0x00007ff1cc138800,
0x00007ff1cc13b000, 0x00007ff1cc13d000, 0x00007ff1cc13f000, 0x00007ff1cc14d000,
0x00007ff1cc18f000, 0x00007ff1cc193000, 0x00007ff1cc462000, 0x00007ff1cc8f1000
}

Java Threads: ( => current thread )
  0x00007ff1cc018800 JavaThread "main" [_thread_blocked, id=11287, stack(0x00007ff1d2c2a000,0x00007ff1d2d2b000)]
  0x00007ff1cc129000 JavaThread "Reference Handler" daemon [_thread_blocked, id=11294, stack(0x00007ff1a55fd000,0x00007ff1a56fe000)]
  0x00007ff1cc133000 JavaThread "Finalizer" daemon [_thread_blocked, id=11295, stack(0x00007ff1a54fc000,0x00007ff1a55fd000)]
=>0x00007ff1cc138800 JavaThread "Signal Dispatcher" daemon [_thread_in_vm, id=11296, stack(0x00007ff1a461d000,0x00007ff1a471e000)]
  0x00007ff1cc13b000 JavaThread "C2 CompilerThread0" daemon [_thread_blocked, id=11297, stack(0x00007ff1a451c000,0x00007ff1a461d000)]
  0x00007ff1cc13d000 JavaThread "C1 CompilerThread0" daemon [_thread_blocked, id=11298, stack(0x00007ff1a441b000,0x00007ff1a451c000)]
  0x00007ff1cc13f000 JavaThread "Sweeper thread" daemon [_thread_blocked, id=11299, stack(0x00007ff1a431a000,0x00007ff1a441b000)]
  0x00007ff1cc14d000 JavaThread "Common-Cleaner" daemon [_thread_blocked, id=11300, stack(0x00007ff1a4219000,0x00007ff1a431a000)]
  0x00007ff1cc18f000 JavaThread "JDWP Transport Listener: dt_socket" daemon [_thread_in_native, id=11302, stack(0x00007ff1a4118000,0x00007ff1a4219000)]
  0x00007ff1cc193000 JavaThread "JDWP Event Helper Thread" daemon [_thread_blocked, id=11303, stack(0x00007ff1a4017000,0x00007ff1a4118000)]
  0x00007ff1cc462000 JavaThread "Service Thread" daemon [_thread_blocked, id=11308, stack(0x00007ff177dfe000,0x00007ff177eff000)]
  0x00007ff1cc8f1000 JavaThread "mysql-cj-abandoned-connection-cleanup" daemon [_thread_blocked, id=11330, stack(0x00007ff175f7f000,0x00007ff176080000)]

Other Threads:
  0x00007ff1cc126000 VMThread "VM Thread" [stack: 0x00007ff1a5700000,0x00007ff1a5800000] [id=11293]
  0x00007ff1cc464000 WatcherThread [stack: 0x00007ff177cfe000,0x00007ff177dfe000] [id=11309]
  0x00007ff1cc031000 GCTaskThread "GC Thread#0" [stack: 0x00007ff1d2890000,0x00007ff1d2990000] [id=11288]
  0x00007ff19c001000 GCTaskThread "GC Thread#1" [stack: 0x00007ff177bfc000,0x00007ff177cfc000] [id=11310]
  0x00007ff19c0cb800 GCTaskThread "GC Thread#2" [stack: 0x00007ff177afa000,0x00007ff177bfa000] [id=11312]
  0x00007ff19c0cd000 GCTaskThread "GC Thread#3" [stack: 0x00007ff1779f8000,0x00007ff177af8000] [id=11313]
  0x00007ff1cc04b800 ConcurrentGCThread "G1 Main Marker" [stack: 0x00007ff1b480d000,0x00007ff1b490d000] [id=11289]
  0x00007ff1cc04d800 ConcurrentGCThread "G1 Conc#0" [stack: 0x00007ff1b470b000,0x00007ff1b480b000] [id=11290]
  0x00007ff1cc091000 ConcurrentGCThread "G1 Refine#0" [stack: 0x00007ff1b4205000,0x00007ff1b4305000] [id=11291]
  0x00007ff1cc093000 ConcurrentGCThread "G1 Young RemSet Sampling" [stack: 0x00007ff1b4103000,0x00007ff1b4203000] [id=11292]

Threads with active compile tasks:

VM state:not at safepoint (normal execution)

VM Mutex/Monitor currently owned by a thread: None

Heap address: 0x00000000c3c00000, size: 964 MB, Compressed Oops mode: 32-bit
Narrow klass base: 0x0000000800000000, Narrow klass shift: 3
Compressed class space size: 1073741824 Address: 0x0000000840000000

Heap:
 garbage-first heap   total 78848K, used 46366K [0x00000000c3c00000, 0x0000000100000000)
  region size 1024K, 20 young (20480K), 4 survivors (4096K)
 Metaspace       used 58463K, capacity 59851K, committed 60160K, reserved 1101824K
  class space    used 7581K, capacity 8101K, committed 8192K, reserved 1048576K
Heap Regions: E=young(eden), S=young(survivor), O=old, HS=humongous(starts), HC=humongous(continues), CS=collection set, F=free, A=archive, TAMS=top-at-mark-start (previous, next)
|   0|0x00000000c3c00000, 0x00000000c3d00000, 0x00000000c3d00000|100%|HS|  |TAMS 0x00000000c3d00000, 0x00000000c3c00000| Complete 
|   1|0x00000000c3d00000, 0x00000000c3e00000, 0x00000000c3e00000|100%| O|  |TAMS 0x00000000c3e00000, 0x00000000c3d00000| Untracked 
|   2|0x00000000c3e00000, 0x00000000c3f00000, 0x00000000c3f00000|100%| O|  |TAMS 0x00000000c3f00000, 0x00000000c3e00000| Untracked 
|   3|0x00000000c3f00000, 0x00000000c4000000, 0x00000000c4000000|100%| O|  |TAMS 0x00000000c4000000, 0x00000000c3f00000| Untracked 
|   4|0x00000000c4000000, 0x00000000c4100000, 0x00000000c4100000|100%| O|  |TAMS 0x00000000c4100000, 0x00000000c4000000| Untracked 
|   5|0x00000000c4100000, 0x00000000c4200000, 0x00000000c4200000|100%| O|  |TAMS 0x00000000c4200000, 0x00000000c4100000| Untracked 
|   6|0x00000000c4200000, 0x00000000c4300000, 0x00000000c4300000|100%| O|  |TAMS 0x00000000c4300000, 0x00000000c4200000| Untracked 
|   7|0x00000000c4300000, 0x00000000c4400000, 0x00000000c4400000|100%| O|  |TAMS 0x00000000c4400000, 0x00000000c4300000| Untracked 
|   8|0x00000000c4400000, 0x00000000c4500000, 0x00000000c4500000|100%| O|  |TAMS 0x00000000c4500000, 0x00000000c4400000| Untracked 
|   9|0x00000000c4500000, 0x00000000c4600000, 0x00000000c4600000|100%| O|  |TAMS 0x00000000c4600000, 0x00000000c4500000| Untracked 
|  10|0x00000000c4600000, 0x00000000c4700000, 0x00000000c4700000|100%| O|  |TAMS 0x00000000c4700000, 0x00000000c4600000| Untracked 
|  11|0x00000000c4700000, 0x00000000c4800000, 0x00000000c4800000|100%| O|  |TAMS 0x00000000c4800000, 0x00000000c4700000| Untracked 
|  12|0x00000000c4800000, 0x00000000c4900000, 0x00000000c4900000|100%| O|  |TAMS 0x00000000c4900000, 0x00000000c4800000| Untracked 
|  13|0x00000000c4900000, 0x00000000c4a00000, 0x00000000c4a00000|100%| O|  |TAMS 0x00000000c4a00000, 0x00000000c4900000| Untracked 
|  14|0x00000000c4a00000, 0x00000000c4b00000, 0x00000000c4b00000|100%| O|  |TAMS 0x00000000c4b00000, 0x00000000c4a00000| Untracked 
|  15|0x00000000c4b00000, 0x00000000c4c00000, 0x00000000c4c00000|100%| O|  |TAMS 0x00000000c4c00000, 0x00000000c4b00000| Untracked 
|  16|0x00000000c4c00000, 0x00000000c4d00000, 0x00000000c4d00000|100%| O|  |TAMS 0x00000000c4d00000, 0x00000000c4c00000| Untracked 
|  17|0x00000000c4d00000, 0x00000000c4e00000, 0x00000000c4e00000|100%| O|  |TAMS 0x00000000c4e00000, 0x00000000c4d00000| Untracked 
|  18|0x00000000c4e00000, 0x00000000c4f00000, 0x00000000c4f00000|100%| O|  |TAMS 0x00000000c4ee3c00, 0x00000000c4e00000| Untracked 
|  19|0x00000000c4f00000, 0x00000000c5000000, 0x00000000c5000000|100%| O|  |TAMS 0x00000000c4f00000, 0x00000000c4f00000| Untracked 
|  20|0x00000000c5000000, 0x00000000c5100000, 0x00000000c5100000|100%| O|  |TAMS 0x00000000c5000000, 0x00000000c5000000| Untracked 
|  21|0x00000000c5100000, 0x00000000c5200000, 0x00000000c5200000|100%| O|  |TAMS 0x00000000c5100000, 0x00000000c5100000| Untracked 
|  22|0x00000000c5200000, 0x00000000c5300000, 0x00000000c5300000|100%| O|  |TAMS 0x00000000c5200000, 0x00000000c5200000| Untracked 
|  23|0x00000000c5300000, 0x00000000c5400000, 0x00000000c5400000|100%| O|  |TAMS 0x00000000c5300000, 0x00000000c5300000| Untracked 
|  24|0x00000000c5400000, 0x00000000c5500000, 0x00000000c5500000|100%| O|  |TAMS 0x00000000c5400000, 0x00000000c5400000| Untracked 
|  25|0x00000000c5500000, 0x00000000c5600000, 0x00000000c5600000|100%| O|  |TAMS 0x00000000c5500000, 0x00000000c5500000| Untracked 
|  26|0x00000000c5600000, 0x00000000c5681e00, 0x00000000c5700000| 50%| O|  |TAMS 0x00000000c5600000, 0x00000000c5600000| Untracked 
|  27|0x00000000c5700000, 0x00000000c5700000, 0x00000000c5800000|  0%| F|  |TAMS 0x00000000c5700000, 0x00000000c5700000| Untracked 
|  28|0x00000000c5800000, 0x00000000c5800000, 0x00000000c5900000|  0%| F|  |TAMS 0x00000000c5800000, 0x00000000c5800000| Untracked 
|  29|0x00000000c5900000, 0x00000000c5900000, 0x00000000c5a00000|  0%| F|  |TAMS 0x00000000c5900000, 0x00000000c5900000| Untracked 
|  30|0x00000000c5a00000, 0x00000000c5a00000, 0x00000000c5b00000|  0%| F|  |TAMS 0x00000000c5a00000, 0x00000000c5a00000| Untracked 
|  31|0x00000000c5b00000, 0x00000000c5b00000, 0x00000000c5c00000|  0%| F|  |TAMS 0x00000000c5b00000, 0x00000000c5b00000| Untracked 
|  32|0x00000000c5c00000, 0x00000000c5c00000, 0x00000000c5d00000|  0%| F|  |TAMS 0x00000000c5c00000, 0x00000000c5c00000| Untracked 
|  33|0x00000000c5d00000, 0x00000000c5d00000, 0x00000000c5e00000|  0%| F|  |TAMS 0x00000000c5d00000, 0x00000000c5d00000| Untracked 
|  34|0x00000000c5e00000, 0x00000000c5e00000, 0x00000000c5f00000|  0%| F|  |TAMS 0x00000000c5e00000, 0x00000000c5e00000| Untracked 
|  35|0x00000000c5f00000, 0x00000000c5f00000, 0x00000000c6000000|  0%| F|  |TAMS 0x00000000c5f00000, 0x00000000c5f00000| Untracked 
|  36|0x00000000c6000000, 0x00000000c6014d38, 0x00000000c6100000|  8%| S|CS|TAMS 0x00000000c6000000, 0x00000000c6000000| Complete 
|  37|0x00000000c6100000, 0x00000000c6100000, 0x00000000c6200000|  0%| F|  |TAMS 0x00000000c6100000, 0x00000000c6100000| Untracked 
|  38|0x00000000c6200000, 0x00000000c6200000, 0x00000000c6300000|  0%| F|  |TAMS 0x00000000c6200000, 0x00000000c6200000| Untracked 
|  39|0x00000000c6300000, 0x00000000c6300000, 0x00000000c6400000|  0%| F|  |TAMS 0x00000000c6300000, 0x00000000c6300000| Untracked 
|  40|0x00000000c6400000, 0x00000000c6500000, 0x00000000c6500000|100%| S|CS|TAMS 0x00000000c6400000, 0x00000000c6400000| Complete 
|  41|0x00000000c6500000, 0x00000000c6600000, 0x00000000c6600000|100%| S|CS|TAMS 0x00000000c6500000, 0x00000000c6500000| Complete 
|  42|0x00000000c6600000, 0x00000000c6700000, 0x00000000c6700000|100%| S|CS|TAMS 0x00000000c6600000, 0x00000000c6600000| Complete 
|  43|0x00000000c6700000, 0x00000000c6700000, 0x00000000c6800000|  0%| F|  |TAMS 0x00000000c6700000, 0x00000000c6700000| Untracked 
|  44|0x00000000c6800000, 0x00000000c6800000, 0x00000000c6900000|  0%| F|  |TAMS 0x00000000c6800000, 0x00000000c6800000| Untracked 
|  45|0x00000000c6900000, 0x00000000c6900000, 0x00000000c6a00000|  0%| F|  |TAMS 0x00000000c6900000, 0x00000000c6900000| Untracked 
|  46|0x00000000c6a00000, 0x00000000c6a00000, 0x00000000c6b00000|  0%| F|  |TAMS 0x00000000c6a00000, 0x00000000c6a00000| Untracked 
|  47|0x00000000c6b00000, 0x00000000c6b00000, 0x00000000c6c00000|  0%| F|  |TAMS 0x00000000c6b00000, 0x00000000c6b00000| Untracked 
|  48|0x00000000c6c00000, 0x00000000c6c00000, 0x00000000c6d00000|  0%| F|  |TAMS 0x00000000c6c00000, 0x00000000c6c00000| Untracked 
|  49|0x00000000c6d00000, 0x00000000c6d00000, 0x00000000c6e00000|  0%| F|  |TAMS 0x00000000c6d00000, 0x00000000c6d00000| Untracked 
|  50|0x00000000c6e00000, 0x00000000c6e00000, 0x00000000c6f00000|  0%| F|  |TAMS 0x00000000c6e00000, 0x00000000c6e00000| Untracked 
|  51|0x00000000c6f00000, 0x00000000c6f00000, 0x00000000c7000000|  0%| F|  |TAMS 0x00000000c6f00000, 0x00000000c6f00000| Untracked 
|  52|0x00000000c7000000, 0x00000000c7000000, 0x00000000c7100000|  0%| F|  |TAMS 0x00000000c7000000, 0x00000000c7000000| Untracked 
|  53|0x00000000c7100000, 0x00000000c7100000, 0x00000000c7200000|  0%| F|  |TAMS 0x00000000c7100000, 0x00000000c7100000| Untracked 
|  54|0x00000000c7200000, 0x00000000c7200000, 0x00000000c7300000|  0%| F|  |TAMS 0x00000000c7200000, 0x00000000c7200000| Untracked 
|  55|0x00000000c7300000, 0x00000000c7300000, 0x00000000c7400000|  0%| F|  |TAMS 0x00000000c7300000, 0x00000000c7300000| Untracked 
|  56|0x00000000c7400000, 0x00000000c7400000, 0x00000000c7500000|  0%| F|  |TAMS 0x00000000c7400000, 0x00000000c7400000| Untracked 
|  57|0x00000000c7500000, 0x00000000c7500000, 0x00000000c7600000|  0%| F|  |TAMS 0x00000000c7500000, 0x00000000c7500000| Untracked 
|  58|0x00000000c7600000, 0x00000000c7600000, 0x00000000c7700000|  0%| F|  |TAMS 0x00000000c7600000, 0x00000000c7600000| Untracked 
|  59|0x00000000c7700000, 0x00000000c77ebf10, 0x00000000c7800000| 92%| E|  |TAMS 0x00000000c7700000, 0x00000000c7700000| Complete 
|  60|0x00000000c7800000, 0x00000000c7900000, 0x00000000c7900000|100%| E|CS|TAMS 0x00000000c7800000, 0x00000000c7800000| Complete 
|  61|0x00000000c7900000, 0x00000000c7a00000, 0x00000000c7a00000|100%| E|CS|TAMS 0x00000000c7900000, 0x00000000c7900000| Complete 
|  62|0x00000000c7a00000, 0x00000000c7b00000, 0x00000000c7b00000|100%| E|CS|TAMS 0x00000000c7a00000, 0x00000000c7a00000| Complete 
|  63|0x00000000c7b00000, 0x00000000c7c00000, 0x00000000c7c00000|100%| E|CS|TAMS 0x00000000c7b00000, 0x00000000c7b00000| Complete 
|  64|0x00000000c7c00000, 0x00000000c7d00000, 0x00000000c7d00000|100%| E|CS|TAMS 0x00000000c7c00000, 0x00000000c7c00000| Complete 
|  65|0x00000000c7d00000, 0x00000000c7e00000, 0x00000000c7e00000|100%| E|CS|TAMS 0x00000000c7d00000, 0x00000000c7d00000| Complete 
|  66|0x00000000c7e00000, 0x00000000c7f00000, 0x00000000c7f00000|100%| E|CS|TAMS 0x00000000c7e00000, 0x00000000c7e00000| Complete 
|  67|0x00000000c7f00000, 0x00000000c8000000, 0x00000000c8000000|100%| E|CS|TAMS 0x00000000c7f00000, 0x00000000c7f00000| Complete 
|  68|0x00000000c8000000, 0x00000000c8100000, 0x00000000c8100000|100%| E|CS|TAMS 0x00000000c8000000, 0x00000000c8000000| Complete 
|  69|0x00000000c8100000, 0x00000000c8200000, 0x00000000c8200000|100%| E|CS|TAMS 0x00000000c8100000, 0x00000000c8100000| Complete 
|  70|0x00000000c8200000, 0x00000000c8300000, 0x00000000c8300000|100%| E|CS|TAMS 0x00000000c8200000, 0x00000000c8200000| Complete 
|  71|0x00000000c8300000, 0x00000000c8400000, 0x00000000c8400000|100%| E|CS|TAMS 0x00000000c8300000, 0x00000000c8300000| Complete 
|  72|0x00000000c8400000, 0x00000000c8500000, 0x00000000c8500000|100%| E|CS|TAMS 0x00000000c8400000, 0x00000000c8400000| Complete 
|  73|0x00000000c8500000, 0x00000000c8600000, 0x00000000c8600000|100%| E|CS|TAMS 0x00000000c8500000, 0x00000000c8500000| Complete 
|  74|0x00000000c8600000, 0x00000000c8700000, 0x00000000c8700000|100%| E|CS|TAMS 0x00000000c8600000, 0x00000000c8600000| Complete 
| 962|0x00000000ffe00000, 0x00000000ffe47000, 0x00000000fff00000| 27%|OA|  |TAMS 0x00000000ffe47000, 0x00000000ffe00000| Untracked 
| 963|0x00000000fff00000, 0x00000000fff6a000, 0x0000000100000000| 41%|CA|  |TAMS 0x00000000fff6a000, 0x00000000fff00000| Untracked 

Card table byte_map: [0x00007ff1d20c6000,0x00007ff1d22a8000] _byte_map_base: 0x00007ff1d1aa8000

Marking Bits (Prev, Next): (CMBitMap*) 0x00007ff1cc046ee8, (CMBitMap*) 0x00007ff1cc046f20
 Prev Bits: [0x00007ff1d0fd4000, 0x00007ff1d1ee4000)
 Next Bits: [0x00007ff1d00c4000, 0x00007ff1d0fd4000)

Polling page: 0x00007ff1d2bef000

Metaspace:

Usage:
  Non-class:     50.54 MB capacity,    49.69 MB ( 98%) used,   697.09 KB (  1%) free+waste,   170.44 KB ( <1%) overhead. 
      Class:      7.91 MB capacity,     7.40 MB ( 94%) used,   441.28 KB (  5%) free+waste,    78.56 KB ( <1%) overhead. 
       Both:     58.45 MB capacity,    57.09 MB ( 98%) used,     1.11 MB (  2%) free+waste,   249.00 KB ( <1%) overhead. 

Virtual space:
  Non-class space:       52.00 MB reserved,      50.75 MB ( 98%) committed 
      Class space:        1.00 GB reserved,       8.00 MB ( <1%) committed 
             Both:        1.05 GB reserved,      58.75 MB (  5%) committed 

Chunk freelists:
   Non-Class:  102.00 KB
       Class:  27.00 KB
        Both:  129.00 KB

MaxMetaspaceSize: unlimited
CompressedClassSpaceSize: 1.00 GB

CodeHeap 'non-profiled nmethods': size=120032Kb used=4724Kb max_used=4737Kb free=115307Kb
 bounds [0x00007ff1bc3d5000, 0x00007ff1bc885000, 0x00007ff1c390d000]
CodeHeap 'profiled nmethods': size=120032Kb used=13948Kb max_used=14300Kb free=106083Kb
 bounds [0x00007ff1b4e9d000, 0x00007ff1b5c9d000, 0x00007ff1bc3d5000]
CodeHeap 'non-nmethods': size=5696Kb used=1307Kb max_used=1370Kb free=4388Kb
 bounds [0x00007ff1b490d000, 0x00007ff1b4b7d000, 0x00007ff1b4e9d000]
 total_blobs=7812 nmethods=5579 adapters=536
 compilation: enabled
              stopped_count=0, restarted_count=0
 full_count=0

Compilation events (20 events):
Event: 52.706 Thread 0x00007ff1cc13d000 nmethod 5825 0x00007ff1b4ed4390 code [0x00007ff1b4ed4620, 0x00007ff1b4ed53f8]
Event: 52.706 Thread 0x00007ff1cc13d000 5826       3       ch.qos.logback.classic.spi.PackagingDataCalculator::computeBySTEP (81 bytes)
Event: 52.708 Thread 0x00007ff1cc13d000 nmethod 5826 0x00007ff1b4ed3110 code [0x00007ff1b4ed3380, 0x00007ff1b4ed3eb8]
Event: 52.708 Thread 0x00007ff1cc13d000 5827       3       ch.qos.logback.classic.spi.StackTraceElementProxy::setClassPackagingData (23 bytes)
Event: 52.708 Thread 0x00007ff1cc13d000 nmethod 5827 0x00007ff1b4ed0410 code [0x00007ff1b4ed05e0, 0x00007ff1b4ed08e8]
Event: 52.708 Thread 0x00007ff1cc13d000 5828       3       ch.qos.logback.classic.spi.StackTraceElementProxy::toString (5 bytes)
Event: 52.709 Thread 0x00007ff1cc13d000 nmethod 5828 0x00007ff1b4eae910 code [0x00007ff1b4eaeac0, 0x00007ff1b4eaec88]
Event: 52.709 Thread 0x00007ff1cc13d000 5829       1       ch.qos.logback.classic.spi.StackTraceElementProxy::getClassPackagingData (5 bytes)
Event: 52.709 Thread 0x00007ff1cc13d000 nmethod 5829 0x00007ff1bc3e1890 code [0x00007ff1bc3e1a40, 0x00007ff1bc3e1b70]
Event: 52.709 Thread 0x00007ff1cc13d000 5830       1       ch.qos.logback.classic.spi.ClassPackagingData::isExact (5 bytes)
Event: 52.709 Thread 0x00007ff1cc13d000 nmethod 5830 0x00007ff1bc3e1510 code [0x00007ff1bc3e16c0, 0x00007ff1bc3e17f0]
Event: 52.709 Thread 0x00007ff1cc13d000 5831       1       ch.qos.logback.classic.spi.ClassPackagingData::getCodeLocation (5 bytes)
Event: 52.709 Thread 0x00007ff1cc13d000 nmethod 5831 0x00007ff1bc3e1190 code [0x00007ff1bc3e1340, 0x00007ff1bc3e1470]
Event: 52.709 Thread 0x00007ff1cc13d000 5832       1       ch.qos.logback.classic.spi.ClassPackagingData::getVersion (5 bytes)
Event: 52.709 Thread 0x00007ff1cc13d000 nmethod 5832 0x00007ff1bc3e0d90 code [0x00007ff1bc3e0f40, 0x00007ff1bc3e1070]
Event: 52.724 Thread 0x00007ff1cc13b000 nmethod 5817 0x00007ff1bc402d90 code [0x00007ff1bc402fa0, 0x00007ff1bc403ca8]
Event: 52.724 Thread 0x00007ff1cc13b000 5818       4       org.springframework.boot.autoconfigure.condition.ConditionEvaluationReport::lambda$addNoMatchOutcomeToAncestors$1 (56 bytes)
Event: 52.745 Thread 0x00007ff1cc13b000 nmethod 5818 0x00007ff1bc401b90 code [0x00007ff1bc401da0, 0x00007ff1bc402808]
Event: 52.745 Thread 0x00007ff1cc13b000 5822       4       java.lang.Class::forName (47 bytes)
Event: 52.746 Thread 0x00007ff1cc13b000 nmethod 5822 0x00007ff1bc3e8490 code [0x00007ff1bc3e8640, 0x00007ff1bc3e86e8]

GC Heap History (20 events):
Event: 22.846 GC heap before
{Heap before GC invocations=14 (full 0):
 garbage-first heap   total 78848K, used 56686K [0x00000000c3c00000, 0x0000000100000000)
  region size 1024K, 43 young (44032K), 6 survivors (6144K)
 Metaspace       used 32982K, capacity 33965K, committed 34176K, reserved 1079296K
  class space    used 4049K, capacity 4463K, committed 4480K, reserved 1048576K
}
Event: 22.860 GC heap after
{Heap after GC invocations=15 (full 0):
 garbage-first heap   total 78848K, used 21586K [0x00000000c3c00000, 0x0000000100000000)
  region size 1024K, 2 young (2048K), 2 survivors (2048K)
 Metaspace       used 32982K, capacity 33965K, committed 34176K, reserved 1079296K
  class space    used 4049K, capacity 4463K, committed 4480K, reserved 1048576K
}
Event: 24.755 GC heap before
{Heap before GC invocations=15 (full 0):
 garbage-first heap   total 78848K, used 48210K [0x00000000c3c00000, 0x0000000100000000)
  region size 1024K, 30 young (30720K), 2 survivors (2048K)
 Metaspace       used 34654K, capacity 35652K, committed 35840K, reserved 1081344K
  class space    used 4242K, capacity 4662K, committed 4736K, reserved 1048576K
}
Event: 24.763 GC heap after
{Heap after GC invocations=16 (full 0):
 garbage-first heap   total 78848K, used 21334K [0x00000000c3c00000, 0x0000000100000000)
  region size 1024K, 2 young (2048K), 2 survivors (2048K)
 Metaspace       used 34654K, capacity 35652K, committed 35840K, reserved 1081344K
  class space    used 4242K, capacity 4662K, committed 4736K, reserved 1048576K
}
Event: 32.153 GC heap before
{Heap before GC invocations=17 (full 0):
 garbage-first heap   total 78848K, used 59222K [0x00000000c3c00000, 0x0000000100000000)
  region size 1024K, 39 young (39936K), 2 survivors (2048K)
 Metaspace       used 40046K, capacity 41182K, committed 41472K, reserved 1085440K
  class space    used 4856K, capacity 5283K, committed 5376K, reserved 1048576K
}
Event: 32.164 GC heap after
{Heap after GC invocations=18 (full 0):
 garbage-first heap   total 78848K, used 23646K [0x00000000c3c00000, 0x0000000100000000)
  region size 1024K, 4 young (4096K), 4 survivors (4096K)
 Metaspace       used 40046K, capacity 41182K, committed 41472K, reserved 1085440K
  class space    used 4856K, capacity 5283K, committed 5376K, reserved 1048576K
}
Event: 34.625 GC heap before
{Heap before GC invocations=18 (full 0):
 garbage-first heap   total 78848K, used 59486K [0x00000000c3c00000, 0x0000000100000000)
  region size 1024K, 40 young (40960K), 4 survivors (4096K)
 Metaspace       used 42669K, capacity 43752K, committed 44160K, reserved 1087488K
  class space    used 5208K, capacity 5647K, committed 5760K, reserved 1048576K
}
Event: 34.636 GC heap after
{Heap after GC invocations=19 (full 0):
 garbage-first heap   total 78848K, used 26059K [0x00000000c3c00000, 0x0000000100000000)
  region size 1024K, 5 young (5120K), 5 survivors (5120K)
 Metaspace       used 42669K, capacity 43752K, committed 44160K, reserved 1087488K
  class space    used 5208K, capacity 5647K, committed 5760K, reserved 1048576K
}
Event: 39.359 GC heap before
{Heap before GC invocations=19 (full 0):
 garbage-first heap   total 78848K, used 59851K [0x00000000c3c00000, 0x0000000100000000)
  region size 1024K, 39 young (39936K), 5 survivors (5120K)
 Metaspace       used 44697K, capacity 45833K, committed 46208K, reserved 1089536K
  class space    used 5548K, capacity 5975K, committed 6016K, reserved 1048576K
}
Event: 39.373 GC heap after
{Heap after GC invocations=20 (full 0):
 garbage-first heap   total 78848K, used 28173K [0x00000000c3c00000, 0x0000000100000000)
  region size 1024K, 5 young (5120K), 5 survivors (5120K)
 Metaspace       used 44697K, capacity 45833K, committed 46208K, reserved 1089536K
  class space    used 5548K, capacity 5975K, committed 6016K, reserved 1048576K
}
Event: 41.308 GC heap before
{Heap before GC invocations=20 (full 0):
 garbage-first heap   total 78848K, used 60941K [0x00000000c3c00000, 0x0000000100000000)
  region size 1024K, 37 young (37888K), 5 survivors (5120K)
 Metaspace       used 47301K, capacity 48436K, committed 48896K, reserved 1091584K
  class space    used 5981K, capacity 6395K, committed 6400K, reserved 1048576K
}
Event: 41.318 GC heap after
{Heap after GC invocations=21 (full 0):
 garbage-first heap   total 78848K, used 28459K [0x00000000c3c00000, 0x0000000100000000)
  region size 1024K, 3 young (3072K), 3 survivors (3072K)
 Metaspace       used 47301K, capacity 48436K, committed 48896K, reserved 1091584K
  class space    used 5981K, capacity 6395K, committed 6400K, reserved 1048576K
}
Event: 41.701 GC heap before
{Heap before GC invocations=21 (full 0):
 garbage-first heap   total 78848K, used 62251K [0x00000000c3c00000, 0x0000000100000000)
  region size 1024K, 36 young (36864K), 3 survivors (3072K)
 Metaspace       used 49821K, capacity 50967K, committed 51328K, reserved 1093632K
  class space    used 6320K, capacity 6748K, committed 6784K, reserved 1048576K
}
Event: 41.708 GC heap after
{Heap after GC invocations=22 (full 0):
 garbage-first heap   total 78848K, used 28899K [0x00000000c3c00000, 0x0000000100000000)
  region size 1024K, 3 young (3072K), 3 survivors (3072K)
 Metaspace       used 49821K, capacity 50967K, committed 51328K, reserved 1093632K
  class space    used 6320K, capacity 6748K, committed 6784K, reserved 1048576K
}
Event: 42.206 GC heap before
{Heap before GC invocations=22 (full 0):
 garbage-first heap   total 78848K, used 62691K [0x00000000c3c00000, 0x0000000100000000)
  region size 1024K, 36 young (36864K), 3 survivors (3072K)
 Metaspace       used 52200K, capacity 53394K, committed 53760K, reserved 1095680K
  class space    used 6718K, capacity 7149K, committed 7168K, reserved 1048576K
}
Event: 42.215 GC heap after
{Heap after GC invocations=23 (full 0):
 garbage-first heap   total 78848K, used 29439K [0x00000000c3c00000, 0x0000000100000000)
  region size 1024K, 2 young (2048K), 2 survivors (2048K)
 Metaspace       used 52200K, capacity 53394K, committed 53760K, reserved 1095680K
  class space    used 6718K, capacity 7149K, committed 7168K, reserved 1048576K
}
Event: 42.818 GC heap before
{Heap before GC invocations=23 (full 0):
 garbage-first heap   total 78848K, used 63231K [0x00000000c3c00000, 0x0000000100000000)
  region size 1024K, 35 young (35840K), 2 survivors (2048K)
 Metaspace       used 54605K, capacity 55812K, committed 56192K, reserved 1097728K
  class space    used 7091K, capacity 7545K, committed 7552K, reserved 1048576K
}
Event: 42.824 GC heap after
{Heap after GC invocations=24 (full 0):
 garbage-first heap   total 78848K, used 29963K [0x00000000c3c00000, 0x0000000100000000)
  region size 1024K, 3 young (3072K), 3 survivors (3072K)
 Metaspace       used 54605K, capacity 55812K, committed 56192K, reserved 1097728K
  class space    used 7091K, capacity 7545K, committed 7552K, reserved 1048576K
}
Event: 50.847 GC heap before
{Heap before GC invocations=24 (full 0):
 garbage-first heap   total 78848K, used 62731K [0x00000000c3c00000, 0x0000000100000000)
  region size 1024K, 35 young (35840K), 3 survivors (3072K)
 Metaspace       used 57139K, capacity 58450K, committed 58624K, reserved 1099776K
  class space    used 7417K, capacity 7935K, committed 7936K, reserved 1048576K
}
Event: 50.859 GC heap after
{Heap after GC invocations=25 (full 0):
 garbage-first heap   total 78848K, used 31006K [0x00000000c3c00000, 0x0000000100000000)
  region size 1024K, 4 young (4096K), 4 survivors (4096K)
 Metaspace       used 57139K, capacity 58450K, committed 58624K, reserved 1099776K
  class space    used 7417K, capacity 7935K, committed 7936K, reserved 1048576K
}

Deoptimization events (20 events):
Event: 52.407 Thread 0x00007ff1cd723800 DEOPT PACKING pc=0x00007ff1b5acd9c1 sp=0x00007ff17587c0f0
Event: 52.407 Thread 0x00007ff1cd723800 DEOPT UNPACKING pc=0x00007ff1b494603a sp=0x00007ff17587b5c8 mode 1
Event: 52.407 Thread 0x00007ff1cd723800 DEOPT PACKING pc=0x00007ff1b5ad74d4 sp=0x00007ff17587bdd0
Event: 52.407 Thread 0x00007ff1cd723800 DEOPT UNPACKING pc=0x00007ff1b494603a sp=0x00007ff17587b3c0 mode 1
Event: 52.408 Thread 0x00007ff1cd723800 DEOPT PACKING pc=0x00007ff1b5acd9c1 sp=0x00007ff17587c0f0
Event: 52.408 Thread 0x00007ff1cd723800 DEOPT UNPACKING pc=0x00007ff1b494603a sp=0x00007ff17587b5c8 mode 1
Event: 52.408 Thread 0x00007ff1cd723800 DEOPT PACKING pc=0x00007ff1b5ad74d4 sp=0x00007ff17587bdd0
Event: 52.408 Thread 0x00007ff1cd723800 DEOPT UNPACKING pc=0x00007ff1b494603a sp=0x00007ff17587b3c0 mode 1
Event: 52.409 Thread 0x00007ff1cd723800 DEOPT PACKING pc=0x00007ff1b5acd9c1 sp=0x00007ff17587c0f0
Event: 52.409 Thread 0x00007ff1cd723800 DEOPT UNPACKING pc=0x00007ff1b494603a sp=0x00007ff17587b5c8 mode 1
Event: 52.409 Thread 0x00007ff1cd723800 DEOPT PACKING pc=0x00007ff1b5ad74d4 sp=0x00007ff17587bdd0
Event: 52.409 Thread 0x00007ff1cd723800 DEOPT UNPACKING pc=0x00007ff1b494603a sp=0x00007ff17587b3c0 mode 1
Event: 52.532 Thread 0x00007ff1cc018800 Uncommon trap: trap_request=0xfffffff4 fr.pc=0x00007ff1bc7d52d4 relative=0x00000000000002d4
Event: 52.532 Thread 0x00007ff1cc018800 Uncommon trap: reason=null_check action=make_not_entrant pc=0x00007ff1bc7d52d4 method=java.lang.ClassLoader.getNamedPackage(Ljava/lang/String;Ljava/lang/Module;)Ljava/lang/NamedPackage; @ 8 c2
Event: 52.532 Thread 0x00007ff1cc018800 DEOPT PACKING pc=0x00007ff1bc7d52d4 sp=0x00007ff1d2d28740
Event: 52.532 Thread 0x00007ff1cc018800 DEOPT UNPACKING pc=0x00007ff1b4946225 sp=0x00007ff1d2d286c0 mode 2
Event: 411.372 Thread 0x00007ff1cc18f000 Uncommon trap: trap_request=0xffffff4d fr.pc=0x00007ff1bc7c8860 relative=0x0000000000000420
Event: 411.372 Thread 0x00007ff1cc18f000 Uncommon trap: reason=unstable_if action=reinterpret pc=0x00007ff1bc7c8860 method=sun.instrument.InstrumentationImpl.transform(Ljava/lang/Module;Ljava/lang/ClassLoader;Ljava/lang/String;Ljava/lang/Class;Ljava/security/ProtectionDomain;[BZ)[B @ 24 c2
Event: 411.372 Thread 0x00007ff1cc18f000 DEOPT PACKING pc=0x00007ff1bc7c8860 sp=0x00007ff1a4216a70
Event: 411.372 Thread 0x00007ff1cc18f000 DEOPT UNPACKING pc=0x00007ff1b4946225 sp=0x00007ff1a4216ae8 mode 2

Classes redefined (2 events):
Event: 411.527 Thread 0x00007ff1cc126000 redefined class name=com.example.jpa.dto.IChildrenDAO, count=1
Event: 412.111 Thread 0x00007ff1cc126000 redefined class name=com.example.jpa.dto.service.ChilderenServiceImpl, count=1

Internal exceptions (20 events):
Event: 50.095 Thread 0x00007ff1cc018800 Exception <a 'java/lang/ClassNotFoundException'{0x00000000c6d4de90}: com/example/jpa/model/ChildrenCustomizer> (0x00000000c6d4de90) thrown at [src/hotspot/share/classfile/systemDictionary.cpp, line 231]
Event: 50.197 Thread 0x00007ff1cc018800 Exception <a 'java/lang/NoSuchMethodError'{0x00000000c6cf7b08}: 'int java.lang.invoke.DirectMethodHandle$Holder.invokeVirtual(java.lang.Object, java.lang.Object, java.lang.Object)'> (0x00000000c6cf7b08) thrown at [src/hotspot/share/interpreter/linkResolver.cpp, line 772]
Event: 50.383 Thread 0x00007ff1cc018800 Exception <a 'java/lang/ClassNotFoundException'{0x00000000c6b62e90}: java/lang/ObjectCustomizer> (0x00000000c6b62e90) thrown at [src/hotspot/share/classfile/systemDictionary.cpp, line 231]
Event: 50.385 Thread 0x00007ff1cc018800 Exception <a 'java/lang/ClassNotFoundException'{0x00000000c6b6e820}: com/example/jpa/model/MemberCustomizer> (0x00000000c6b6e820) thrown at [src/hotspot/share/classfile/systemDictionary.cpp, line 231]
Event: 50.544 Thread 0x00007ff1cc018800 Exception <a 'java/lang/IncompatibleClassChangeError'{0x00000000c6937628}: Found class java.lang.Object, but interface was expected> (0x00000000c6937628) thrown at [src/hotspot/share/interpreter/linkResolver.cpp, line 839]
Event: 52.221 Thread 0x00007ff1cc018800 Exception <a 'java/lang/NoClassDefFoundError'{0x00000000c7acec40}: sun/reflect/Reflection> (0x00000000c7acec40) thrown at [src/hotspot/share/classfile/systemDictionary.cpp, line 220]
Event: 52.235 Thread 0x00007ff1cc018800 Exception <a 'java/lang/reflect/InvocationTargetException'{0x00000000c7962790}> (0x00000000c7962790) thrown at [src/hotspot/share/runtime/reflection.cpp, line 1245]
Event: 52.277 Thread 0x00007ff1cc018800 Exception <a 'java/lang/NoSuchMethodError'{0x00000000c797afb8}: 'void java.lang.invoke.DirectMethodHandle$Holder.invokeSpecial(java.lang.Object, java.lang.Object)'> (0x00000000c797afb8) thrown at [src/hotspot/share/interpreter/linkResolver.cpp, line 772]
Event: 52.391 Thread 0x00007ff1cd723800 Exception <a 'java/net/SocketException'{0x00000000c7821108}> (0x00000000c7821108) thrown at [src/hotspot/share/prims/jni.cpp, line 615]
Event: 52.395 Thread 0x00007ff1cd723800 Exception <a 'java/net/SocketException'{0x00000000c7822de0}> (0x00000000c7822de0) thrown at [src/hotspot/share/prims/jni.cpp, line 615]
Event: 52.398 Thread 0x00007ff1cd723800 Exception <a 'java/net/SocketException'{0x00000000c78246a0}> (0x00000000c78246a0) thrown at [src/hotspot/share/prims/jni.cpp, line 615]
Event: 52.400 Thread 0x00007ff1cd723800 Exception <a 'java/net/SocketException'{0x00000000c7825f60}> (0x00000000c7825f60) thrown at [src/hotspot/share/prims/jni.cpp, line 615]
Event: 52.401 Thread 0x00007ff1cd723800 Exception <a 'java/net/SocketException'{0x00000000c7827820}> (0x00000000c7827820) thrown at [src/hotspot/share/prims/jni.cpp, line 615]
Event: 52.403 Thread 0x00007ff1cd723800 Exception <a 'java/net/SocketException'{0x00000000c78290e0}> (0x00000000c78290e0) thrown at [src/hotspot/share/prims/jni.cpp, line 615]
Event: 52.405 Thread 0x00007ff1cd723800 Exception <a 'java/net/SocketException'{0x00000000c782a9a0}> (0x00000000c782a9a0) thrown at [src/hotspot/share/prims/jni.cpp, line 615]
Event: 52.407 Thread 0x00007ff1cd723800 Exception <a 'java/net/SocketException'{0x00000000c782c260}> (0x00000000c782c260) thrown at [src/hotspot/share/prims/jni.cpp, line 615]
Event: 52.408 Thread 0x00007ff1cd723800 Exception <a 'java/net/SocketException'{0x00000000c782db20}> (0x00000000c782db20) thrown at [src/hotspot/share/prims/jni.cpp, line 615]
Event: 52.409 Thread 0x00007ff1cd723800 Exception <a 'java/net/SocketException'{0x00000000c782f3e0}> (0x00000000c782f3e0) thrown at [src/hotspot/share/prims/jni.cpp, line 615]
Event: 52.532 Thread 0x00007ff1cc018800 Implicit null exception at 0x00007ff1bc7d50a8 to 0x00007ff1bc7d52b2
Event: 52.683 Thread 0x00007ff1cc96a000 Exception <a 'java/lang/InterruptedException'{0x00000000c7853188}: sleep interrupted> (0x00000000c7853188) thrown at [src/hotspot/share/prims/jvm.cpp, line 3107]

Events (20 events):
Event: 412.225 Executing VM operation: GetFrameCount
Event: 412.225 Executing VM operation: GetFrameCount done
Event: 412.225 Executing VM operation: GetStackTrace
Event: 412.225 Executing VM operation: GetStackTrace done
Event: 412.974 Executing VM operation: GetFrameCount
Event: 412.975 Executing VM operation: GetFrameCount done
Event: 412.975 Executing VM operation: GetOwnedMonitorInfo
Event: 412.976 Executing VM operation: GetOwnedMonitorInfo done
Event: 412.976 Executing VM operation: GetCurrentContendedMonitor
Event: 412.976 Executing VM operation: GetCurrentContendedMonitor done
Event: 413.040 Executing VM operation: GetFrameLocation
Event: 413.040 Executing VM operation: GetFrameLocation done
Event: 413.040 Executing VM operation: GetOrSetLocal
Event: 413.040 Executing VM operation: GetOrSetLocal done
Event: 413.041 Executing VM operation: GetFrameLocation
Event: 413.041 Executing VM operation: GetFrameLocation done
Event: 413.041 Executing VM operation: GetOrSetLocal
Event: 413.041 Executing VM operation: GetOrSetLocal done
Event: 421.506 Thread 0x00007ff17c001800 Thread exited: 0x00007ff17c001800
Event: 421.574 loading class jdk/internal/misc/Signal$1


Dynamic libraries:
c3c00000-c8700000 rw-p 00000000 00:00 0 
c8700000-ffe00000 ---p 00000000 00:00 0 
ffe00000-ffe47000 rw-p 0110b000 08:09 1834400                            /usr/lib/jvm/java-11-openjdk-amd64/lib/server/classes.jsa
ffe47000-fff00000 rw-p 00000000 00:00 0 
fff00000-fff6a000 rw-p 010a1000 08:09 1834400                            /usr/lib/jvm/java-11-openjdk-amd64/lib/server/classes.jsa
fff6a000-100000000 rw-p 00000000 00:00 0 
800000000-800002000 rwxp 00001000 08:09 1834400                          /usr/lib/jvm/java-11-openjdk-amd64/lib/server/classes.jsa
800002000-8010a0000 rw-p 00003000 08:09 1834400                          /usr/lib/jvm/java-11-openjdk-amd64/lib/server/classes.jsa
840000000-840800000 rw-p 00000000 00:00 0 
840800000-880000000 ---p 00000000 00:00 0 
5601a0f07000-5601a0f08000 r--p 00000000 08:09 1833312                    /usr/lib/jvm/java-11-openjdk-amd64/bin/java
5601a0f08000-5601a0f09000 r-xp 00001000 08:09 1833312                    /usr/lib/jvm/java-11-openjdk-amd64/bin/java
5601a0f09000-5601a0f0a000 r--p 00002000 08:09 1833312                    /usr/lib/jvm/java-11-openjdk-amd64/bin/java
5601a0f0a000-5601a0f0b000 r--p 00002000 08:09 1833312                    /usr/lib/jvm/java-11-openjdk-amd64/bin/java
5601a0f0b000-5601a0f0c000 rw-p 00003000 08:09 1833312                    /usr/lib/jvm/java-11-openjdk-amd64/bin/java
5601a1dc7000-5601a1de8000 rw-p 00000000 00:00 0                          [heap]
7ff13c000000-7ff13c043000 rw-p 00000000 00:00 0 
7ff13c043000-7ff140000000 ---p 00000000 00:00 0 
7ff144000000-7ff144021000 rw-p 00000000 00:00 0 
7ff144021000-7ff148000000 ---p 00000000 00:00 0 
7ff148000000-7ff148021000 rw-p 00000000 00:00 0 
7ff148021000-7ff14c000000 ---p 00000000 00:00 0 
7ff14c000000-7ff14c081000 rw-p 00000000 00:00 0 
7ff14c081000-7ff150000000 ---p 00000000 00:00 0 
7ff150000000-7ff150021000 rw-p 00000000 00:00 0 
7ff150021000-7ff154000000 ---p 00000000 00:00 0 
7ff154000000-7ff154021000 rw-p 00000000 00:00 0 
7ff154021000-7ff158000000 ---p 00000000 00:00 0 
7ff158000000-7ff158021000 rw-p 00000000 00:00 0 
7ff158021000-7ff15c000000 ---p 00000000 00:00 0 
7ff15c000000-7ff15c021000 rw-p 00000000 00:00 0 
7ff15c021000-7ff160000000 ---p 00000000 00:00 0 
7ff160000000-7ff160458000 rw-p 00000000 00:00 0 
7ff160458000-7ff164000000 ---p 00000000 00:00 0 
7ff164000000-7ff164021000 rw-p 00000000 00:00 0 
7ff164021000-7ff168000000 ---p 00000000 00:00 0 
7ff168000000-7ff168021000 rw-p 00000000 00:00 0 
7ff168021000-7ff16c000000 ---p 00000000 00:00 0 
7ff16c000000-7ff16c021000 rw-p 00000000 00:00 0 
7ff16c021000-7ff170000000 ---p 00000000 00:00 0 
7ff170000000-7ff170021000 rw-p 00000000 00:00 0 
7ff170021000-7ff174000000 ---p 00000000 00:00 0 
7ff17477d000-7ff17483d000 rw-p 00000000 00:00 0 
7ff17483d000-7ff17497d000 ---p 00000000 00:00 0 
7ff17497d000-7ff174b7d000 rw-p 00000000 00:00 0 
7ff174b7d000-7ff174d7d000 rw-p 00000000 00:00 0 
7ff174d7d000-7ff174f7d000 rw-p 00000000 00:00 0 
7ff174f7d000-7ff17517d000 rw-p 00000000 00:00 0 
7ff17517d000-7ff17537d000 rw-p 00000000 00:00 0 
7ff17537d000-7ff17557d000 rw-p 00000000 00:00 0 
7ff17557d000-7ff17577d000 rw-p 00000000 00:00 0 
7ff17577d000-7ff175781000 ---p 00000000 00:00 0 
7ff175781000-7ff17587e000 rw-p 00000000 00:00 0 
7ff17587e000-7ff175882000 ---p 00000000 00:00 0 
7ff175882000-7ff175b7f000 rw-p 00000000 00:00 0 
7ff175b7f000-7ff175d7f000 rw-p 00000000 00:00 0 
7ff175d7f000-7ff175f7f000 rw-p 00000000 00:00 0 
7ff175f7f000-7ff175f83000 ---p 00000000 00:00 0 
7ff175f83000-7ff176080000 rw-p 00000000 00:00 0 
7ff176080000-7ff176084000 ---p 00000000 00:00 0 
7ff176084000-7ff176381000 rw-p 00000000 00:00 0 
7ff176381000-7ff176581000 rw-p 00000000 00:00 0 
7ff176581000-7ff176781000 rw-p 00000000 00:00 0 
7ff176781000-7ff176981000 rw-p 00000000 00:00 0 
7ff176981000-7ff176b81000 rw-p 00000000 00:00 0 
7ff176b81000-7ff176d81000 rw-p 00000000 00:00 0 
7ff176d81000-7ff176f81000 rw-p 00000000 00:00 0 
7ff176f81000-7ff177181000 rw-p 00000000 00:00 0 
7ff177181000-7ff177381000 rw-p 00000000 00:00 0 
7ff177381000-7ff177385000 ---p 00000000 00:00 0 
7ff177385000-7ff177482000 rw-p 00000000 00:00 0 
7ff1774f5000-7ff1774f9000 ---p 00000000 00:00 0 
7ff1774f9000-7ff1777f6000 rw-p 00000000 00:00 0 
7ff1777f6000-7ff1779f6000 rw-p 00000000 00:00 0 
7ff1779f6000-7ff1779f7000 ---p 00000000 00:00 0 
7ff1779f7000-7ff177af8000 rw-p 00000000 00:00 0 
7ff177af8000-7ff177af9000 ---p 00000000 00:00 0 
7ff177af9000-7ff177bfa000 rw-p 00000000 00:00 0 
7ff177bfa000-7ff177bfb000 ---p 00000000 00:00 0 
7ff177bfb000-7ff177cfc000 rw-p 00000000 00:00 0 
7ff177cfc000-7ff177cfd000 ---p 00000000 00:00 0 
7ff177cfd000-7ff177dfe000 rw-p 00000000 00:00 0 
7ff177dfe000-7ff177e02000 ---p 00000000 00:00 0 
7ff177e02000-7ff177eff000 rw-p 00000000 00:00 0 
7ff177eff000-7ff177f03000 ---p 00000000 00:00 0 
7ff177f03000-7ff178000000 rw-p 00000000 00:00 0 
7ff178000000-7ff178021000 rw-p 00000000 00:00 0 
7ff178021000-7ff17c000000 ---p 00000000 00:00 0 
7ff17c000000-7ff17c04b000 rw-p 00000000 00:00 0 
7ff17c04b000-7ff180000000 ---p 00000000 00:00 0 
7ff180000000-7ff180d70000 rw-p 00000000 00:00 0 
7ff180d70000-7ff184000000 ---p 00000000 00:00 0 
7ff184000000-7ff184021000 rw-p 00000000 00:00 0 
7ff184021000-7ff188000000 ---p 00000000 00:00 0 
7ff188000000-7ff188021000 rw-p 00000000 00:00 0 
7ff188021000-7ff18c000000 ---p 00000000 00:00 0 
7ff18c000000-7ff18ec26000 rw-p 00000000 00:00 0 
7ff18ec26000-7ff190000000 ---p 00000000 00:00 0 
7ff190000000-7ff190021000 rw-p 00000000 00:00 0 
7ff190021000-7ff194000000 ---p 00000000 00:00 0 
7ff194000000-7ff194021000 rw-p 00000000 00:00 0 
7ff194021000-7ff198000000 ---p 00000000 00:00 0 
7ff198000000-7ff198021000 rw-p 00000000 00:00 0 
7ff198021000-7ff19c000000 ---p 00000000 00:00 0 
7ff19c000000-7ff19c0d1000 rw-p 00000000 00:00 0 
7ff19c0d1000-7ff1a0000000 ---p 00000000 00:00 0 
7ff1a0000000-7ff1a0021000 rw-p 00000000 00:00 0 
7ff1a0021000-7ff1a4000000 ---p 00000000 00:00 0 
7ff1a4017000-7ff1a401b000 ---p 00000000 00:00 0 
7ff1a401b000-7ff1a4118000 rw-p 00000000 00:00 0 
7ff1a4118000-7ff1a411c000 ---p 00000000 00:00 0 
7ff1a411c000-7ff1a4219000 rw-p 00000000 00:00 0 
7ff1a4219000-7ff1a421d000 ---p 00000000 00:00 0 
7ff1a421d000-7ff1a431a000 rw-p 00000000 00:00 0 
7ff1a431a000-7ff1a431e000 ---p 00000000 00:00 0 
7ff1a431e000-7ff1a441b000 rw-p 00000000 00:00 0 
7ff1a441b000-7ff1a441f000 ---p 00000000 00:00 0 
7ff1a441f000-7ff1a451c000 rw-p 00000000 00:00 0 
7ff1a451c000-7ff1a4520000 ---p 00000000 00:00 0 
7ff1a4520000-7ff1a461d000 rw-p 00000000 00:00 0 
7ff1a461d000-7ff1a4621000 ---p 00000000 00:00 0 
7ff1a4621000-7ff1a471e000 rw-p 00000000 00:00 0 
7ff1a471e000-7ff1a54fc000 r--p 00000000 08:09 1706485                    /usr/lib/locale/locale-archive
7ff1a54fc000-7ff1a5500000 ---p 00000000 00:00 0 
7ff1a5500000-7ff1a55fd000 rw-p 00000000 00:00 0 
7ff1a55fd000-7ff1a5601000 ---p 00000000 00:00 0 
7ff1a5601000-7ff1a56fe000 rw-p 00000000 00:00 0 
7ff1a56fe000-7ff1a56ff000 ---p 00000000 00:00 0 
7ff1a56ff000-7ff1a8000000 rw-p 00000000 00:00 0 
7ff1a8000000-7ff1a8021000 rw-p 00000000 00:00 0 
7ff1a8021000-7ff1ac000000 ---p 00000000 00:00 0 
7ff1ac000000-7ff1ac021000 rw-p 00000000 00:00 0 
7ff1ac021000-7ff1b0000000 ---p 00000000 00:00 0 
7ff1b0000000-7ff1b0021000 rw-p 00000000 00:00 0 
7ff1b0021000-7ff1b4000000 ---p 00000000 00:00 0 
7ff1b4040000-7ff1b4048000 r--p 00000000 08:09 1834240                    /usr/lib/jvm/java-11-openjdk-amd64/lib/libsunec.so
7ff1b4048000-7ff1b4061000 r-xp 00008000 08:09 1834240                    /usr/lib/jvm/java-11-openjdk-amd64/lib/libsunec.so
7ff1b4061000-7ff1b406b000 r--p 00021000 08:09 1834240                    /usr/lib/jvm/java-11-openjdk-amd64/lib/libsunec.so
7ff1b406b000-7ff1b406c000 ---p 0002b000 08:09 1834240                    /usr/lib/jvm/java-11-openjdk-amd64/lib/libsunec.so
7ff1b406c000-7ff1b4070000 r--p 0002b000 08:09 1834240                    /usr/lib/jvm/java-11-openjdk-amd64/lib/libsunec.so
7ff1b4070000-7ff1b4072000 rw-p 0002f000 08:09 1834240                    /usr/lib/jvm/java-11-openjdk-amd64/lib/libsunec.so
7ff1b4072000-7ff1b4073000 r--p 00000000 08:09 1834215                    /usr/lib/jvm/java-11-openjdk-amd64/lib/libextnet.so
7ff1b4073000-7ff1b4074000 r-xp 00001000 08:09 1834215                    /usr/lib/jvm/java-11-openjdk-amd64/lib/libextnet.so
7ff1b4074000-7ff1b4075000 r--p 00002000 08:09 1834215                    /usr/lib/jvm/java-11-openjdk-amd64/lib/libextnet.so
7ff1b4075000-7ff1b4076000 r--p 00002000 08:09 1834215                    /usr/lib/jvm/java-11-openjdk-amd64/lib/libextnet.so
7ff1b4076000-7ff1b4077000 rw-p 00003000 08:09 1834215                    /usr/lib/jvm/java-11-openjdk-amd64/lib/libextnet.so
7ff1b4077000-7ff1b4079000 r--p 00000000 08:09 1834232                    /usr/lib/jvm/java-11-openjdk-amd64/lib/libmanagement_ext.so
7ff1b4079000-7ff1b407c000 r-xp 00002000 08:09 1834232                    /usr/lib/jvm/java-11-openjdk-amd64/lib/libmanagement_ext.so
7ff1b407c000-7ff1b407d000 r--p 00005000 08:09 1834232                    /usr/lib/jvm/java-11-openjdk-amd64/lib/libmanagement_ext.so
7ff1b407d000-7ff1b407e000 ---p 00006000 08:09 1834232                    /usr/lib/jvm/java-11-openjdk-amd64/lib/libmanagement_ext.so
7ff1b407e000-7ff1b407f000 r--p 00006000 08:09 1834232                    /usr/lib/jvm/java-11-openjdk-amd64/lib/libmanagement_ext.so
7ff1b407f000-7ff1b4080000 rw-p 00007000 08:09 1834232                    /usr/lib/jvm/java-11-openjdk-amd64/lib/libmanagement_ext.so
7ff1b4080000-7ff1b4101000 rw-p 00000000 00:00 0 
7ff1b4101000-7ff1b4102000 ---p 00000000 00:00 0 
7ff1b4102000-7ff1b4203000 rw-p 00000000 00:00 0 
7ff1b4203000-7ff1b4204000 ---p 00000000 00:00 0 
7ff1b4204000-7ff1b4709000 rw-p 00000000 00:00 0 
7ff1b4709000-7ff1b470a000 ---p 00000000 00:00 0 
7ff1b470a000-7ff1b480b000 rw-p 00000000 00:00 0 
7ff1b480b000-7ff1b480c000 ---p 00000000 00:00 0 
7ff1b480c000-7ff1b490d000 rw-p 00000000 00:00 0 
7ff1b490d000-7ff1b4b7d000 rwxp 00000000 00:00 0 
7ff1b4b7d000-7ff1b4e9d000 ---p 00000000 00:00 0 
7ff1b4e9d000-7ff1b5c9d000 rwxp 00000000 00:00 0 
7ff1b5c9d000-7ff1bc3d5000 ---p 00000000 00:00 0 
7ff1bc3d5000-7ff1bc885000 rwxp 00000000 00:00 0 
7ff1bc885000-7ff1c390d000 ---p 00000000 00:00 0 
7ff1cc000000-7ff1cd74a000 rw-p 00000000 00:00 0 
7ff1cd74a000-7ff1d0000000 ---p 00000000 00:00 0 
7ff1d0004000-7ff1d000b000 r--s 00000000 08:09 2229411                    /usr/lib/x86_64-linux-gnu/gconv/gconv-modules.cache
7ff1d000c000-7ff1d000f000 r--p 00000000 08:09 1834230                    /usr/lib/jvm/java-11-openjdk-amd64/lib/libmanagement.so
7ff1d000f000-7ff1d0010000 r-xp 00003000 08:09 1834230                    /usr/lib/jvm/java-11-openjdk-amd64/lib/libmanagement.so
7ff1d0010000-7ff1d0011000 r--p 00004000 08:09 1834230                    /usr/lib/jvm/java-11-openjdk-amd64/lib/libmanagement.so
7ff1d0011000-7ff1d0012000 r--p 00004000 08:09 1834230                    /usr/lib/jvm/java-11-openjdk-amd64/lib/libmanagement.so
7ff1d0012000-7ff1d0013000 rw-p 00005000 08:09 1834230                    /usr/lib/jvm/java-11-openjdk-amd64/lib/libmanagement.so
7ff1d0013000-7ff1d0017000 r--p 00000000 08:09 1834234                    /usr/lib/jvm/java-11-openjdk-amd64/lib/libnet.so
7ff1d0017000-7ff1d0026000 r-xp 00004000 08:09 1834234                    /usr/lib/jvm/java-11-openjdk-amd64/lib/libnet.so
7ff1d0026000-7ff1d002a000 r--p 00013000 08:09 1834234                    /usr/lib/jvm/java-11-openjdk-amd64/lib/libnet.so
7ff1d002a000-7ff1d002b000 r--p 00016000 08:09 1834234                    /usr/lib/jvm/java-11-openjdk-amd64/lib/libnet.so
7ff1d002b000-7ff1d002c000 rw-p 00017000 08:09 1834234                    /usr/lib/jvm/java-11-openjdk-amd64/lib/libnet.so
7ff1d002c000-7ff1d0033000 r--p 00000000 08:09 1834235                    /usr/lib/jvm/java-11-openjdk-amd64/lib/libnio.so
7ff1d0033000-7ff1d003b000 r-xp 00007000 08:09 1834235                    /usr/lib/jvm/java-11-openjdk-amd64/lib/libnio.so
7ff1d003b000-7ff1d003e000 r--p 0000f000 08:09 1834235                    /usr/lib/jvm/java-11-openjdk-amd64/lib/libnio.so
7ff1d003e000-7ff1d003f000 r--p 00011000 08:09 1834235                    /usr/lib/jvm/java-11-openjdk-amd64/lib/libnio.so
7ff1d003f000-7ff1d0040000 rw-p 00012000 08:09 1834235                    /usr/lib/jvm/java-11-openjdk-amd64/lib/libnio.so
7ff1d0040000-7ff1d0042000 r--p 00000000 08:09 1834214                    /usr/lib/jvm/java-11-openjdk-amd64/lib/libdt_socket.so
7ff1d0042000-7ff1d0045000 r-xp 00002000 08:09 1834214                    /usr/lib/jvm/java-11-openjdk-amd64/lib/libdt_socket.so
7ff1d0045000-7ff1d0046000 r--p 00005000 08:09 1834214                    /usr/lib/jvm/java-11-openjdk-amd64/lib/libdt_socket.so
7ff1d0046000-7ff1d0047000 r--p 00005000 08:09 1834214                    /usr/lib/jvm/java-11-openjdk-amd64/lib/libdt_socket.so
7ff1d0047000-7ff1d0048000 rw-p 00006000 08:09 1834214                    /usr/lib/jvm/java-11-openjdk-amd64/lib/libdt_socket.so
7ff1d0048000-7ff1d01f0000 rw-p 00000000 00:00 0 
7ff1d01f0000-7ff1d0fcc000 ---p 00000000 00:00 0 
7ff1d0fcc000-7ff1d1100000 rw-p 00000000 00:00 0 
7ff1d1100000-7ff1d1edc000 ---p 00000000 00:00 0 
7ff1d1edc000-7ff1d1f0a000 rw-p 00000000 00:00 0 
7ff1d1f0a000-7ff1d20c5000 ---p 00000000 00:00 0 
7ff1d20c5000-7ff1d20ec000 rw-p 00000000 00:00 0 
7ff1d20ec000-7ff1d22a7000 ---p 00000000 00:00 0 
7ff1d22a7000-7ff1d22ce000 rw-p 00000000 00:00 0 
7ff1d22ce000-7ff1d2489000 ---p 00000000 00:00 0 
7ff1d2489000-7ff1d288e000 rw-p 00000000 00:00 0 
7ff1d288e000-7ff1d288f000 ---p 00000000 00:00 0 
7ff1d288f000-7ff1d299a000 rw-p 00000000 00:00 0 
7ff1d299a000-7ff1d2a7b000 ---p 00000000 00:00 0 
7ff1d2a7b000-7ff1d2a97000 rw-p 00000000 00:00 0 
7ff1d2a97000-7ff1d2b66000 ---p 00000000 00:00 0 
7ff1d2b66000-7ff1d2b6b000 rw-p 00000000 00:00 0 
7ff1d2b6b000-7ff1d2b72000 ---p 00000000 00:00 0 
7ff1d2b72000-7ff1d2b74000 r--s 0000c000 08:09 131773                     /usr/share/java/java-atk-wrapper.jar
7ff1d2b74000-7ff1d2b76000 r--p 00000000 08:09 1834226                    /usr/lib/jvm/java-11-openjdk-amd64/lib/libjimage.so
7ff1d2b76000-7ff1d2b79000 r-xp 00002000 08:09 1834226                    /usr/lib/jvm/java-11-openjdk-amd64/lib/libjimage.so
7ff1d2b79000-7ff1d2b7a000 r--p 00005000 08:09 1834226                    /usr/lib/jvm/java-11-openjdk-amd64/lib/libjimage.so
7ff1d2b7a000-7ff1d2b7b000 ---p 00006000 08:09 1834226                    /usr/lib/jvm/java-11-openjdk-amd64/lib/libjimage.so
7ff1d2b7b000-7ff1d2b7c000 r--p 00006000 08:09 1834226                    /usr/lib/jvm/java-11-openjdk-amd64/lib/libjimage.so
7ff1d2b7c000-7ff1d2b7d000 rw-p 00007000 08:09 1834226                    /usr/lib/jvm/java-11-openjdk-amd64/lib/libjimage.so
7ff1d2b7d000-7ff1d2b80000 r--p 00000000 08:09 1707916                    /usr/lib/x86_64-linux-gnu/libnss_files-2.31.so
7ff1d2b80000-7ff1d2b87000 r-xp 00003000 08:09 1707916                    /usr/lib/x86_64-linux-gnu/libnss_files-2.31.so
7ff1d2b87000-7ff1d2b89000 r--p 0000a000 08:09 1707916                    /usr/lib/x86_64-linux-gnu/libnss_files-2.31.so
7ff1d2b89000-7ff1d2b8a000 r--p 0000b000 08:09 1707916                    /usr/lib/x86_64-linux-gnu/libnss_files-2.31.so
7ff1d2b8a000-7ff1d2b8b000 rw-p 0000c000 08:09 1707916                    /usr/lib/x86_64-linux-gnu/libnss_files-2.31.so
7ff1d2b8b000-7ff1d2b91000 rw-p 00000000 00:00 0 
7ff1d2b92000-7ff1d2b94000 r--p 00000000 08:09 1834243                    /usr/lib/jvm/java-11-openjdk-amd64/lib/libzip.so
7ff1d2b94000-7ff1d2b98000 r-xp 00002000 08:09 1834243                    /usr/lib/jvm/java-11-openjdk-amd64/lib/libzip.so
7ff1d2b98000-7ff1d2b9a000 r--p 00006000 08:09 1834243                    /usr/lib/jvm/java-11-openjdk-amd64/lib/libzip.so
7ff1d2b9a000-7ff1d2b9b000 r--p 00007000 08:09 1834243                    /usr/lib/jvm/java-11-openjdk-amd64/lib/libzip.so
7ff1d2b9b000-7ff1d2b9c000 rw-p 00008000 08:09 1834243                    /usr/lib/jvm/java-11-openjdk-amd64/lib/libzip.so
7ff1d2b9c000-7ff1d2ba4000 rw-s 00000000 08:09 1585804                    /tmp/hsperfdata_mayank/11280
7ff1d2ba4000-7ff1d2ba6000 r--p 00000000 08:09 1834217                    /usr/lib/jvm/java-11-openjdk-amd64/lib/libinstrument.so
7ff1d2ba6000-7ff1d2bac000 r-xp 00002000 08:09 1834217                    /usr/lib/jvm/java-11-openjdk-amd64/lib/libinstrument.so
7ff1d2bac000-7ff1d2baf000 r--p 00008000 08:09 1834217                    /usr/lib/jvm/java-11-openjdk-amd64/lib/libinstrument.so
7ff1d2baf000-7ff1d2bb0000 r--p 0000a000 08:09 1834217                    /usr/lib/jvm/java-11-openjdk-amd64/lib/libinstrument.so
7ff1d2bb0000-7ff1d2bb1000 rw-p 0000b000 08:09 1834217                    /usr/lib/jvm/java-11-openjdk-amd64/lib/libinstrument.so
7ff1d2bb1000-7ff1d2bb3000 r--p 00000000 08:09 1834225                    /usr/lib/jvm/java-11-openjdk-amd64/lib/libjdwp.so
7ff1d2bb3000-7ff1d2bdf000 r-xp 00002000 08:09 1834225                    /usr/lib/jvm/java-11-openjdk-amd64/lib/libjdwp.so
7ff1d2bdf000-7ff1d2bed000 r--p 0002e000 08:09 1834225                    /usr/lib/jvm/java-11-openjdk-amd64/lib/libjdwp.so
7ff1d2bed000-7ff1d2bee000 r--p 0003b000 08:09 1834225                    /usr/lib/jvm/java-11-openjdk-amd64/lib/libjdwp.so
7ff1d2bee000-7ff1d2bef000 rw-p 0003c000 08:09 1834225                    /usr/lib/jvm/java-11-openjdk-amd64/lib/libjdwp.so
7ff1d2bef000-7ff1d2bf0000 ---p 00000000 00:00 0 
7ff1d2bf0000-7ff1d2bf1000 r--p 00000000 00:00 0 
7ff1d2bf1000-7ff1d2bff000 r--p 00000000 08:09 1834222                    /usr/lib/jvm/java-11-openjdk-amd64/lib/libjava.so
7ff1d2bff000-7ff1d2c15000 r-xp 0000e000 08:09 1834222                    /usr/lib/jvm/java-11-openjdk-amd64/lib/libjava.so
7ff1d2c15000-7ff1d2c1c000 r--p 00024000 08:09 1834222                    /usr/lib/jvm/java-11-openjdk-amd64/lib/libjava.so
7ff1d2c1c000-7ff1d2c1d000 r--p 0002a000 08:09 1834222                    /usr/lib/jvm/java-11-openjdk-amd64/lib/libjava.so
7ff1d2c1d000-7ff1d2c1f000 rw-p 0002b000 08:09 1834222                    /usr/lib/jvm/java-11-openjdk-amd64/lib/libjava.so
7ff1d2c1f000-7ff1d2c22000 r--p 00000000 08:09 1708118                    /usr/lib/x86_64-linux-gnu/librt-2.31.so
7ff1d2c22000-7ff1d2c26000 r-xp 00003000 08:09 1708118                    /usr/lib/x86_64-linux-gnu/librt-2.31.so
7ff1d2c26000-7ff1d2c27000 r--p 00007000 08:09 1708118                    /usr/lib/x86_64-linux-gnu/librt-2.31.so
7ff1d2c27000-7ff1d2c28000 ---p 00008000 08:09 1708118                    /usr/lib/x86_64-linux-gnu/librt-2.31.so
7ff1d2c28000-7ff1d2c29000 r--p 00008000 08:09 1708118                    /usr/lib/x86_64-linux-gnu/librt-2.31.so
7ff1d2c29000-7ff1d2c2a000 rw-p 00009000 08:09 1708118                    /usr/lib/x86_64-linux-gnu/librt-2.31.so
7ff1d2c2a000-7ff1d2c2e000 ---p 00000000 00:00 0 
7ff1d2c2e000-7ff1d2d2b000 rw-p 00000000 00:00 0 
7ff1d2d2b000-7ff1d2d2e000 r--p 00000000 08:09 1707439                    /usr/lib/x86_64-linux-gnu/libgcc_s.so.1
7ff1d2d2e000-7ff1d2d40000 r-xp 00003000 08:09 1707439                    /usr/lib/x86_64-linux-gnu/libgcc_s.so.1
7ff1d2d40000-7ff1d2d44000 r--p 00015000 08:09 1707439                    /usr/lib/x86_64-linux-gnu/libgcc_s.so.1
7ff1d2d44000-7ff1d2d45000 r--p 00018000 08:09 1707439                    /usr/lib/x86_64-linux-gnu/libgcc_s.so.1
7ff1d2d45000-7ff1d2d46000 rw-p 00019000 08:09 1707439                    /usr/lib/x86_64-linux-gnu/libgcc_s.so.1
7ff1d2d46000-7ff1d2d55000 r--p 00000000 08:09 1707792                    /usr/lib/x86_64-linux-gnu/libm-2.31.so
7ff1d2d55000-7ff1d2dfc000 r-xp 0000f000 08:09 1707792                    /usr/lib/x86_64-linux-gnu/libm-2.31.so
7ff1d2dfc000-7ff1d2e93000 r--p 000b6000 08:09 1707792                    /usr/lib/x86_64-linux-gnu/libm-2.31.so
7ff1d2e93000-7ff1d2e94000 r--p 0014c000 08:09 1707792                    /usr/lib/x86_64-linux-gnu/libm-2.31.so
7ff1d2e94000-7ff1d2e95000 rw-p 0014d000 08:09 1707792                    /usr/lib/x86_64-linux-gnu/libm-2.31.so
7ff1d2e95000-7ff1d2f2b000 r--p 00000000 08:09 1708220                    /usr/lib/x86_64-linux-gnu/libstdc++.so.6.0.28
7ff1d2f2b000-7ff1d301b000 r-xp 00096000 08:09 1708220                    /usr/lib/x86_64-linux-gnu/libstdc++.so.6.0.28
7ff1d301b000-7ff1d3064000 r--p 00186000 08:09 1708220                    /usr/lib/x86_64-linux-gnu/libstdc++.so.6.0.28
7ff1d3064000-7ff1d3065000 ---p 001cf000 08:09 1708220                    /usr/lib/x86_64-linux-gnu/libstdc++.so.6.0.28
7ff1d3065000-7ff1d3070000 r--p 001cf000 08:09 1708220                    /usr/lib/x86_64-linux-gnu/libstdc++.so.6.0.28
7ff1d3070000-7ff1d3073000 rw-p 001da000 08:09 1708220                    /usr/lib/x86_64-linux-gnu/libstdc++.so.6.0.28
7ff1d3073000-7ff1d3076000 rw-p 00000000 00:00 0 
7ff1d3076000-7ff1d32e3000 r--p 00000000 08:09 1834249                    /usr/lib/jvm/java-11-openjdk-amd64/lib/server/libjvm.so
7ff1d32e3000-7ff1d3e76000 r-xp 0026d000 08:09 1834249                    /usr/lib/jvm/java-11-openjdk-amd64/lib/server/libjvm.so
7ff1d3e76000-7ff1d40ac000 r--p 00e00000 08:09 1834249                    /usr/lib/jvm/java-11-openjdk-amd64/lib/server/libjvm.so
7ff1d40ac000-7ff1d40ad000 ---p 01036000 08:09 1834249                    /usr/lib/jvm/java-11-openjdk-amd64/lib/server/libjvm.so
7ff1d40ad000-7ff1d416a000 r--p 01036000 08:09 1834249                    /usr/lib/jvm/java-11-openjdk-amd64/lib/server/libjvm.so
7ff1d416a000-7ff1d41a4000 rw-p 010f3000 08:09 1834249                    /usr/lib/jvm/java-11-openjdk-amd64/lib/server/libjvm.so
7ff1d41a4000-7ff1d41fc000 rw-p 00000000 00:00 0 
7ff1d41fc000-7ff1d4203000 r--p 00000000 08:09 1708057                    /usr/lib/x86_64-linux-gnu/libpthread-2.31.so
7ff1d4203000-7ff1d4214000 r-xp 00007000 08:09 1708057                    /usr/lib/x86_64-linux-gnu/libpthread-2.31.so
7ff1d4214000-7ff1d4219000 r--p 00018000 08:09 1708057                    /usr/lib/x86_64-linux-gnu/libpthread-2.31.so
7ff1d4219000-7ff1d421a000 r--p 0001c000 08:09 1708057                    /usr/lib/x86_64-linux-gnu/libpthread-2.31.so
7ff1d421a000-7ff1d421b000 rw-p 0001d000 08:09 1708057                    /usr/lib/x86_64-linux-gnu/libpthread-2.31.so
7ff1d421b000-7ff1d421f000 rw-p 00000000 00:00 0 
7ff1d421f000-7ff1d4220000 r--p 00000000 08:09 1707289                    /usr/lib/x86_64-linux-gnu/libdl-2.31.so
7ff1d4220000-7ff1d4222000 r-xp 00001000 08:09 1707289                    /usr/lib/x86_64-linux-gnu/libdl-2.31.so
7ff1d4222000-7ff1d4223000 r--p 00003000 08:09 1707289                    /usr/lib/x86_64-linux-gnu/libdl-2.31.so
7ff1d4223000-7ff1d4224000 r--p 00003000 08:09 1707289                    /usr/lib/x86_64-linux-gnu/libdl-2.31.so
7ff1d4224000-7ff1d4225000 rw-p 00004000 08:09 1707289                    /usr/lib/x86_64-linux-gnu/libdl-2.31.so
7ff1d4225000-7ff1d4227000 r--p 00000000 08:09 1708482                    /usr/lib/x86_64-linux-gnu/libz.so.1.2.11
7ff1d4227000-7ff1d4238000 r-xp 00002000 08:09 1708482                    /usr/lib/x86_64-linux-gnu/libz.so.1.2.11
7ff1d4238000-7ff1d423e000 r--p 00013000 08:09 1708482                    /usr/lib/x86_64-linux-gnu/libz.so.1.2.11
7ff1d423e000-7ff1d423f000 ---p 00019000 08:09 1708482                    /usr/lib/x86_64-linux-gnu/libz.so.1.2.11
7ff1d423f000-7ff1d4240000 r--p 00019000 08:09 1708482                    /usr/lib/x86_64-linux-gnu/libz.so.1.2.11
7ff1d4240000-7ff1d4241000 rw-p 0001a000 08:09 1708482                    /usr/lib/x86_64-linux-gnu/libz.so.1.2.11
7ff1d4241000-7ff1d4266000 r--p 00000000 08:09 1707154                    /usr/lib/x86_64-linux-gnu/libc-2.31.so
7ff1d4266000-7ff1d43de000 r-xp 00025000 08:09 1707154                    /usr/lib/x86_64-linux-gnu/libc-2.31.so
7ff1d43de000-7ff1d4428000 r--p 0019d000 08:09 1707154                    /usr/lib/x86_64-linux-gnu/libc-2.31.so
7ff1d4428000-7ff1d4429000 ---p 001e7000 08:09 1707154                    /usr/lib/x86_64-linux-gnu/libc-2.31.so
7ff1d4429000-7ff1d442c000 r--p 001e7000 08:09 1707154                    /usr/lib/x86_64-linux-gnu/libc-2.31.so
7ff1d442c000-7ff1d442f000 rw-p 001ea000 08:09 1707154                    /usr/lib/x86_64-linux-gnu/libc-2.31.so
7ff1d442f000-7ff1d4433000 rw-p 00000000 00:00 0 
7ff1d4434000-7ff1d4439000 r--p 00000000 08:09 1834242                    /usr/lib/jvm/java-11-openjdk-amd64/lib/libverify.so
7ff1d4439000-7ff1d4440000 r-xp 00005000 08:09 1834242                    /usr/lib/jvm/java-11-openjdk-amd64/lib/libverify.so
7ff1d4440000-7ff1d4442000 r--p 0000c000 08:09 1834242                    /usr/lib/jvm/java-11-openjdk-amd64/lib/libverify.so
7ff1d4442000-7ff1d4443000 ---p 0000e000 08:09 1834242                    /usr/lib/jvm/java-11-openjdk-amd64/lib/libverify.so
7ff1d4443000-7ff1d4445000 r--p 0000e000 08:09 1834242                    /usr/lib/jvm/java-11-openjdk-amd64/lib/libverify.so
7ff1d4445000-7ff1d4446000 rw-p 00010000 08:09 1834242                    /usr/lib/jvm/java-11-openjdk-amd64/lib/libverify.so
7ff1d4446000-7ff1d4449000 r--p 00000000 08:09 1834206                    /usr/lib/jvm/java-11-openjdk-amd64/lib/jli/libjli.so
7ff1d4449000-7ff1d4453000 r-xp 00003000 08:09 1834206                    /usr/lib/jvm/java-11-openjdk-amd64/lib/jli/libjli.so
7ff1d4453000-7ff1d4456000 r--p 0000d000 08:09 1834206                    /usr/lib/jvm/java-11-openjdk-amd64/lib/jli/libjli.so
7ff1d4456000-7ff1d4457000 r--p 0000f000 08:09 1834206                    /usr/lib/jvm/java-11-openjdk-amd64/lib/jli/libjli.so
7ff1d4457000-7ff1d4458000 rw-p 00010000 08:09 1834206                    /usr/lib/jvm/java-11-openjdk-amd64/lib/jli/libjli.so
7ff1d4458000-7ff1d445a000 rw-p 00000000 00:00 0 
7ff1d445a000-7ff1d445b000 r--p 00000000 08:09 1706941                    /usr/lib/x86_64-linux-gnu/ld-2.31.so
7ff1d445b000-7ff1d447e000 r-xp 00001000 08:09 1706941                    /usr/lib/x86_64-linux-gnu/ld-2.31.so
7ff1d447e000-7ff1d4486000 r--p 00024000 08:09 1706941                    /usr/lib/x86_64-linux-gnu/ld-2.31.so
7ff1d4487000-7ff1d4488000 r--p 0002c000 08:09 1706941                    /usr/lib/x86_64-linux-gnu/ld-2.31.so
7ff1d4488000-7ff1d4489000 rw-p 0002d000 08:09 1706941                    /usr/lib/x86_64-linux-gnu/ld-2.31.so
7ff1d4489000-7ff1d448a000 rw-p 00000000 00:00 0 
7ffcb894d000-7ffcb8970000 rw-p 00000000 00:00 0                          [stack]
7ffcb8977000-7ffcb897a000 r--p 00000000 00:00 0                          [vvar]
7ffcb897a000-7ffcb897b000 r-xp 00000000 00:00 0                          [vdso]
ffffffffff600000-ffffffffff601000 --xp 00000000 00:00 0                  [vsyscall]


VM Arguments:
jvm_args: -agentlib:jdwp=transport=dt_socket,suspend=y,address=localhost:35913 -javaagent:/home/mayank/.eclipse/360744286_linux_gtk_x86_64/configuration/org.eclipse.osgi/222/0/.cp/lib/javaagent-shaded.jar -Dfile.encoding=UTF-8 
java_command: com.example.jpa.MemberManagementAPI
java_class_path (initial): /home/mayank/eclipse-workspace/employee-managements-ystem/target/classes:/home/mayank/.m2/repository/org/springframework/boot/spring-boot-starter-web/2.1.4.RELEASE/spring-boot-starter-web-2.1.4.RELEASE.jar:/home/mayank/.m2/repository/org/springframework/boot/spring-boot-starter/2.1.4.RELEASE/spring-boot-starter-2.1.4.RELEASE.jar:/home/mayank/.m2/repository/org/springframework/boot/spring-boot/2.1.4.RELEASE/spring-boot-2.1.4.RELEASE.jar:/home/mayank/.m2/repository/org/springframework/boot/spring-boot-autoconfigure/2.1.4.RELEASE/spring-boot-autoconfigure-2.1.4.RELEASE.jar:/home/mayank/.m2/repository/org/springframework/boot/spring-boot-starter-logging/2.1.4.RELEASE/spring-boot-starter-logging-2.1.4.RELEASE.jar:/home/mayank/.m2/repository/ch/qos/logback/logback-classic/1.2.3/logback-classic-1.2.3.jar:/home/mayank/.m2/repository/ch/qos/logback/logback-core/1.2.3/logback-core-1.2.3.jar:/home/mayank/.m2/repository/org/apache/logging/log4j/log4j-to-slf4j/2.11.2/log4j-to-slf4j-2.11.2.jar:/home/mayank/.m2/repository/org/apache/logging/log4j/log4j-api/2.11.2/log4j-api-2.11.2.jar:/home/mayank/.m2/repository/org/slf4j/jul-to-slf4j/1.7.26/jul-to-slf4j-1.7.26.jar:/home/mayank/.m2/repository/javax/annotation/javax.annotation-api/1.3.2/javax.annotation-api-1.3.2.jar:/home/mayank/.m2/repository/org/springframework/spring-core/5.1.6.RELEASE/spring-core-5.1.6.RELEASE.jar:/home/mayank/.m2/repository/org/springframework/spring-jcl/5.1.6.RELEASE/spring-jcl-5.1.6.RELEASE.jar:/home/mayank/.m2/repository/org/yaml/snakeyaml/1.23/snakeyaml-1.23.jar:/home/mayank/.m2/repository/org/springframework/boot/spring-boot-starter-json/2.1.4.RELEASE/spring-boot-starter-json-2.1.4.RELEASE.jar:/home/mayank/.m2/repository/com/fasterxml/jackson/core/jackson-databind/2.9.8/jackson-databind-2.9.8.jar:/home/mayank/.m2/repository/com/fasterxml/jackson/core/jackson-annotations/2.9.0/jackson-annotations-2.9.0.jar:/home/mayank/.m2/repository/com/fasterxml/jackson/core/jackson-core/2.9.
Launcher Type: SUN_STANDARD

[Global flags]
     intx CICompilerCount                          = 3                                         {product} {ergonomic}
     uint ConcGCThreads                            = 1                                         {product} {ergonomic}
     uint G1ConcRefinementThreads                  = 4                                         {product} {ergonomic}
   size_t G1HeapRegionSize                         = 1048576                                   {product} {ergonomic}
    uintx GCDrainStackTargetSize                   = 64                                        {product} {ergonomic}
   size_t InitialHeapSize                          = 65011712                                  {product} {ergonomic}
   size_t MarkStackSize                            = 4194304                                   {product} {ergonomic}
   size_t MaxHeapSize                              = 1010827264                                {product} {ergonomic}
   size_t MaxNewSize                               = 606076928                                 {product} {ergonomic}
   size_t MinHeapDeltaBytes                        = 1048576                                   {product} {ergonomic}
    uintx NonNMethodCodeHeapSize                   = 5830732                                {pd product} {ergonomic}
    uintx NonProfiledCodeHeapSize                  = 122913754                              {pd product} {ergonomic}
    uintx ProfiledCodeHeapSize                     = 122913754                              {pd product} {ergonomic}
    uintx ReservedCodeCacheSize                    = 251658240                              {pd product} {ergonomic}
     bool SegmentedCodeCache                       = true                                      {product} {ergonomic}
     bool UseCompressedClassPointers               = true                                 {lp64_product} {ergonomic}
     bool UseCompressedOops                        = true                                 {lp64_product} {ergonomic}
     bool UseG1GC                                  = true                                      {product} {ergonomic}

Logging:
Log output configuration:
 #0: stdout all=warning uptime,level,tags
 #1: stderr all=off uptime,level,tags

Environment Variables:
PATH=/usr/local/sbin:/usr/local/bin:/usr/sbin:/usr/bin:/sbin:/bin:/usr/games:/usr/local/games:/snap/bin
USERNAME=mayank
SHELL=/bin/bash
DISPLAY=:0

Signal Handlers:
SIGSEGV: [libjvm.so+0xd8cfb0], sa_mask[0]=11111111011111111101111111111110, sa_flags=SA_RESTART|SA_SIGINFO
SIGBUS: [libjvm.so+0xd8cfb0], sa_mask[0]=11111111011111111101111111111110, sa_flags=SA_RESTART|SA_SIGINFO
SIGFPE: [libjvm.so+0xd8cfb0], sa_mask[0]=11111111011111111101111111111110, sa_flags=SA_RESTART|SA_SIGINFO
SIGPIPE: [libjvm.so+0xb85c00], sa_mask[0]=11111111011111111101111111111110, sa_flags=SA_RESTART|SA_SIGINFO
SIGXFSZ: [libjvm.so+0xb85c00], sa_mask[0]=11111111011111111101111111111110, sa_flags=SA_RESTART|SA_SIGINFO
SIGILL: [libjvm.so+0xd8cfb0], sa_mask[0]=11111111011111111101111111111110, sa_flags=SA_RESTART|SA_SIGINFO
SIGUSR2: [libjvm.so+0xb85aa0], sa_mask[0]=00100000000000000000000000000000, sa_flags=SA_RESTART|SA_SIGINFO
SIGHUP: [libjvm.so+0xb85f40], sa_mask[0]=11111111011111111101111111111110, sa_flags=SA_RESTART|SA_SIGINFO
SIGINT: [libjvm.so+0xb85f40], sa_mask[0]=11111111011111111101111111111110, sa_flags=SA_RESTART|SA_SIGINFO
SIGTERM: [libjvm.so+0xb85f40], sa_mask[0]=11111111011111111101111111111110, sa_flags=SA_RESTART|SA_SIGINFO
SIGQUIT: [libjvm.so+0xb85f40], sa_mask[0]=11111111011111111101111111111110, sa_flags=SA_RESTART|SA_SIGINFO


---------------  S Y S T E M  ---------------

OS:DISTRIB_ID=Ubuntu
DISTRIB_RELEASE=20.04
DISTRIB_CODENAME=focal
DISTRIB_DESCRIPTION="Ubuntu 20.04 LTS"
uname:Linux 5.4.0-28-generic #32-Ubuntu SMP Wed Apr 22 17:40:10 UTC 2020 x86_64
OS uptime: 0 days 2:52 hours
libc:glibc 2.31 NPTL 2.31 
rlimit: STACK 8192k, CORE 0k, NPROC 15182, NOFILE 1048576, AS infinity, CPU infinity, DATA infinity, FSIZE infinity
load average:2.83 2.54 2.24

/proc/meminfo:
MemTotal:        3943120 kB
MemFree:          118960 kB
MemAvailable:     339712 kB
Buffers:           72748 kB
Cached:           473944 kB
SwapCached:        28680 kB
Active:          2558360 kB
Inactive:         935044 kB
Active(anon):    2362040 kB
Inactive(anon):   735916 kB
Active(file):     196320 kB
Inactive(file):   199128 kB
Unevictable:       24312 kB
Mlocked:             344 kB
SwapTotal:       3906556 kB
SwapFree:        2326524 kB
Dirty:               440 kB
Writeback:             0 kB
AnonPages:       2962004 kB
Mapped:           315932 kB
Shmem:            158132 kB
KReclaimable:      63832 kB
Slab:             183504 kB
SReclaimable:      63832 kB
SUnreclaim:       119672 kB
KernelStack:       19808 kB
PageTables:        44656 kB
NFS_Unstable:          0 kB
Bounce:                0 kB
WritebackTmp:          0 kB
CommitLimit:     5878116 kB
Committed_AS:   12121960 kB
VmallocTotal:   34359738367 kB
VmallocUsed:       35992 kB
VmallocChunk:          0 kB
Percpu:             2976 kB
HardwareCorrupted:     0 kB
AnonHugePages:         0 kB
ShmemHugePages:        0 kB
ShmemPmdMapped:        0 kB
FileHugePages:         0 kB
FilePmdMapped:         0 kB
CmaTotal:              0 kB
CmaFree:               0 kB
HugePages_Total:       0
HugePages_Free:        0
HugePages_Rsvd:        0
HugePages_Surp:        0
Hugepagesize:       2048 kB
Hugetlb:               0 kB
DirectMap4k:      208448 kB
DirectMap2M:     3899392 kB
DirectMap1G:     1048576 kB


/proc/sys/kernel/threads-max (system-wide limit on the number of threads):
30365


/proc/sys/vm/max_map_count (maximum number of memory map areas a process may have):
65530


/proc/sys/kernel/pid_max (system-wide limit on number of process identifiers):
4194304



container (cgroup) information:
container_type: cgroupv1
cpu_cpuset_cpus: 0-3
cpu_memory_nodes: 0
active_processor_count: 4
cpu_quota: -1
cpu_period: 100000
cpu_shares: -1
memory_limit_in_bytes: -1
memory_and_swap_limit_in_bytes: -2
memory_soft_limit_in_bytes: -1
memory_usage_in_bytes: 3150393344
memory_max_usage_in_bytes: 3239968768

Steal ticks since vm start: 0
Steal ticks percentage since vm start:  0.000

CPU:total 4 (initial active 4) (2 cores per cpu, 2 threads per core) family 6 model 61 stepping 4, cmov, cx8, fxsr, mmx, sse, sse2, sse3, ssse3, sse4.1, sse4.2, popcnt, avx, avx2, aes, clmul, erms, 3dnowpref, lzcnt, ht, tsc, tscinvbit, bmi1, bmi2, adx, fma
CPU Model and flags from /proc/cpuinfo:
model name	: Intel(R) Core(TM) i3-5005U CPU @ 2.00GHz
flags		: fpu vme de pse tsc msr pae mce cx8 apic sep mtrr pge mca cmov pat pse36 clflush dts acpi mmx fxsr sse sse2 ss ht tm pbe syscall nx pdpe1gb rdtscp lm constant_tsc arch_perfmon pebs bts rep_good nopl xtopology nonstop_tsc cpuid aperfmperf pni pclmulqdq dtes64 monitor ds_cpl vmx est tm2 ssse3 sdbg fma cx16 xtpr pdcm pcid sse4_1 sse4_2 x2apic movbe popcnt tsc_deadline_timer aes xsave avx f16c rdrand lahf_lm abm 3dnowprefetch cpuid_fault epb invpcid_single pti ssbd ibrs ibpb stibp tpr_shadow vnmi flexpriority ept vpid ept_ad fsgsbase tsc_adjust bmi1 avx2 smep bmi2 erms invpcid rdseed adx smap intel_pt xsaveopt dtherm arat pln pts md_clear flush_l1d

Memory: 4k page, physical 3943120k(118960k free), swap 3906556k(2326524k free)

vm_info: OpenJDK 64-Bit Server VM (11.0.7+10-post-Ubuntu-3ubuntu1) for linux-amd64 JRE (11.0.7+10-post-Ubuntu-3ubuntu1), built on Apr 16 2020 12:54:17 by "unknown" with gcc 9.3.0

END.
