#
# A fatal error has been detected by the Java Runtime Environment:
#
#  SIGSEGV (0xb) at pc=0x00007f79d22870ad, pid=4857, tid=4875
#
# JRE version: OpenJDK Runtime Environment (11.0.7+10) (build 11.0.7+10-post-Ubuntu-3ubuntu1)
# Java VM: OpenJDK 64-Bit Server VM (11.0.7+10-post-Ubuntu-3ubuntu1, mixed mode, sharing, tiered, compressed oops, g1 gc, linux-amd64)
# Problematic frame:
# C  [libjimage.so+0x30ad]
#
# Core dump will be written. Default location: Core dumps may be processed with "/usr/share/apport/apport %p %s %c %d %P %E" (or dumping to /home/mayank/eclipse-workspace/employee-api/core.4857)
#
# If you would like to submit a bug report, please visit:
#   https://bugs.launchpad.net/ubuntu/+source/openjdk-lts
#

---------------  S U M M A R Y ------------

Command Line: -agentlib:jdwp=transport=dt_socket,suspend=y,address=localhost:32907 -javaagent:/home/mayank/.eclipse/360744286_linux_gtk_x86_64/configuration/org.eclipse.osgi/222/0/.cp/lib/javaagent-shaded.jar -Dfile.encoding=UTF-8 com.mayank.employeemanagement.EmployeeManagementAPI

Host: Intel(R) Core(TM) i3-5005U CPU @ 2.00GHz, 4 cores, 3G, Ubuntu 20.04 LTS
Time: Sun May  3 23:58:04 2020 IST elapsed time: 27636 seconds (0d 7h 40m 36s)

---------------  T H R E A D  ---------------

Current thread (0x00007f79cc130800):  JavaThread "Signal Dispatcher" daemon [_thread_in_vm, id=4875, stack(0x00007f79b4283000,0x00007f79b4384000)]

Stack: [0x00007f79b4283000,0x00007f79b4384000],  sp=0x00007f79b43811f0,  free space=1016k
Native frames: (J=compiled Java code, A=aot compiled Java code, j=interpreted, Vv=VM code, C=native code)
C  [libjimage.so+0x30ad]
C  [libjimage.so+0x3da2]
C  [libjimage.so+0x42b1]  JIMAGE_FindResource+0xf1
V  [libjvm.so+0x57f081]
V  [libjvm.so+0x581831]
V  [libjvm.so+0xceb11d]
V  [libjvm.so+0xce9caa]
V  [libjvm.so+0xcec26b]
V  [libjvm.so+0x62ebfe]
V  [libjvm.so+0x81b1d6]
j  jdk.internal.misc.Signal.dispatch(I)V+25 java.base@11.0.7
v  ~StubRoutines::call_stub
V  [libjvm.so+0x823ba9]
V  [libjvm.so+0x822bc2]
V  [libjvm.so+0xb7d86e]
V  [libjvm.so+0xd21d3f]
V  [libjvm.so+0xd1e610]
V  [libjvm.so+0xb8e5e6]

Java frames: (J=compiled Java code, j=interpreted, Vv=VM code)
j  jdk.internal.misc.Signal.dispatch(I)V+25 java.base@11.0.7
v  ~StubRoutines::call_stub

siginfo: si_signo: 11 (SIGSEGV), si_code: 1 (SEGV_MAPERR), si_addr: 0x00007f79c391b498

Register to memory mapping:

RAX=0x000000000000391f is an unknown value
RBX=0x00007f79b43812a1 is pointing into the stack for thread: 0x00007f79cc130800
RCX=0x00007f79b43812c3 is pointing into the stack for thread: 0x00007f79cc130800
RDX=0x000000000000391f is an unknown value
RSP=0x00007f79b43811f0 is pointing into the stack for thread: 0x00007f79cc130800
RBP=0x00007f79b4381210 is pointing into the stack for thread: 0x00007f79cc130800
RSI=0x0 is NULL
RDI=0x00007f79d228c130: <offset 0x0000000000008130> in /usr/lib/jvm/java-11-openjdk-amd64/lib/libjimage.so at 0x00007f79d2284000
R8 =0x00007f79c390d01c is an unknown value
R9 =0x00007f79b43820b0 is pointing into the stack for thread: 0x00007f79cc130800
R10=0x00007f79d35cad28: <offset 0x0000000000e45d28> in /usr/lib/jvm/java-11-openjdk-amd64/lib/server/libjvm.so at 0x00007f79d2785000
R11=0x00007f79b4382418 is pointing into the stack for thread: 0x00007f79cc130800
R12=0x00000000000083ac is an unknown value
R13=0x00007f79b43812a0 is pointing into the stack for thread: 0x00007f79cc130800
R14=0x0 is NULL
R15=0x00007f79cc131450 points into unknown readable memory: 6a 64 6b 2f 69 6e 74 65


Registers:
RAX=0x000000000000391f, RBX=0x00007f79b43812a1, RCX=0x00007f79b43812c3, RDX=0x000000000000391f
RSP=0x00007f79b43811f0, RBP=0x00007f79b4381210, RSI=0x0000000000000000, RDI=0x00007f79d228c130
R8 =0x00007f79c390d01c, R9 =0x00007f79b43820b0, R10=0x00007f79d35cad28, R11=0x00007f79b4382418
R12=0x00000000000083ac, R13=0x00007f79b43812a0, R14=0x0000000000000000, R15=0x00007f79cc131450
RIP=0x00007f79d22870ad, EFLAGS=0x0000000000010246, CSGSFS=0x002b000000000033, ERR=0x0000000000000004
  TRAPNO=0x000000000000000e

Top of Stack: (sp=0x00007f79b43811f0)
0x00007f79b43811f0:   0000000000000000 00007f79b4382338
0x00007f79b4381200:   00007f79cc025390 00007f79b43812a0
0x00007f79b4381210:   00007f79b4381280 00007f79d2287da2
0x00007f79b4381220:   0000000000000000 0000000000000000 

Instructions: (pc=0x00007f79d22870ad)
0x00007f79d2286fad:   f3 ff ff 44 03 65 90 e9 3f fe ff ff 0f 1f 80 00
0x00007f79d2286fbd:   00 00 00 41 8b 10 41 89 55 00 41 8b 54 00 fc 41
0x00007f79d2286fcd:   89 54 05 fc e9 82 fc ff ff 66 2e 0f 1f 84 00 00
0x00007f79d2286fdd:   00 00 00 b9 0a 00 00 00 e9 f0 fc ff ff 41 0f b7
0x00007f79d2286fed:   54 00 fe 66 41 89 54 05 fe e9 5d fc ff ff 0f 1f
0x00007f79d2286ffd:   44 00 00 f3 0f 1e fa 0f b6 17 89 f0 89 f1 4c 8d
0x00007f79d228700d:   47 01 84 d2 74 1c 0f 1f 44 00 00 69 c9 93 01 00
0x00007f79d228701d:   01 49 83 c0 01 31 d1 41 0f b6 50 ff 84 d2 75 eb
0x00007f79d228702d:   89 c8 25 ff ff ff 7f c3 90 66 2e 0f 1f 84 00 00
0x00007f79d228703d:   00 00 00 f3 0f 1e fa 48 85 d2 0f 84 da 00 00 00
0x00007f79d228704d:   55 48 89 e5 41 55 41 54 41 89 cc 53 48 83 ec 08
0x00007f79d228705d:   85 c9 0f 84 ba 00 00 00 49 89 f5 48 8d 5e 01 0f
0x00007f79d228706d:   b6 36 49 89 d0 40 84 f6 0f 84 9d 00 00 00 48 89
0x00007f79d228707d:   d9 b8 93 01 00 01 0f 1f 44 00 00 69 d0 93 01 00
0x00007f79d228708d:   01 48 83 c1 01 40 0f b6 c6 0f b6 71 ff 31 d0 40
0x00007f79d228709d:   84 f6 75 e7 25 ff ff ff 7f 31 d2 41 f7 f4 89 d0
0x00007f79d22870ad:   41 8b 34 80 48 8b 07 ff 50 20 85 c0 7f 15 74 62
0x00007f79d22870bd:   f7 d0 41 89 c0 48 83 c4 08 44 89 c0 5b 41 5c 41
0x00007f79d22870cd:   5d 5d c3 41 0f b6 4d 00 89 c6 84 c9 74 1b 0f 1f
0x00007f79d22870dd:   44 00 00 69 f6 93 01 00 01 48 83 c3 01 31 ce 0f
0x00007f79d22870ed:   b6 4b ff 84 c9 75 ec 89 f0 25 ff ff ff 7f 31 d2
0x00007f79d22870fd:   48 83 c4 08 41 f7 f4 5b 41 5c 41 5d 5d 41 89 d0
0x00007f79d228710d:   44 89 c0 c3 0f 1f 80 00 00 00 00 b8 93 01 00 01
0x00007f79d228711d:   eb 87 41 b8 ff ff ff ff eb 9b 41 83 c8 ff 44 89
0x00007f79d228712d:   c0 c3 90 f3 0f 1e fa eb 1d 66 2e 0f 1f 84 00 00
0x00007f79d228713d:   00 00 00 0f b6 16 84 d2 74 13 38 c2 75 15 48 83
0x00007f79d228714d:   c7 01 48 83 c6 01 0f b6 07 84 c0 75 e6 48 89 f8
0x00007f79d228715d:   c3 66 90 31 c0 c3 90 66 66 2e 0f 1f 84 00 00 00
0x00007f79d228716d:   00 00 90 f3 0f 1e fa 48 85 f6 74 51 0f b6 06 84
0x00007f79d228717d:   c0 74 4a 0f b6 d0 83 e0 07 c1 fa 03 44 8d 50 01
0x00007f79d228718d:   0f b6 c0 41 89 d1 4c 8d 44 06 02 48 8d 56 01 31
0x00007f79d228719d:   c0 66 90 0f b6 0a 48 c1 e0 08 48 83 c2 01 48 09 


Stack slot to memory mapping:
stack at sp + 0 slots: 0x0 is NULL
stack at sp + 1 slots: 0x00007f79b4382338 is pointing into the stack for thread: 0x00007f79cc130800
stack at sp + 2 slots: 0x00007f79cc025390 points into unknown readable memory: 80 40 00 70 79 7f 00 00
stack at sp + 3 slots: 0x00007f79b43812a0 is pointing into the stack for thread: 0x00007f79cc130800
stack at sp + 4 slots: 0x00007f79b4381280 is pointing into the stack for thread: 0x00007f79cc130800
stack at sp + 5 slots: 0x00007f79d2287da2: <offset 0x0000000000003da2> in /usr/lib/jvm/java-11-openjdk-amd64/lib/libjimage.so at 0x00007f79d2284000
stack at sp + 6 slots: 0x0 is NULL
stack at sp + 7 slots: 0x0 is NULL


---------------  P R O C E S S  ---------------

Threads class SMR info:
_java_thread_list=0x00007f797400aca0, length=30, elements={
0x00007f79cc129000, 0x00007f79cc12b000, 0x00007f79cc130800, 0x00007f79cc133000,
0x00007f79cc135000, 0x00007f79cc137000, 0x00007f79cc144800, 0x00007f79cc187000,
0x00007f79cc18a800, 0x00007f79cc43b000, 0x00007f79cd16f000, 0x00007f79584d5800,
0x00007f79cd174000, 0x00007f79cd18b800, 0x00007f79cd333800, 0x00007f79cd9f7000,
0x00007f79cd9df800, 0x00007f79cd9d3800, 0x00007f79cd9fb800, 0x00007f79cd9fd000,
0x00007f79cd9ff000, 0x00007f79cda01000, 0x00007f79cda03000, 0x00007f79cda05000,
0x00007f79cda07000, 0x00007f79cda09000, 0x00007f79cda11000, 0x00007f79cda15800,
0x00007f79cda18800, 0x00007f79cc018800
}

Java Threads: ( => current thread )
  0x00007f79cc129000 JavaThread "Reference Handler" daemon [_thread_blocked, id=4873, stack(0x00007f79b4485000,0x00007f79b4586000)]
  0x00007f79cc12b000 JavaThread "Finalizer" daemon [_thread_blocked, id=4874, stack(0x00007f79b4384000,0x00007f79b4485000)]
=>0x00007f79cc130800 JavaThread "Signal Dispatcher" daemon [_thread_in_vm, id=4875, stack(0x00007f79b4283000,0x00007f79b4384000)]
  0x00007f79cc133000 JavaThread "C2 CompilerThread0" daemon [_thread_blocked, id=4876, stack(0x00007f79b4182000,0x00007f79b4283000)]
  0x00007f79cc135000 JavaThread "C1 CompilerThread0" daemon [_thread_blocked, id=4877, stack(0x00007f79b4081000,0x00007f79b4182000)]
  0x00007f79cc137000 JavaThread "Sweeper thread" daemon [_thread_blocked, id=4878, stack(0x00007f79ac7ef000,0x00007f79ac8f0000)]
  0x00007f79cc144800 JavaThread "Common-Cleaner" daemon [_thread_blocked, id=4879, stack(0x00007f79ac6ee000,0x00007f79ac7ef000)]
  0x00007f79cc187000 JavaThread "JDWP Transport Listener: dt_socket" daemon [_thread_in_native, id=4881, stack(0x00007f79ac5ed000,0x00007f79ac6ee000)]
  0x00007f79cc18a800 JavaThread "JDWP Event Helper Thread" daemon [_thread_blocked, id=4882, stack(0x00007f79ac4ec000,0x00007f79ac5ed000)]
  0x00007f79cc43b000 JavaThread "Service Thread" daemon [_thread_blocked, id=4887, stack(0x00007f79ac2ea000,0x00007f79ac3eb000)]
  0x00007f79cd16f000 JavaThread "Catalina-utility-1" [_thread_blocked, id=4897, stack(0x00007f798e9a1000,0x00007f798eaa2000)]
  0x00007f79584d5800 JavaThread "Catalina-utility-2" [_thread_blocked, id=4898, stack(0x00007f798eb1d000,0x00007f798ec1e000)]
  0x00007f79cd174000 JavaThread "container-0" [_thread_blocked, id=4899, stack(0x00007f798d6a0000,0x00007f798d7a1000)]
  0x00007f79cd18b800 JavaThread "mysql-cj-abandoned-connection-cleanup" daemon [_thread_blocked, id=4900, stack(0x00007f798d59f000,0x00007f798d6a0000)]
  0x00007f79cd333800 JavaThread "HikariPool-1 housekeeper" daemon [_thread_blocked, id=4903, stack(0x00007f798ce9e000,0x00007f798cf9f000)]
  0x00007f79cd9f7000 JavaThread "NioBlockingSelector.BlockPoller-1" daemon [_thread_in_native, id=4915, stack(0x00007f798cd9d000,0x00007f798ce9e000)]
  0x00007f79cd9df800 JavaThread "http-nio-8080-exec-1" daemon [_thread_blocked, id=4916, stack(0x00007f798c09c000,0x00007f798c19d000)]
  0x00007f79cd9d3800 JavaThread "http-nio-8080-exec-2" daemon [_thread_blocked, id=4917, stack(0x00007f793f8ff000,0x00007f793fa00000)]
  0x00007f79cd9fb800 JavaThread "http-nio-8080-exec-3" daemon [_thread_blocked, id=4918, stack(0x00007f793f7fe000,0x00007f793f8ff000)]
  0x00007f79cd9fd000 JavaThread "http-nio-8080-exec-4" daemon [_thread_blocked, id=4919, stack(0x00007f793f6fd000,0x00007f793f7fe000)]
  0x00007f79cd9ff000 JavaThread "http-nio-8080-exec-5" daemon [_thread_blocked, id=4920, stack(0x00007f793f5fc000,0x00007f793f6fd000)]
  0x00007f79cda01000 JavaThread "http-nio-8080-exec-6" daemon [_thread_blocked, id=4921, stack(0x00007f793f4fb000,0x00007f793f5fc000)]
  0x00007f79cda03000 JavaThread "http-nio-8080-exec-7" daemon [_thread_blocked, id=4922, stack(0x00007f793f3fa000,0x00007f793f4fb000)]
  0x00007f79cda05000 JavaThread "http-nio-8080-exec-8" daemon [_thread_blocked, id=4923, stack(0x00007f793f2f9000,0x00007f793f3fa000)]
  0x00007f79cda07000 JavaThread "http-nio-8080-exec-9" daemon [_thread_blocked, id=4924, stack(0x00007f793f1f8000,0x00007f793f2f9000)]
  0x00007f79cda09000 JavaThread "http-nio-8080-exec-10" daemon [_thread_blocked, id=4925, stack(0x00007f793f0f7000,0x00007f793f1f8000)]
  0x00007f79cda11000 JavaThread "http-nio-8080-ClientPoller-0" daemon [_thread_in_native, id=4926, stack(0x00007f793eff6000,0x00007f793f0f7000)]
  0x00007f79cda15800 JavaThread "http-nio-8080-ClientPoller-1" daemon [_thread_in_native, id=4927, stack(0x00007f793eef5000,0x00007f793eff6000)]
  0x00007f79cda18800 JavaThread "http-nio-8080-Acceptor-0" daemon [_thread_in_native, id=4928, stack(0x00007f793edf4000,0x00007f793eef5000)]
  0x00007f79cc018800 JavaThread "DestroyJavaVM" [_thread_blocked, id=4859, stack(0x00007f79d2339000,0x00007f79d243a000)]

Other Threads:
  0x00007f79cc126000 VMThread "VM Thread" [stack: 0x00007f79b4588000,0x00007f79b4688000] [id=4872]
  0x00007f79cc43d000 WatcherThread [stack: 0x00007f79ac1ea000,0x00007f79ac2ea000] [id=4888]
  0x00007f79cc031000 GCTaskThread "GC Thread#0" [stack: 0x00007f79d1fa0000,0x00007f79d20a0000] [id=4867]
  0x00007f799c001000 GCTaskThread "GC Thread#1" [stack: 0x00007f79ac0e8000,0x00007f79ac1e8000] [id=4889]
  0x00007f799c18b800 GCTaskThread "GC Thread#2" [stack: 0x00007f798f122000,0x00007f798f222000] [id=4891]
  0x00007f799c18c800 GCTaskThread "GC Thread#3" [stack: 0x00007f798f020000,0x00007f798f120000] [id=4892]
  0x00007f79cc04b800 ConcurrentGCThread "G1 Main Marker" [stack: 0x00007f79d05c3000,0x00007f79d06c3000] [id=4868]
  0x00007f79cc04d800 ConcurrentGCThread "G1 Conc#0" [stack: 0x00007f79d04c1000,0x00007f79d05c1000] [id=4869]
  0x00007f79cc091000 ConcurrentGCThread "G1 Refine#0" [stack: 0x00007f79b480d000,0x00007f79b490d000] [id=4870]
  0x00007f79cc093000 ConcurrentGCThread "G1 Young RemSet Sampling" [stack: 0x00007f79b470b000,0x00007f79b480b000] [id=4871]

Threads with active compile tasks:

VM state:not at safepoint (normal execution)

VM Mutex/Monitor currently owned by a thread: None

Heap address: 0x00000000c3c00000, size: 964 MB, Compressed Oops mode: 32-bit
Narrow klass base: 0x0000000800000000, Narrow klass shift: 3
Compressed class space size: 1073741824 Address: 0x0000000840000000

Heap:
 garbage-first heap   total 95232K, used 52559K [0x00000000c3c00000, 0x0000000100000000)
  region size 1024K, 4 young (4096K), 3 survivors (3072K)
 Metaspace       used 61424K, capacity 62659K, committed 63308K, reserved 1103872K
  class space    used 7877K, capacity 8345K, committed 8524K, reserved 1048576K
Heap Regions: E=young(eden), S=young(survivor), O=old, HS=humongous(starts), HC=humongous(continues), CS=collection set, F=free, A=archive, TAMS=top-at-mark-start (previous, next)
|   0|0x00000000c3c00000, 0x00000000c3d00000, 0x00000000c3d00000|100%|HS|  |TAMS 0x00000000c3d00000, 0x00000000c3c00000| Complete 
|   1|0x00000000c3d00000, 0x00000000c3e00000, 0x00000000c3e00000|100%| O|  |TAMS 0x00000000c3e00000, 0x00000000c3d00000| Untracked 
|   2|0x00000000c3e00000, 0x00000000c3f00000, 0x00000000c3f00000|100%| O|  |TAMS 0x00000000c3f00000, 0x00000000c3e00000| Untracked 
|   3|0x00000000c3f00000, 0x00000000c4000000, 0x00000000c4000000|100%| O|  |TAMS 0x00000000c4000000, 0x00000000c3f00000| Untracked 
|   4|0x00000000c4000000, 0x00000000c4100000, 0x00000000c4100000|100%| O|  |TAMS 0x00000000c4100000, 0x00000000c4000000| Untracked 
|   5|0x00000000c4100000, 0x00000000c4200000, 0x00000000c4200000|100%| O|  |TAMS 0x00000000c4200000, 0x00000000c4100000| Complete 
|   6|0x00000000c4200000, 0x00000000c4300000, 0x00000000c4300000|100%| O|  |TAMS 0x00000000c4300000, 0x00000000c4200000| Complete 
|   7|0x00000000c4300000, 0x00000000c4400000, 0x00000000c4400000|100%| O|  |TAMS 0x00000000c4400000, 0x00000000c4300000| Complete 
|   8|0x00000000c4400000, 0x00000000c4500000, 0x00000000c4500000|100%| O|  |TAMS 0x00000000c4500000, 0x00000000c4400000| Complete 
|   9|0x00000000c4500000, 0x00000000c4600000, 0x00000000c4600000|100%| O|  |TAMS 0x00000000c4600000, 0x00000000c4500000| Complete 
|  10|0x00000000c4600000, 0x00000000c4700000, 0x00000000c4700000|100%| O|  |TAMS 0x00000000c4700000, 0x00000000c4600000| Complete 
|  11|0x00000000c4700000, 0x00000000c4800000, 0x00000000c4800000|100%| O|  |TAMS 0x00000000c4800000, 0x00000000c4700000| Untracked 
|  12|0x00000000c4800000, 0x00000000c48a2e00, 0x00000000c4900000| 63%| O|  |TAMS 0x00000000c48a2e00, 0x00000000c4800000| Untracked 
|  13|0x00000000c4900000, 0x00000000c4a00000, 0x00000000c4a00000|100%| O|  |TAMS 0x00000000c4a00000, 0x00000000c4900000| Complete 
|  14|0x00000000c4a00000, 0x00000000c4b00000, 0x00000000c4b00000|100%| O|  |TAMS 0x00000000c4b00000, 0x00000000c4a00000| Untracked 
|  15|0x00000000c4b00000, 0x00000000c4c00000, 0x00000000c4c00000|100%| O|  |TAMS 0x00000000c4c00000, 0x00000000c4b00000| Untracked 
|  16|0x00000000c4c00000, 0x00000000c4d00000, 0x00000000c4d00000|100%| O|  |TAMS 0x00000000c4d00000, 0x00000000c4c00000| Untracked 
|  17|0x00000000c4d00000, 0x00000000c4e00000, 0x00000000c4e00000|100%| O|  |TAMS 0x00000000c4e00000, 0x00000000c4d00000| Complete 
|  18|0x00000000c4e00000, 0x00000000c4f00000, 0x00000000c4f00000|100%| O|  |TAMS 0x00000000c4f00000, 0x00000000c4e00000| Complete 
|  19|0x00000000c4f00000, 0x00000000c5000000, 0x00000000c5000000|100%| O|  |TAMS 0x00000000c5000000, 0x00000000c4f00000| Complete 
|  20|0x00000000c5000000, 0x00000000c5100000, 0x00000000c5100000|100%| O|  |TAMS 0x00000000c5100000, 0x00000000c5000000| Untracked 
|  21|0x00000000c5100000, 0x00000000c5200000, 0x00000000c5200000|100%| O|  |TAMS 0x00000000c5200000, 0x00000000c5100000| Untracked 
|  22|0x00000000c5200000, 0x00000000c5300000, 0x00000000c5300000|100%| O|  |TAMS 0x00000000c5300000, 0x00000000c5200000| Complete 
|  23|0x00000000c5300000, 0x00000000c5300000, 0x00000000c5400000|  0%| F|  |TAMS 0x00000000c5300000, 0x00000000c5300000| Untracked 
|  24|0x00000000c5400000, 0x00000000c5400000, 0x00000000c5500000|  0%| F|  |TAMS 0x00000000c5400000, 0x00000000c5400000| Untracked 
|  25|0x00000000c5500000, 0x00000000c5500000, 0x00000000c5600000|  0%| F|  |TAMS 0x00000000c5500000, 0x00000000c5500000| Untracked 
|  26|0x00000000c5600000, 0x00000000c5700000, 0x00000000c5700000|100%| O|  |TAMS 0x00000000c5700000, 0x00000000c5600000| Complete 
|  27|0x00000000c5700000, 0x00000000c5800000, 0x00000000c5800000|100%| O|  |TAMS 0x00000000c5800000, 0x00000000c5700000| Complete 
|  28|0x00000000c5800000, 0x00000000c5900000, 0x00000000c5900000|100%| O|  |TAMS 0x00000000c5900000, 0x00000000c5800000| Complete 
|  29|0x00000000c5900000, 0x00000000c5a00000, 0x00000000c5a00000|100%| O|  |TAMS 0x00000000c5a00000, 0x00000000c5900000| Complete 
|  30|0x00000000c5a00000, 0x00000000c5b00000, 0x00000000c5b00000|100%| O|  |TAMS 0x00000000c5b00000, 0x00000000c5a00000| Complete 
|  31|0x00000000c5b00000, 0x00000000c5c00000, 0x00000000c5c00000|100%| O|  |TAMS 0x00000000c5c00000, 0x00000000c5b00000| Complete 
|  32|0x00000000c5c00000, 0x00000000c5c00000, 0x00000000c5d00000|  0%| F|  |TAMS 0x00000000c5c00000, 0x00000000c5c00000| Untracked 
|  33|0x00000000c5d00000, 0x00000000c5e00000, 0x00000000c5e00000|100%| O|  |TAMS 0x00000000c5e00000, 0x00000000c5d00000| Complete 
|  34|0x00000000c5e00000, 0x00000000c5f00000, 0x00000000c5f00000|100%| O|  |TAMS 0x00000000c5f00000, 0x00000000c5e00000| Untracked 
|  35|0x00000000c5f00000, 0x00000000c5f00000, 0x00000000c6000000|  0%| F|  |TAMS 0x00000000c5f00000, 0x00000000c5f00000| Untracked 
|  36|0x00000000c6000000, 0x00000000c6100000, 0x00000000c6100000|100%| O|  |TAMS 0x00000000c6100000, 0x00000000c6000000| Untracked 
|  37|0x00000000c6100000, 0x00000000c6200000, 0x00000000c6200000|100%| O|  |TAMS 0x00000000c6200000, 0x00000000c6100000| Complete 
|  38|0x00000000c6200000, 0x00000000c6200000, 0x00000000c6300000|  0%| F|  |TAMS 0x00000000c6200000, 0x00000000c6200000| Untracked 
|  39|0x00000000c6300000, 0x00000000c6400000, 0x00000000c6400000|100%| O|  |TAMS 0x00000000c6400000, 0x00000000c6300000| Untracked 
|  40|0x00000000c6400000, 0x00000000c6500000, 0x00000000c6500000|100%| O|  |TAMS 0x00000000c6500000, 0x00000000c6400000| Untracked 
|  41|0x00000000c6500000, 0x00000000c6500000, 0x00000000c6600000|  0%| F|  |TAMS 0x00000000c6500000, 0x00000000c6500000| Untracked 
|  42|0x00000000c6600000, 0x00000000c6700000, 0x00000000c6700000|100%| O|  |TAMS 0x00000000c6700000, 0x00000000c6600000| Complete 
|  43|0x00000000c6700000, 0x00000000c6800000, 0x00000000c6800000|100%| O|  |TAMS 0x00000000c6800000, 0x00000000c6700000| Complete 
|  44|0x00000000c6800000, 0x00000000c6800000, 0x00000000c6900000|  0%| F|  |TAMS 0x00000000c6800000, 0x00000000c6800000| Untracked 
|  45|0x00000000c6900000, 0x00000000c6a00000, 0x00000000c6a00000|100%| O|  |TAMS 0x00000000c6a00000, 0x00000000c6900000| Complete 
|  46|0x00000000c6a00000, 0x00000000c6b00000, 0x00000000c6b00000|100%| O|  |TAMS 0x00000000c6b00000, 0x00000000c6a00000| Complete 
|  47|0x00000000c6b00000, 0x00000000c6c00000, 0x00000000c6c00000|100%| O|  |TAMS 0x00000000c6c00000, 0x00000000c6b00000| Untracked 
|  48|0x00000000c6c00000, 0x00000000c6d00000, 0x00000000c6d00000|100%| O|  |TAMS 0x00000000c6d00000, 0x00000000c6c00000| Untracked 
|  49|0x00000000c6d00000, 0x00000000c6e00000, 0x00000000c6e00000|100%| O|  |TAMS 0x00000000c6e00000, 0x00000000c6d00000| Complete 
|  50|0x00000000c6e00000, 0x00000000c6f00000, 0x00000000c6f00000|100%| O|  |TAMS 0x00000000c6f00000, 0x00000000c6e00000| Complete 
|  51|0x00000000c6f00000, 0x00000000c7000000, 0x00000000c7000000|100%| O|  |TAMS 0x00000000c7000000, 0x00000000c6f00000| Complete 
|  52|0x00000000c7000000, 0x00000000c7100000, 0x00000000c7100000|100%| O|  |TAMS 0x00000000c7100000, 0x00000000c7000000| Complete 
|  53|0x00000000c7100000, 0x00000000c7100000, 0x00000000c7200000|  0%| F|  |TAMS 0x00000000c7100000, 0x00000000c7100000| Untracked 
|  54|0x00000000c7200000, 0x00000000c7300000, 0x00000000c7300000|100%| O|  |TAMS 0x00000000c7300000, 0x00000000c7200000| Complete 
|  55|0x00000000c7300000, 0x00000000c7400000, 0x00000000c7400000|100%| O|  |TAMS 0x00000000c7400000, 0x00000000c7300000| Complete 
|  56|0x00000000c7400000, 0x00000000c7400000, 0x00000000c7500000|  0%| F|  |TAMS 0x00000000c7400000, 0x00000000c7400000| Untracked 
|  57|0x00000000c7500000, 0x00000000c7500000, 0x00000000c7600000|  0%| F|  |TAMS 0x00000000c7500000, 0x00000000c7500000| Untracked 
|  58|0x00000000c7600000, 0x00000000c7600000, 0x00000000c7700000|  0%| F|  |TAMS 0x00000000c7600000, 0x00000000c7600000| Untracked 
|  59|0x00000000c7700000, 0x00000000c7800000, 0x00000000c7800000|100%| O|  |TAMS 0x00000000c7800000, 0x00000000c7700000| Complete 
|  60|0x00000000c7800000, 0x00000000c7800000, 0x00000000c7900000|  0%| F|  |TAMS 0x00000000c7800000, 0x00000000c7800000| Untracked 
|  61|0x00000000c7900000, 0x00000000c7900000, 0x00000000c7a00000|  0%| F|  |TAMS 0x00000000c7900000, 0x00000000c7900000| Untracked 
|  62|0x00000000c7a00000, 0x00000000c7a00000, 0x00000000c7b00000|  0%| F|  |TAMS 0x00000000c7a00000, 0x00000000c7a00000| Untracked 
|  63|0x00000000c7b00000, 0x00000000c7b00000, 0x00000000c7c00000|  0%| F|  |TAMS 0x00000000c7b00000, 0x00000000c7b00000| Untracked 
|  64|0x00000000c7c00000, 0x00000000c7c00000, 0x00000000c7d00000|  0%| F|  |TAMS 0x00000000c7c00000, 0x00000000c7c00000| Untracked 
|  65|0x00000000c7d00000, 0x00000000c7d00000, 0x00000000c7e00000|  0%| F|  |TAMS 0x00000000c7d00000, 0x00000000c7d00000| Untracked 
|  66|0x00000000c7e00000, 0x00000000c7e00000, 0x00000000c7f00000|  0%| F|  |TAMS 0x00000000c7e00000, 0x00000000c7e00000| Untracked 
|  67|0x00000000c7f00000, 0x00000000c7f00000, 0x00000000c8000000|  0%| F|  |TAMS 0x00000000c7f00000, 0x00000000c7f00000| Untracked 
|  68|0x00000000c8000000, 0x00000000c8100000, 0x00000000c8100000|100%| S|CS|TAMS 0x00000000c8000000, 0x00000000c8000000| Complete 
|  69|0x00000000c8100000, 0x00000000c8200000, 0x00000000c8200000|100%| S|CS|TAMS 0x00000000c8100000, 0x00000000c8100000| Complete 
|  70|0x00000000c8200000, 0x00000000c8300000, 0x00000000c8300000|100%| S|CS|TAMS 0x00000000c8200000, 0x00000000c8200000| Complete 
|  71|0x00000000c8300000, 0x00000000c8300000, 0x00000000c8400000|  0%| F|  |TAMS 0x00000000c8300000, 0x00000000c8300000| Untracked 
|  72|0x00000000c8400000, 0x00000000c8400000, 0x00000000c8500000|  0%| F|  |TAMS 0x00000000c8400000, 0x00000000c8400000| Untracked 
|  73|0x00000000c8500000, 0x00000000c8500000, 0x00000000c8600000|  0%| F|  |TAMS 0x00000000c8500000, 0x00000000c8500000| Untracked 
|  74|0x00000000c8600000, 0x00000000c8600000, 0x00000000c8700000|  0%| F|  |TAMS 0x00000000c8600000, 0x00000000c8600000| Untracked 
|  75|0x00000000c8700000, 0x00000000c8700000, 0x00000000c8800000|  0%| F|  |TAMS 0x00000000c8700000, 0x00000000c8700000| Untracked 
|  76|0x00000000c8800000, 0x00000000c8800000, 0x00000000c8900000|  0%| F|  |TAMS 0x00000000c8800000, 0x00000000c8800000| Untracked 
|  77|0x00000000c8900000, 0x00000000c8900000, 0x00000000c8a00000|  0%| F|  |TAMS 0x00000000c8900000, 0x00000000c8900000| Untracked 
|  78|0x00000000c8a00000, 0x00000000c8a00000, 0x00000000c8b00000|  0%| F|  |TAMS 0x00000000c8a00000, 0x00000000c8a00000| Untracked 
|  79|0x00000000c8b00000, 0x00000000c8b00000, 0x00000000c8c00000|  0%| F|  |TAMS 0x00000000c8b00000, 0x00000000c8b00000| Untracked 
|  80|0x00000000c8c00000, 0x00000000c8c00000, 0x00000000c8d00000|  0%| F|  |TAMS 0x00000000c8c00000, 0x00000000c8c00000| Untracked 
|  81|0x00000000c8d00000, 0x00000000c8d00000, 0x00000000c8e00000|  0%| F|  |TAMS 0x00000000c8d00000, 0x00000000c8d00000| Untracked 
|  82|0x00000000c8e00000, 0x00000000c8e00000, 0x00000000c8f00000|  0%| F|  |TAMS 0x00000000c8e00000, 0x00000000c8e00000| Untracked 
|  83|0x00000000c8f00000, 0x00000000c8f00000, 0x00000000c9000000|  0%| F|  |TAMS 0x00000000c8f00000, 0x00000000c8f00000| Untracked 
|  84|0x00000000c9000000, 0x00000000c9000000, 0x00000000c9100000|  0%| F|  |TAMS 0x00000000c9000000, 0x00000000c9000000| Untracked 
|  85|0x00000000c9100000, 0x00000000c9100000, 0x00000000c9200000|  0%| F|  |TAMS 0x00000000c9100000, 0x00000000c9100000| Untracked 
|  86|0x00000000c9200000, 0x00000000c9200000, 0x00000000c9300000|  0%| F|  |TAMS 0x00000000c9200000, 0x00000000c9200000| Untracked 
|  87|0x00000000c9300000, 0x00000000c9300000, 0x00000000c9400000|  0%| F|  |TAMS 0x00000000c9300000, 0x00000000c9300000| Untracked 
|  88|0x00000000c9400000, 0x00000000c9400000, 0x00000000c9500000|  0%| F|  |TAMS 0x00000000c9400000, 0x00000000c9400000| Untracked 
|  89|0x00000000c9500000, 0x00000000c9500000, 0x00000000c9600000|  0%| F|  |TAMS 0x00000000c9500000, 0x00000000c9500000| Untracked 
|  90|0x00000000c9600000, 0x00000000c96ba1f0, 0x00000000c9700000| 72%| E|  |TAMS 0x00000000c9600000, 0x00000000c9600000| Complete 
| 962|0x00000000ffe00000, 0x00000000ffe47000, 0x00000000fff00000| 27%|OA|  |TAMS 0x00000000ffe47000, 0x00000000ffe00000| Untracked 
| 963|0x00000000fff00000, 0x00000000fff6a000, 0x0000000100000000| 41%|CA|  |TAMS 0x00000000fff6a000, 0x00000000fff00000| Untracked 

Card table byte_map: [0x00007f79d17d6000,0x00007f79d19b8000] _byte_map_base: 0x00007f79d11b8000

Marking Bits (Prev, Next): (CMBitMap*) 0x00007f79cc046ef8, (CMBitMap*) 0x00007f79cc046f30
 Prev Bits: [0x00007f79d06e4000, 0x00007f79d15f4000)
 Next Bits: [0x00007f79af0f0000, 0x00007f79b0000000)

Polling page: 0x00007f79d22fe000

Metaspace:

Usage:
  Non-class:     53.04 MB capacity,    52.29 MB ( 99%) used,   598.73 KB (  1%) free+waste,   168.88 KB ( <1%) overhead. 
      Class:      8.15 MB capacity,     7.69 MB ( 94%) used,   390.68 KB (  5%) free+waste,    76.44 KB ( <1%) overhead. 
       Both:     61.19 MB capacity,    59.98 MB ( 98%) used,   989.41 KB (  2%) free+waste,   245.31 KB ( <1%) overhead. 

Virtual space:
  Non-class space:       54.00 MB reserved,      53.50 MB (>99%) committed 
      Class space:        1.00 GB reserved,       8.32 MB ( <1%) committed 
             Both:        1.05 GB reserved,      61.82 MB (  6%) committed 

Chunk freelists:
   Non-Class:  470.00 KB
       Class:  173.00 KB
        Both:  643.00 KB

MaxMetaspaceSize: unlimited
CompressedClassSpaceSize: 1.00 GB

CodeHeap 'non-profiled nmethods': size=120032Kb used=4137Kb max_used=4702Kb free=115894Kb
 bounds [0x00007f79bc3d5000, 0x00007f79bc875000, 0x00007f79c390d000]
CodeHeap 'profiled nmethods': size=120032Kb used=14441Kb max_used=16261Kb free=105590Kb
 bounds [0x00007f79b4e9d000, 0x00007f79b5e8d000, 0x00007f79bc3d5000]
CodeHeap 'non-nmethods': size=5696Kb used=1312Kb max_used=1394Kb free=4383Kb
 bounds [0x00007f79b490d000, 0x00007f79b4b7d000, 0x00007f79b4e9d000]
 total_blobs=9856 nmethods=6349 adapters=535
 compilation: enabled
              stopped_count=0, restarted_count=0
 full_count=0

Compilation events (20 events):
Event: 26734.634 Thread 0x00007f79cc133000 nmethod 7622 0x00007f79bc454b90 code [0x00007f79bc454d40, 0x00007f79bc454ee8]
Event: 26734.634 Thread 0x00007f79cc135000 nmethod 7625 0x00007f79b4fe1210 code [0x00007f79b4fe16e0, 0x00007f79b4fe3518]
Event: 26734.634 Thread 0x00007f79cc135000 7626       3       com.sun.crypto.provider.GaloisCounterMode::<init> (90 bytes)
Event: 26734.635 Thread 0x00007f79cc135000 nmethod 7626 0x00007f79b4efe890 code [0x00007f79b4efeac0, 0x00007f79b4eff288]
Event: 26734.635 Thread 0x00007f79cc135000 7627       3       com.sun.crypto.provider.AESCipher::engineSetPadding (9 bytes)
Event: 26734.635 Thread 0x00007f79cc135000 nmethod 7627 0x00007f79b4ebb110 code [0x00007f79b4ebb2c0, 0x00007f79b4ebb488]
Event: 26734.635 Thread 0x00007f79cc135000 7628       3       com.sun.crypto.provider.CipherCore::setPadding (218 bytes)
Event: 26734.637 Thread 0x00007f79cc135000 nmethod 7628 0x00007f79b4fb4c10 code [0x00007f79b4fb5000, 0x00007f79b4fb6778]
Event: 26734.637 Thread 0x00007f79cc135000 7629       3       sun.security.ssl.SessionId::<init> (38 bytes)
Event: 26734.637 Thread 0x00007f79cc135000 nmethod 7629 0x00007f79b4ef8210 code [0x00007f79b4ef8400, 0x00007f79b4ef8a68]
Event: 26734.637 Thread 0x00007f79cc135000 7630       3       sun.security.ssl.RandomCookie::<init> (21 bytes)
Event: 26734.637 Thread 0x00007f79cc135000 nmethod 7630 0x00007f79b4ed6110 code [0x00007f79b4ed62e0, 0x00007f79b4ed6608]
Event: 26734.637 Thread 0x00007f79cc135000 7631       3       javax.net.ssl.ExtendedSSLSession::<init> (5 bytes)
Event: 26734.637 Thread 0x00007f79cc135000 nmethod 7631 0x00007f79b4ed7610 code [0x00007f79b4ed77c0, 0x00007f79b4ed7990]
Event: 26734.637 Thread 0x00007f79cc135000 7632       3       com.mysql.cj.protocol.a.authentication.CachingSha2PasswordPlugin::getProtocolPluginName (4 bytes)
Event: 26734.638 Thread 0x00007f79cc135000 nmethod 7632 0x00007f79b4ea9510 code [0x00007f79b4ea96c0, 0x00007f79b4ea9850]
Event: 26777.500 Thread 0x00007f79cc133000 7633       4       java.lang.Thread::setContextClassLoader (27 bytes)
Event: 26777.504 Thread 0x00007f79cc133000 nmethod 7633 0x00007f79bc454710 code [0x00007f79bc4548a0, 0x00007f79bc454a18]
Event: 26897.504 Thread 0x00007f79cc133000 7634       4       org.apache.catalina.core.StandardWrapper::backgroundProcess (38 bytes)
Event: 26897.508 Thread 0x00007f79cc133000 nmethod 7634 0x00007f79bc472290 code [0x00007f79bc472440, 0x00007f79bc472588]

GC Heap History (20 events):
Event: 17809.093 GC heap before
{Heap before GC invocations=39 (full 0):
 garbage-first heap   total 95232K, used 63483K [0x00000000c3c00000, 0x0000000100000000)
  region size 1024K, 4 young (4096K), 3 survivors (3072K)
 Metaspace       used 61273K, capacity 62560K, committed 63308K, reserved 1103872K
  class space    used 7880K, capacity 8350K, committed 8524K, reserved 1048576K
}
Event: 17809.100 GC heap after
{Heap after GC invocations=40 (full 0):
 garbage-first heap   total 95232K, used 54561K [0x00000000c3c00000, 0x0000000100000000)
  region size 1024K, 1 young (1024K), 1 survivors (1024K)
 Metaspace       used 61273K, capacity 62560K, committed 63308K, reserved 1103872K
  class space    used 7880K, capacity 8350K, committed 8524K, reserved 1048576K
}
Event: 17815.555 GC heap before
{Heap before GC invocations=40 (full 0):
 garbage-first heap   total 95232K, used 57633K [0x00000000c3c00000, 0x0000000100000000)
  region size 1024K, 4 young (4096K), 1 survivors (1024K)
 Metaspace       used 61276K, capacity 62560K, committed 63308K, reserved 1103872K
  class space    used 7880K, capacity 8350K, committed 8524K, reserved 1048576K
}
Event: 17815.561 GC heap after
{Heap after GC invocations=41 (full 0):
 garbage-first heap   total 95232K, used 52260K [0x00000000c3c00000, 0x0000000100000000)
  region size 1024K, 1 young (1024K), 1 survivors (1024K)
 Metaspace       used 61276K, capacity 62560K, committed 63308K, reserved 1103872K
  class space    used 7880K, capacity 8350K, committed 8524K, reserved 1048576K
}
Event: 19593.616 GC heap before
{Heap before GC invocations=41 (full 0):
 garbage-first heap   total 95232K, used 68644K [0x00000000c3c00000, 0x0000000100000000)
  region size 1024K, 18 young (18432K), 1 survivors (1024K)
 Metaspace       used 61339K, capacity 62666K, committed 63308K, reserved 1103872K
  class space    used 7883K, capacity 8357K, committed 8524K, reserved 1048576K
}
Event: 19593.622 GC heap after
{Heap after GC invocations=42 (full 0):
 garbage-first heap   total 95232K, used 55610K [0x00000000c3c00000, 0x0000000100000000)
  region size 1024K, 3 young (3072K), 3 survivors (3072K)
 Metaspace       used 61339K, capacity 62666K, committed 63308K, reserved 1103872K
  class space    used 7883K, capacity 8357K, committed 8524K, reserved 1048576K
}
Event: 21367.950 GC heap before
{Heap before GC invocations=43 (full 0):
 garbage-first heap   total 95232K, used 70970K [0x00000000c3c00000, 0x0000000100000000)
  region size 1024K, 19 young (19456K), 3 survivors (3072K)
 Metaspace       used 61382K, capacity 62666K, committed 63308K, reserved 1103872K
  class space    used 7883K, capacity 8357K, committed 8524K, reserved 1048576K
}
Event: 21367.955 GC heap after
{Heap after GC invocations=44 (full 0):
 garbage-first heap   total 95232K, used 58763K [0x00000000c3c00000, 0x0000000100000000)
  region size 1024K, 3 young (3072K), 3 survivors (3072K)
 Metaspace       used 61382K, capacity 62666K, committed 63308K, reserved 1103872K
  class space    used 7883K, capacity 8357K, committed 8524K, reserved 1048576K
}
Event: 21379.888 GC heap before
{Heap before GC invocations=44 (full 0):
 garbage-first heap   total 95232K, used 58763K [0x00000000c3c00000, 0x0000000100000000)
  region size 1024K, 4 young (4096K), 3 survivors (3072K)
 Metaspace       used 61389K, capacity 62730K, committed 63308K, reserved 1103872K
  class space    used 7883K, capacity 8357K, committed 8524K, reserved 1048576K
}
Event: 21379.895 GC heap after
{Heap after GC invocations=45 (full 0):
 garbage-first heap   total 95232K, used 51042K [0x00000000c3c00000, 0x0000000100000000)
  region size 1024K, 1 young (1024K), 1 survivors (1024K)
 Metaspace       used 61389K, capacity 62730K, committed 63308K, reserved 1103872K
  class space    used 7883K, capacity 8357K, committed 8524K, reserved 1048576K
}
Event: 21383.248 GC heap before
{Heap before GC invocations=45 (full 0):
 garbage-first heap   total 95232K, used 54114K [0x00000000c3c00000, 0x0000000100000000)
  region size 1024K, 4 young (4096K), 1 survivors (1024K)
 Metaspace       used 61404K, capacity 62731K, committed 63308K, reserved 1103872K
  class space    used 7883K, capacity 8357K, committed 8524K, reserved 1048576K
}
Event: 21383.255 GC heap after
{Heap after GC invocations=46 (full 0):
 garbage-first heap   total 95232K, used 47115K [0x00000000c3c00000, 0x0000000100000000)
  region size 1024K, 1 young (1024K), 1 survivors (1024K)
 Metaspace       used 61404K, capacity 62731K, committed 63308K, reserved 1103872K
  class space    used 7883K, capacity 8357K, committed 8524K, reserved 1048576K
}
Event: 23172.660 GC heap before
{Heap before GC invocations=46 (full 0):
 garbage-first heap   total 95232K, used 65547K [0x00000000c3c00000, 0x0000000100000000)
  region size 1024K, 20 young (20480K), 1 survivors (1024K)
 Metaspace       used 61469K, capacity 62761K, committed 63308K, reserved 1103872K
  class space    used 7886K, capacity 8362K, committed 8524K, reserved 1048576K
}
Event: 23172.665 GC heap after
{Heap after GC invocations=47 (full 0):
 garbage-first heap   total 95232K, used 50730K [0x00000000c3c00000, 0x0000000100000000)
  region size 1024K, 3 young (3072K), 3 survivors (3072K)
 Metaspace       used 61469K, capacity 62761K, committed 63308K, reserved 1103872K
  class space    used 7886K, capacity 8362K, committed 8524K, reserved 1048576K
}
Event: 24948.329 GC heap before
{Heap before GC invocations=48 (full 0):
 garbage-first heap   total 95232K, used 67114K [0x00000000c3c00000, 0x0000000100000000)
  region size 1024K, 21 young (21504K), 3 survivors (3072K)
 Metaspace       used 61477K, capacity 62761K, committed 63308K, reserved 1103872K
  class space    used 7886K, capacity 8362K, committed 8524K, reserved 1048576K
}
Event: 24948.333 GC heap after
{Heap after GC invocations=49 (full 0):
 garbage-first heap   total 95232K, used 53375K [0x00000000c3c00000, 0x0000000100000000)
  region size 1024K, 3 young (3072K), 3 survivors (3072K)
 Metaspace       used 61477K, capacity 62761K, committed 63308K, reserved 1103872K
  class space    used 7886K, capacity 8362K, committed 8524K, reserved 1048576K
}
Event: 24978.213 GC heap before
{Heap before GC invocations=49 (full 0):
 garbage-first heap   total 95232K, used 54399K [0x00000000c3c00000, 0x0000000100000000)
  region size 1024K, 4 young (4096K), 3 survivors (3072K)
 Metaspace       used 61477K, capacity 62761K, committed 63308K, reserved 1103872K
  class space    used 7886K, capacity 8362K, committed 8524K, reserved 1048576K
}
Event: 24978.223 GC heap after
{Heap after GC invocations=50 (full 0):
 garbage-first heap   total 95232K, used 49058K [0x00000000c3c00000, 0x0000000100000000)
  region size 1024K, 1 young (1024K), 1 survivors (1024K)
 Metaspace       used 61477K, capacity 62761K, committed 63308K, reserved 1103872K
  class space    used 7886K, capacity 8362K, committed 8524K, reserved 1048576K
}
Event: 26853.089 GC heap before
{Heap before GC invocations=50 (full 0):
 garbage-first heap   total 95232K, used 67490K [0x00000000c3c00000, 0x0000000100000000)
  region size 1024K, 20 young (20480K), 1 survivors (1024K)
 Metaspace       used 61503K, capacity 62791K, committed 63308K, reserved 1103872K
  class space    used 7889K, capacity 8367K, committed 8524K, reserved 1048576K
}
Event: 26853.097 GC heap after
{Heap after GC invocations=51 (full 0):
 garbage-first heap   total 95232K, used 52559K [0x00000000c3c00000, 0x0000000100000000)
  region size 1024K, 3 young (3072K), 3 survivors (3072K)
 Metaspace       used 61503K, capacity 62791K, committed 63308K, reserved 1103872K
  class space    used 7889K, capacity 8367K, committed 8524K, reserved 1048576K
}

Deoptimization events (20 events):
Event: 26734.630 Thread 0x00007f7940003800 DEOPT PACKING pc=0x00007f79b4ed9224 sp=0x00007f793edf0b60
Event: 26734.630 Thread 0x00007f7940003800 DEOPT UNPACKING pc=0x00007f79b494603a sp=0x00007f793edf00d0 mode 1
Event: 26734.630 Thread 0x00007f7940003800 DEOPT PACKING pc=0x00007f79b5d310b4 sp=0x00007f793edf0c60
Event: 26734.630 Thread 0x00007f7940003800 DEOPT UNPACKING pc=0x00007f79b494603a sp=0x00007f793edf0210 mode 1
Event: 26734.630 Thread 0x00007f7940003800 DEOPT PACKING pc=0x00007f79b50af3bc sp=0x00007f793edf0db0
Event: 26734.630 Thread 0x00007f7940003800 DEOPT UNPACKING pc=0x00007f79b494603a sp=0x00007f793edf0360 mode 1
Event: 26734.630 Thread 0x00007f7940003800 DEOPT PACKING pc=0x00007f79b577a2ac sp=0x00007f793edf0f00
Event: 26734.630 Thread 0x00007f7940003800 DEOPT UNPACKING pc=0x00007f79b494603a sp=0x00007f793edf0448 mode 1
Event: 26734.631 Thread 0x00007f7940003800 Uncommon trap: trap_request=0xffffff9f fr.pc=0x00007f79bc5a3f1c relative=0x000000000000015c
Event: 26734.631 Thread 0x00007f7940003800 Uncommon trap: reason=unhandled action=none pc=0x00007f79bc5a3f1c method=javax.crypto.Cipher.checkCipherState()V @ 23 c2
Event: 26734.631 Thread 0x00007f7940003800 DEOPT PACKING pc=0x00007f79bc5a3f1c sp=0x00007f793edf11c0
Event: 26734.631 Thread 0x00007f7940003800 DEOPT UNPACKING pc=0x00007f79b4946225 sp=0x00007f793edf1178 mode 2
Event: 26734.631 Thread 0x00007f7940003800 DEOPT PACKING pc=0x00007f79b5281b9c sp=0x00007f793edf11f0
Event: 26734.631 Thread 0x00007f7940003800 DEOPT UNPACKING pc=0x00007f79b494603a sp=0x00007f793edf0670 mode 1
Event: 26734.631 Thread 0x00007f7940003800 Uncommon trap: trap_request=0xffffff9f fr.pc=0x00007f79bc5a3f1c relative=0x000000000000015c
Event: 26734.631 Thread 0x00007f7940003800 Uncommon trap: reason=unhandled action=none pc=0x00007f79bc5a3f1c method=javax.crypto.Cipher.checkCipherState()V @ 23 c2
Event: 26734.631 Thread 0x00007f7940003800 DEOPT PACKING pc=0x00007f79bc5a3f1c sp=0x00007f793edf0f40
Event: 26734.631 Thread 0x00007f7940003800 DEOPT UNPACKING pc=0x00007f79b4946225 sp=0x00007f793edf0ef8 mode 2
Event: 26734.631 Thread 0x00007f7940003800 DEOPT PACKING pc=0x00007f79b52f961c sp=0x00007f793edf0f70
Event: 26734.631 Thread 0x00007f7940003800 DEOPT UNPACKING pc=0x00007f79b494603a sp=0x00007f793edf03f0 mode 1

Classes redefined (1 events):
Event: 27629.326 Thread 0x00007f79cc126000 redefined class name=com.mayank.employeemanagement.dto.IEmployeeDAO, count=1

Internal exceptions (20 events):
Event: 19592.077 Thread 0x00007f7940005000 Exception <a 'java/net/SocketException'{0x00000000c87c9098}> (0x00000000c87c9098) thrown at [src/hotspot/share/prims/jni.cpp, line 615]
Event: 19597.842 Thread 0x00007f7940005000 Exception <a 'java/net/SocketException'{0x00000000c9512de8}> (0x00000000c9512de8) thrown at [src/hotspot/share/prims/jni.cpp, line 615]
Event: 19602.415 Thread 0x00007f7940005000 Exception <a 'java/net/SocketException'{0x00000000c9514718}> (0x00000000c9514718) thrown at [src/hotspot/share/prims/jni.cpp, line 615]
Event: 21358.691 Thread 0x00007f7940005000 Exception <a 'java/net/SocketException'{0x00000000c8be78b8}> (0x00000000c8be78b8) thrown at [src/hotspot/share/prims/jni.cpp, line 615]
Event: 21367.942 Thread 0x00007f7940005000 Exception <a 'java/net/SocketException'{0x00000000c872b050}> (0x00000000c872b050) thrown at [src/hotspot/share/prims/jni.cpp, line 615]
Event: 21379.886 Thread 0x00007f7940005000 Exception <a 'java/net/SocketException'{0x00000000c96f86d8}> (0x00000000c96f86d8) thrown at [src/hotspot/share/prims/jni.cpp, line 615]
Event: 21383.229 Thread 0x00007f7940005000 Exception <a 'java/net/SocketException'{0x00000000c94b3630}> (0x00000000c94b3630) thrown at [src/hotspot/share/prims/jni.cpp, line 615]
Event: 21405.507 Thread 0x00007f7940005000 Exception <a 'java/net/SocketException'{0x00000000c9427308}> (0x00000000c9427308) thrown at [src/hotspot/share/prims/jni.cpp, line 615]
Event: 23063.586 Thread 0x00007f7940005000 Exception <a 'java/net/SocketException'{0x00000000c91fb570}> (0x00000000c91fb570) thrown at [src/hotspot/share/prims/jni.cpp, line 615]
Event: 23154.977 Thread 0x00007f7940005000 Exception <a 'java/net/SocketException'{0x00000000c85910a0}> (0x00000000c85910a0) thrown at [src/hotspot/share/prims/jni.cpp, line 615]
Event: 23172.653 Thread 0x00007f7940005000 Exception <a 'java/net/SocketException'{0x00000000c83395b0}> (0x00000000c83395b0) thrown at [src/hotspot/share/prims/jni.cpp, line 615]
Event: 23179.175 Thread 0x00007f7940005000 Exception <a 'java/net/SocketException'{0x00000000c96eb120}> (0x00000000c96eb120) thrown at [src/hotspot/share/prims/jni.cpp, line 615]
Event: 24878.747 Thread 0x00007f7940005000 Exception <a 'java/net/SocketException'{0x00000000c9162188}> (0x00000000c9162188) thrown at [src/hotspot/share/prims/jni.cpp, line 615]
Event: 24899.899 Thread 0x00007f7940005000 Exception <a 'java/net/SocketException'{0x00000000c8f100f8}> (0x00000000c8f100f8) thrown at [src/hotspot/share/prims/jni.cpp, line 615]
Event: 24900.175 Thread 0x00007f7940005000 Exception <a 'java/net/SocketException'{0x00000000c8f11a28}> (0x00000000c8f11a28) thrown at [src/hotspot/share/prims/jni.cpp, line 615]
Event: 24913.429 Thread 0x00007f7940005000 Exception <a 'java/net/SocketException'{0x00000000c8c4e1a0}> (0x00000000c8c4e1a0) thrown at [src/hotspot/share/prims/jni.cpp, line 615]
Event: 24930.223 Thread 0x00007f7940005000 Exception <a 'java/net/SocketException'{0x00000000c89905c0}> (0x00000000c89905c0) thrown at [src/hotspot/share/prims/jni.cpp, line 615]
Event: 24938.305 Thread 0x00007f7940005000 Exception <a 'java/net/SocketException'{0x00000000c87363c8}> (0x00000000c87363c8) thrown at [src/hotspot/share/prims/jni.cpp, line 615]
Event: 26627.100 Thread 0x00007f7940005000 Exception <a 'java/net/SocketException'{0x00000000c9361768}> (0x00000000c9361768) thrown at [src/hotspot/share/prims/jni.cpp, line 615]
Event: 26654.052 Thread 0x00007f7940005000 Exception <a 'java/net/SocketException'{0x00000000c9113820}> (0x00000000c9113820) thrown at [src/hotspot/share/prims/jni.cpp, line 615]

Events (20 events):
Event: 26734.603 Thread 0x00007f7940005000 Thread added: 0x00007f7940005000
Event: 26734.603 Protecting memory [0x00007f793ebf2000,0x00007f793ebf6000] with protection modes 0
Event: 26734.603 Thread 0x00007f7940003800 Thread added: 0x00007f7940003800
Event: 26734.603 Protecting memory [0x00007f793ecf3000,0x00007f793ecf7000] with protection modes 0
Event: 26739.605 Executing VM operation: RevokeBias
Event: 26739.605 Executing VM operation: RevokeBias done
Event: 26739.605 Thread 0x00007f7940005000 Thread exited: 0x00007f7940005000
Event: 26739.681 Executing VM operation: RevokeBias
Event: 26739.681 Executing VM operation: RevokeBias done
Event: 26739.682 Thread 0x00007f7940003800 Thread exited: 0x00007f7940003800
Event: 26853.089 Executing VM operation: G1CollectForAllocation
Event: 26853.097 Executing VM operation: G1CollectForAllocation done
Event: 26853.173 Executing VM operation: CGC_Operation
Event: 26853.302 Executing VM operation: CGC_Operation done
Event: 26853.351 Executing VM operation: CGC_Operation
Event: 26853.352 Executing VM operation: CGC_Operation done
Event: 27629.247 Executing VM operation: RedefineClasses
Event: 27629.334 Executing VM operation: RedefineClasses done
Event: 27636.637 Thread 0x00007f7970001800 Thread exited: 0x00007f7970001800
Event: 27636.641 loading class jdk/internal/misc/Signal$1


Dynamic libraries:
c3c00000-c9700000 rw-p 00000000 00:00 0 
c9700000-ffe00000 ---p 00000000 00:00 0 
ffe00000-ffe47000 rw-p 0110b000 08:09 1834400                            /usr/lib/jvm/java-11-openjdk-amd64/lib/server/classes.jsa
ffe47000-fff00000 rw-p 00000000 00:00 0 
fff00000-fff6a000 rw-p 010a1000 08:09 1834400                            /usr/lib/jvm/java-11-openjdk-amd64/lib/server/classes.jsa
fff6a000-100000000 rw-p 00000000 00:00 0 
800000000-800002000 rwxp 00001000 08:09 1834400                          /usr/lib/jvm/java-11-openjdk-amd64/lib/server/classes.jsa
800002000-8010a0000 rw-p 00003000 08:09 1834400                          /usr/lib/jvm/java-11-openjdk-amd64/lib/server/classes.jsa
840000000-840853000 rw-p 00000000 00:00 0 
840853000-880000000 ---p 00000000 00:00 0 
56519de2a000-56519de2b000 r--p 00000000 08:09 1833312                    /usr/lib/jvm/java-11-openjdk-amd64/bin/java
56519de2b000-56519de2c000 r-xp 00001000 08:09 1833312                    /usr/lib/jvm/java-11-openjdk-amd64/bin/java
56519de2c000-56519de2d000 r--p 00002000 08:09 1833312                    /usr/lib/jvm/java-11-openjdk-amd64/bin/java
56519de2d000-56519de2e000 r--p 00002000 08:09 1833312                    /usr/lib/jvm/java-11-openjdk-amd64/bin/java
56519de2e000-56519de2f000 rw-p 00003000 08:09 1833312                    /usr/lib/jvm/java-11-openjdk-amd64/bin/java
56519fb3a000-56519fbb1000 rw-p 00000000 00:00 0                          [heap]
7f7930000000-7f7930021000 rw-p 00000000 00:00 0 
7f7930021000-7f7934000000 ---p 00000000 00:00 0 
7f7934000000-7f7934056000 rw-p 00000000 00:00 0 
7f7934056000-7f7938000000 ---p 00000000 00:00 0 
7f7938000000-7f7938047000 rw-p 00000000 00:00 0 
7f7938047000-7f793c000000 ---p 00000000 00:00 0 
7f793ebf2000-7f793ebf6000 ---p 00000000 00:00 0 
7f793ebf6000-7f793ecf3000 rw-p 00000000 00:00 0 
7f793ecf3000-7f793ecf7000 ---p 00000000 00:00 0 
7f793ecf7000-7f793edf4000 rw-p 00000000 00:00 0 
7f793edf4000-7f793edf8000 ---p 00000000 00:00 0 
7f793edf8000-7f793eef5000 rw-p 00000000 00:00 0 
7f793eef5000-7f793eef9000 ---p 00000000 00:00 0 
7f793eef9000-7f793eff6000 rw-p 00000000 00:00 0 
7f793eff6000-7f793effa000 ---p 00000000 00:00 0 
7f793effa000-7f793f0f7000 rw-p 00000000 00:00 0 
7f793f0f7000-7f793f0fb000 ---p 00000000 00:00 0 
7f793f0fb000-7f793f1f8000 rw-p 00000000 00:00 0 
7f793f1f8000-7f793f1fc000 ---p 00000000 00:00 0 
7f793f1fc000-7f793f2f9000 rw-p 00000000 00:00 0 
7f793f2f9000-7f793f2fd000 ---p 00000000 00:00 0 
7f793f2fd000-7f793f3fa000 rw-p 00000000 00:00 0 
7f793f3fa000-7f793f3fe000 ---p 00000000 00:00 0 
7f793f3fe000-7f793f4fb000 rw-p 00000000 00:00 0 
7f793f4fb000-7f793f4ff000 ---p 00000000 00:00 0 
7f793f4ff000-7f793f5fc000 rw-p 00000000 00:00 0 
7f793f5fc000-7f793f600000 ---p 00000000 00:00 0 
7f793f600000-7f793f6fd000 rw-p 00000000 00:00 0 
7f793f6fd000-7f793f701000 ---p 00000000 00:00 0 
7f793f701000-7f793f7fe000 rw-p 00000000 00:00 0 
7f793f7fe000-7f793f802000 ---p 00000000 00:00 0 
7f793f802000-7f793f8ff000 rw-p 00000000 00:00 0 
7f793f8ff000-7f793f903000 ---p 00000000 00:00 0 
7f793f903000-7f793fb80000 rw-p 00000000 00:00 0 
7f793fb80000-7f793fc00000 ---p 00000000 00:00 0 
7f793fc00000-7f793fe00000 rw-p 00000000 00:00 0 
7f793fe00000-7f7940000000 rw-p 00000000 00:00 0 
7f7940000000-7f7940033000 rw-p 00000000 00:00 0 
7f7940033000-7f7944000000 ---p 00000000 00:00 0 
7f7944000000-7f7944043000 rw-p 00000000 00:00 0 
7f7944043000-7f7948000000 ---p 00000000 00:00 0 
7f7948000000-7f794803c000 rw-p 00000000 00:00 0 
7f794803c000-7f794c000000 ---p 00000000 00:00 0 
7f794c000000-7f794c021000 rw-p 00000000 00:00 0 
7f794c021000-7f7950000000 ---p 00000000 00:00 0 
7f7950000000-7f7950054000 rw-p 00000000 00:00 0 
7f7950054000-7f7954000000 ---p 00000000 00:00 0 
7f7954000000-7f7954083000 rw-p 00000000 00:00 0 
7f7954083000-7f7958000000 ---p 00000000 00:00 0 
7f7958000000-7f79584e0000 rw-p 00000000 00:00 0 
7f79584e0000-7f795c000000 ---p 00000000 00:00 0 
7f795c000000-7f795c07b000 rw-p 00000000 00:00 0 
7f795c07b000-7f7960000000 ---p 00000000 00:00 0 
7f7960000000-7f7960048000 rw-p 00000000 00:00 0 
7f7960048000-7f7964000000 ---p 00000000 00:00 0 
7f7964000000-7f7964028000 rw-p 00000000 00:00 0 
7f7964028000-7f7968000000 ---p 00000000 00:00 0 
7f7968000000-7f796804e000 rw-p 00000000 00:00 0 
7f796804e000-7f796c000000 ---p 00000000 00:00 0 
7f796c000000-7f796c03b000 rw-p 00000000 00:00 0 
7f796c03b000-7f7970000000 ---p 00000000 00:00 0 
7f7970000000-7f7970040000 rw-p 00000000 00:00 0 
7f7970040000-7f7974000000 ---p 00000000 00:00 0 
7f7974000000-7f7974021000 rw-p 00000000 00:00 0 
7f7974021000-7f7978000000 ---p 00000000 00:00 0 
7f7978000000-7f797807f000 rw-p 00000000 00:00 0 
7f797807f000-7f797c000000 ---p 00000000 00:00 0 
7f797c000000-7f797c021000 rw-p 00000000 00:00 0 
7f797c021000-7f7980000000 ---p 00000000 00:00 0 
7f7980000000-7f7983bcd000 rw-p 00000000 00:00 0 
7f7983bcd000-7f7984000000 ---p 00000000 00:00 0 
7f7984000000-7f798503c000 rw-p 00000000 00:00 0 
7f798503c000-7f7988000000 ---p 00000000 00:00 0 
7f7988000000-7f7988022000 rw-p 00000000 00:00 0 
7f7988022000-7f798c000000 ---p 00000000 00:00 0 
7f798c09c000-7f798c0a0000 ---p 00000000 00:00 0 
7f798c0a0000-7f798c39d000 rw-p 00000000 00:00 0 
7f798c39d000-7f798c59d000 rw-p 00000000 00:00 0 
7f798c59d000-7f798c79d000 rw-p 00000000 00:00 0 
7f798c79d000-7f798c99d000 rw-p 00000000 00:00 0 
7f798c99d000-7f798cb9d000 rw-p 00000000 00:00 0 
7f798cb9d000-7f798cd9d000 rw-p 00000000 00:00 0 
7f798cd9d000-7f798cda1000 ---p 00000000 00:00 0 
7f798cda1000-7f798ce9e000 rw-p 00000000 00:00 0 
7f798ce9e000-7f798cea2000 ---p 00000000 00:00 0 
7f798cea2000-7f798d19f000 rw-p 00000000 00:00 0 
7f798d19f000-7f798d39f000 rw-p 00000000 00:00 0 
7f798d39f000-7f798d59f000 rw-p 00000000 00:00 0 
7f798d59f000-7f798d5a3000 ---p 00000000 00:00 0 
7f798d5a3000-7f798d6a0000 rw-p 00000000 00:00 0 
7f798d6a0000-7f798d6a4000 ---p 00000000 00:00 0 
7f798d6a4000-7f798d9a1000 rw-p 00000000 00:00 0 
7f798d9a1000-7f798dba1000 rw-p 00000000 00:00 0 
7f798dba1000-7f798dda1000 rw-p 00000000 00:00 0 
7f798dda1000-7f798dfa1000 rw-p 00000000 00:00 0 
7f798dfa1000-7f798e1a1000 rw-p 00000000 00:00 0 
7f798e1a1000-7f798e3a1000 rw-p 00000000 00:00 0 
7f798e3a1000-7f798e5a1000 rw-p 00000000 00:00 0 
7f798e5a1000-7f798e7a1000 rw-p 00000000 00:00 0 
7f798e7a1000-7f798e9a1000 rw-p 00000000 00:00 0 
7f798e9a1000-7f798e9a5000 ---p 00000000 00:00 0 
7f798e9a5000-7f798eaa2000 rw-p 00000000 00:00 0 
7f798eb1d000-7f798eb21000 ---p 00000000 00:00 0 
7f798eb21000-7f798ee1e000 rw-p 00000000 00:00 0 
7f798ee1e000-7f798f01e000 rw-p 00000000 00:00 0 
7f798f01e000-7f798f01f000 ---p 00000000 00:00 0 
7f798f01f000-7f798f120000 rw-p 00000000 00:00 0 
7f798f120000-7f798f121000 ---p 00000000 00:00 0 
7f798f121000-7f798f222000 rw-p 00000000 00:00 0 
7f798f222000-7f7990000000 r--p 00000000 08:09 1706485                    /usr/lib/locale/locale-archive
7f7990000000-7f799003e000 rw-p 00000000 00:00 0 
7f799003e000-7f7994000000 ---p 00000000 00:00 0 
7f7994000000-7f7994054000 rw-p 00000000 00:00 0 
7f7994054000-7f7998000000 ---p 00000000 00:00 0 
7f7998000000-7f7998021000 rw-p 00000000 00:00 0 
7f7998021000-7f799c000000 ---p 00000000 00:00 0 
7f799c000000-7f799c191000 rw-p 00000000 00:00 0 
7f799c191000-7f79a0000000 ---p 00000000 00:00 0 
7f79a0000000-7f79a00a0000 rw-p 00000000 00:00 0 
7f79a00a0000-7f79a4000000 ---p 00000000 00:00 0 
7f79a4000000-7f79a402e000 rw-p 00000000 00:00 0 
7f79a402e000-7f79a8000000 ---p 00000000 00:00 0 
7f79a8000000-7f79a8044000 rw-p 00000000 00:00 0 
7f79a8044000-7f79ac000000 ---p 00000000 00:00 0 
7f79ac0e6000-7f79ac0e7000 ---p 00000000 00:00 0 
7f79ac0e7000-7f79ac1e8000 rw-p 00000000 00:00 0 
7f79ac1e8000-7f79ac1e9000 ---p 00000000 00:00 0 
7f79ac1e9000-7f79ac2ea000 rw-p 00000000 00:00 0 
7f79ac2ea000-7f79ac2ee000 ---p 00000000 00:00 0 
7f79ac2ee000-7f79ac3eb000 rw-p 00000000 00:00 0 
7f79ac3eb000-7f79ac3ef000 ---p 00000000 00:00 0 
7f79ac3ef000-7f79ac4ec000 rw-p 00000000 00:00 0 
7f79ac4ec000-7f79ac4f0000 ---p 00000000 00:00 0 
7f79ac4f0000-7f79ac5ed000 rw-p 00000000 00:00 0 
7f79ac5ed000-7f79ac5f1000 ---p 00000000 00:00 0 
7f79ac5f1000-7f79ac6ee000 rw-p 00000000 00:00 0 
7f79ac6ee000-7f79ac6f2000 ---p 00000000 00:00 0 
7f79ac6f2000-7f79ac7ef000 rw-p 00000000 00:00 0 
7f79ac7ef000-7f79ac7f3000 ---p 00000000 00:00 0 
7f79ac7f3000-7f79af25c000 rw-p 00000000 00:00 0 
7f79af25c000-7f79afff8000 ---p 00000000 00:00 0 
7f79afff8000-7f79b0000000 rw-p 00000000 00:00 0 
7f79b0000000-7f79b0021000 rw-p 00000000 00:00 0 
7f79b0021000-7f79b4000000 ---p 00000000 00:00 0 
7f79b404f000-7f79b4057000 r--p 00000000 08:09 1834240                    /usr/lib/jvm/java-11-openjdk-amd64/lib/libsunec.so
7f79b4057000-7f79b4070000 r-xp 00008000 08:09 1834240                    /usr/lib/jvm/java-11-openjdk-amd64/lib/libsunec.so
7f79b4070000-7f79b407a000 r--p 00021000 08:09 1834240                    /usr/lib/jvm/java-11-openjdk-amd64/lib/libsunec.so
7f79b407a000-7f79b407b000 ---p 0002b000 08:09 1834240                    /usr/lib/jvm/java-11-openjdk-amd64/lib/libsunec.so
7f79b407b000-7f79b407f000 r--p 0002b000 08:09 1834240                    /usr/lib/jvm/java-11-openjdk-amd64/lib/libsunec.so
7f79b407f000-7f79b4081000 rw-p 0002f000 08:09 1834240                    /usr/lib/jvm/java-11-openjdk-amd64/lib/libsunec.so
7f79b4081000-7f79b4085000 ---p 00000000 00:00 0 
7f79b4085000-7f79b4182000 rw-p 00000000 00:00 0 
7f79b4182000-7f79b4186000 ---p 00000000 00:00 0 
7f79b4186000-7f79b4283000 rw-p 00000000 00:00 0 
7f79b4283000-7f79b4287000 ---p 00000000 00:00 0 
7f79b4287000-7f79b4384000 rw-p 00000000 00:00 0 
7f79b4384000-7f79b4388000 ---p 00000000 00:00 0 
7f79b4388000-7f79b4485000 rw-p 00000000 00:00 0 
7f79b4485000-7f79b4489000 ---p 00000000 00:00 0 
7f79b4489000-7f79b4586000 rw-p 00000000 00:00 0 
7f79b4586000-7f79b4587000 ---p 00000000 00:00 0 
7f79b4587000-7f79b4709000 rw-p 00000000 00:00 0 
7f79b4709000-7f79b470a000 ---p 00000000 00:00 0 
7f79b470a000-7f79b480b000 rw-p 00000000 00:00 0 
7f79b480b000-7f79b480c000 ---p 00000000 00:00 0 
7f79b480c000-7f79b490d000 rw-p 00000000 00:00 0 
7f79b490d000-7f79b4b7d000 rwxp 00000000 00:00 0 
7f79b4b7d000-7f79b4e9d000 ---p 00000000 00:00 0 
7f79b4e9d000-7f79b5e8d000 rwxp 00000000 00:00 0 
7f79b5e8d000-7f79bc3d5000 ---p 00000000 00:00 0 
7f79bc3d5000-7f79bc875000 rwxp 00000000 00:00 0 
7f79bc875000-7f79c390d000 ---p 00000000 00:00 0 
7f79cc000000-7f79cda22000 rw-p 00000000 00:00 0 
7f79cda22000-7f79d0000000 ---p 00000000 00:00 0 
7f79d000f000-7f79d0010000 r--p 00000000 08:09 1834215                    /usr/lib/jvm/java-11-openjdk-amd64/lib/libextnet.so
7f79d0010000-7f79d0011000 r-xp 00001000 08:09 1834215                    /usr/lib/jvm/java-11-openjdk-amd64/lib/libextnet.so
7f79d0011000-7f79d0012000 r--p 00002000 08:09 1834215                    /usr/lib/jvm/java-11-openjdk-amd64/lib/libextnet.so
7f79d0012000-7f79d0013000 r--p 00002000 08:09 1834215                    /usr/lib/jvm/java-11-openjdk-amd64/lib/libextnet.so
7f79d0013000-7f79d0014000 rw-p 00003000 08:09 1834215                    /usr/lib/jvm/java-11-openjdk-amd64/lib/libextnet.so
7f79d0014000-7f79d0016000 r--p 00000000 08:09 1834214                    /usr/lib/jvm/java-11-openjdk-amd64/lib/libdt_socket.so
7f79d0016000-7f79d0019000 r-xp 00002000 08:09 1834214                    /usr/lib/jvm/java-11-openjdk-amd64/lib/libdt_socket.so
7f79d0019000-7f79d001a000 r--p 00005000 08:09 1834214                    /usr/lib/jvm/java-11-openjdk-amd64/lib/libdt_socket.so
7f79d001a000-7f79d001b000 r--p 00005000 08:09 1834214                    /usr/lib/jvm/java-11-openjdk-amd64/lib/libdt_socket.so
7f79d001b000-7f79d001c000 rw-p 00006000 08:09 1834214                    /usr/lib/jvm/java-11-openjdk-amd64/lib/libdt_socket.so
7f79d001c000-7f79d0023000 r--s 00000000 08:09 2229411                    /usr/lib/x86_64-linux-gnu/gconv/gconv-modules.cache
7f79d0023000-7f79d0025000 r--p 00000000 08:09 1834232                    /usr/lib/jvm/java-11-openjdk-amd64/lib/libmanagement_ext.so
7f79d0025000-7f79d0028000 r-xp 00002000 08:09 1834232                    /usr/lib/jvm/java-11-openjdk-amd64/lib/libmanagement_ext.so
7f79d0028000-7f79d0029000 r--p 00005000 08:09 1834232                    /usr/lib/jvm/java-11-openjdk-amd64/lib/libmanagement_ext.so
7f79d0029000-7f79d002a000 ---p 00006000 08:09 1834232                    /usr/lib/jvm/java-11-openjdk-amd64/lib/libmanagement_ext.so
7f79d002a000-7f79d002b000 r--p 00006000 08:09 1834232                    /usr/lib/jvm/java-11-openjdk-amd64/lib/libmanagement_ext.so
7f79d002b000-7f79d002c000 rw-p 00007000 08:09 1834232                    /usr/lib/jvm/java-11-openjdk-amd64/lib/libmanagement_ext.so
7f79d002c000-7f79d002f000 r--p 00000000 08:09 1834230                    /usr/lib/jvm/java-11-openjdk-amd64/lib/libmanagement.so
7f79d002f000-7f79d0030000 r-xp 00003000 08:09 1834230                    /usr/lib/jvm/java-11-openjdk-amd64/lib/libmanagement.so
7f79d0030000-7f79d0031000 r--p 00004000 08:09 1834230                    /usr/lib/jvm/java-11-openjdk-amd64/lib/libmanagement.so
7f79d0031000-7f79d0032000 r--p 00004000 08:09 1834230                    /usr/lib/jvm/java-11-openjdk-amd64/lib/libmanagement.so
7f79d0032000-7f79d0033000 rw-p 00005000 08:09 1834230                    /usr/lib/jvm/java-11-openjdk-amd64/lib/libmanagement.so
7f79d0033000-7f79d0037000 r--p 00000000 08:09 1834234                    /usr/lib/jvm/java-11-openjdk-amd64/lib/libnet.so
7f79d0037000-7f79d0046000 r-xp 00004000 08:09 1834234                    /usr/lib/jvm/java-11-openjdk-amd64/lib/libnet.so
7f79d0046000-7f79d004a000 r--p 00013000 08:09 1834234                    /usr/lib/jvm/java-11-openjdk-amd64/lib/libnet.so
7f79d004a000-7f79d004b000 r--p 00016000 08:09 1834234                    /usr/lib/jvm/java-11-openjdk-amd64/lib/libnet.so
7f79d004b000-7f79d004c000 rw-p 00017000 08:09 1834234                    /usr/lib/jvm/java-11-openjdk-amd64/lib/libnet.so
7f79d004c000-7f79d0053000 r--p 00000000 08:09 1834235                    /usr/lib/jvm/java-11-openjdk-amd64/lib/libnio.so
7f79d0053000-7f79d005b000 r-xp 00007000 08:09 1834235                    /usr/lib/jvm/java-11-openjdk-amd64/lib/libnio.so
7f79d005b000-7f79d005e000 r--p 0000f000 08:09 1834235                    /usr/lib/jvm/java-11-openjdk-amd64/lib/libnio.so
7f79d005e000-7f79d005f000 r--p 00011000 08:09 1834235                    /usr/lib/jvm/java-11-openjdk-amd64/lib/libnio.so
7f79d005f000-7f79d0060000 rw-p 00012000 08:09 1834235                    /usr/lib/jvm/java-11-openjdk-amd64/lib/libnio.so
7f79d0060000-7f79d04bf000 rw-p 00000000 00:00 0 
7f79d04bf000-7f79d04c0000 ---p 00000000 00:00 0 
7f79d04c0000-7f79d05c1000 rw-p 00000000 00:00 0 
7f79d05c1000-7f79d05c2000 ---p 00000000 00:00 0 
7f79d05c2000-7f79d0850000 rw-p 00000000 00:00 0 
7f79d0850000-7f79d15ec000 ---p 00000000 00:00 0 
7f79d15ec000-7f79d1622000 rw-p 00000000 00:00 0 
7f79d1622000-7f79d17d5000 ---p 00000000 00:00 0 
7f79d17d5000-7f79d1804000 rw-p 00000000 00:00 0 
7f79d1804000-7f79d19b7000 ---p 00000000 00:00 0 
7f79d19b7000-7f79d19e6000 rw-p 00000000 00:00 0 
7f79d19e6000-7f79d1b99000 ---p 00000000 00:00 0 
7f79d1b99000-7f79d1f9e000 rw-p 00000000 00:00 0 
7f79d1f9e000-7f79d1f9f000 ---p 00000000 00:00 0 
7f79d1f9f000-7f79d20aa000 rw-p 00000000 00:00 0 
7f79d20aa000-7f79d218b000 ---p 00000000 00:00 0 
7f79d218b000-7f79d21ab000 rw-p 00000000 00:00 0 
7f79d21ab000-7f79d2276000 ---p 00000000 00:00 0 
7f79d2276000-7f79d227b000 rw-p 00000000 00:00 0 
7f79d227b000-7f79d2282000 ---p 00000000 00:00 0 
7f79d2282000-7f79d2284000 r--s 0000c000 08:09 131773                     /usr/share/java/java-atk-wrapper.jar
7f79d2284000-7f79d2286000 r--p 00000000 08:09 1834226                    /usr/lib/jvm/java-11-openjdk-amd64/lib/libjimage.so
7f79d2286000-7f79d2289000 r-xp 00002000 08:09 1834226                    /usr/lib/jvm/java-11-openjdk-amd64/lib/libjimage.so
7f79d2289000-7f79d228a000 r--p 00005000 08:09 1834226                    /usr/lib/jvm/java-11-openjdk-amd64/lib/libjimage.so
7f79d228a000-7f79d228b000 ---p 00006000 08:09 1834226                    /usr/lib/jvm/java-11-openjdk-amd64/lib/libjimage.so
7f79d228b000-7f79d228c000 r--p 00006000 08:09 1834226                    /usr/lib/jvm/java-11-openjdk-amd64/lib/libjimage.so
7f79d228c000-7f79d228d000 rw-p 00007000 08:09 1834226                    /usr/lib/jvm/java-11-openjdk-amd64/lib/libjimage.so
7f79d228d000-7f79d2290000 r--p 00000000 08:09 1707916                    /usr/lib/x86_64-linux-gnu/libnss_files-2.31.so
7f79d2290000-7f79d2297000 r-xp 00003000 08:09 1707916                    /usr/lib/x86_64-linux-gnu/libnss_files-2.31.so
7f79d2297000-7f79d2299000 r--p 0000a000 08:09 1707916                    /usr/lib/x86_64-linux-gnu/libnss_files-2.31.so
7f79d2299000-7f79d229a000 r--p 0000b000 08:09 1707916                    /usr/lib/x86_64-linux-gnu/libnss_files-2.31.so
7f79d229a000-7f79d229b000 rw-p 0000c000 08:09 1707916                    /usr/lib/x86_64-linux-gnu/libnss_files-2.31.so
7f79d229b000-7f79d22a1000 rw-p 00000000 00:00 0 
7f79d22a1000-7f79d22a3000 r--p 00000000 08:09 1834243                    /usr/lib/jvm/java-11-openjdk-amd64/lib/libzip.so
7f79d22a3000-7f79d22a7000 r-xp 00002000 08:09 1834243                    /usr/lib/jvm/java-11-openjdk-amd64/lib/libzip.so
7f79d22a7000-7f79d22a9000 r--p 00006000 08:09 1834243                    /usr/lib/jvm/java-11-openjdk-amd64/lib/libzip.so
7f79d22a9000-7f79d22aa000 r--p 00007000 08:09 1834243                    /usr/lib/jvm/java-11-openjdk-amd64/lib/libzip.so
7f79d22aa000-7f79d22ab000 rw-p 00008000 08:09 1834243                    /usr/lib/jvm/java-11-openjdk-amd64/lib/libzip.so
7f79d22ab000-7f79d22b3000 rw-s 00000000 08:09 1585644                    /tmp/hsperfdata_mayank/4857
7f79d22b3000-7f79d22b5000 r--p 00000000 08:09 1834217                    /usr/lib/jvm/java-11-openjdk-amd64/lib/libinstrument.so
7f79d22b5000-7f79d22bb000 r-xp 00002000 08:09 1834217                    /usr/lib/jvm/java-11-openjdk-amd64/lib/libinstrument.so
7f79d22bb000-7f79d22be000 r--p 00008000 08:09 1834217                    /usr/lib/jvm/java-11-openjdk-amd64/lib/libinstrument.so
7f79d22be000-7f79d22bf000 r--p 0000a000 08:09 1834217                    /usr/lib/jvm/java-11-openjdk-amd64/lib/libinstrument.so
7f79d22bf000-7f79d22c0000 rw-p 0000b000 08:09 1834217                    /usr/lib/jvm/java-11-openjdk-amd64/lib/libinstrument.so
7f79d22c0000-7f79d22c2000 r--p 00000000 08:09 1834225                    /usr/lib/jvm/java-11-openjdk-amd64/lib/libjdwp.so
7f79d22c2000-7f79d22ee000 r-xp 00002000 08:09 1834225                    /usr/lib/jvm/java-11-openjdk-amd64/lib/libjdwp.so
7f79d22ee000-7f79d22fc000 r--p 0002e000 08:09 1834225                    /usr/lib/jvm/java-11-openjdk-amd64/lib/libjdwp.so
7f79d22fc000-7f79d22fd000 r--p 0003b000 08:09 1834225                    /usr/lib/jvm/java-11-openjdk-amd64/lib/libjdwp.so
7f79d22fd000-7f79d22fe000 rw-p 0003c000 08:09 1834225                    /usr/lib/jvm/java-11-openjdk-amd64/lib/libjdwp.so
7f79d22fe000-7f79d22ff000 ---p 00000000 00:00 0 
7f79d22ff000-7f79d2300000 r--p 00000000 00:00 0 
7f79d2300000-7f79d230e000 r--p 00000000 08:09 1834222                    /usr/lib/jvm/java-11-openjdk-amd64/lib/libjava.so
7f79d230e000-7f79d2324000 r-xp 0000e000 08:09 1834222                    /usr/lib/jvm/java-11-openjdk-amd64/lib/libjava.so
7f79d2324000-7f79d232b000 r--p 00024000 08:09 1834222                    /usr/lib/jvm/java-11-openjdk-amd64/lib/libjava.so
7f79d232b000-7f79d232c000 r--p 0002a000 08:09 1834222                    /usr/lib/jvm/java-11-openjdk-amd64/lib/libjava.so
7f79d232c000-7f79d232e000 rw-p 0002b000 08:09 1834222                    /usr/lib/jvm/java-11-openjdk-amd64/lib/libjava.so
7f79d232e000-7f79d2331000 r--p 00000000 08:09 1708118                    /usr/lib/x86_64-linux-gnu/librt-2.31.so
7f79d2331000-7f79d2335000 r-xp 00003000 08:09 1708118                    /usr/lib/x86_64-linux-gnu/librt-2.31.so
7f79d2335000-7f79d2336000 r--p 00007000 08:09 1708118                    /usr/lib/x86_64-linux-gnu/librt-2.31.so
7f79d2336000-7f79d2337000 ---p 00008000 08:09 1708118                    /usr/lib/x86_64-linux-gnu/librt-2.31.so
7f79d2337000-7f79d2338000 r--p 00008000 08:09 1708118                    /usr/lib/x86_64-linux-gnu/librt-2.31.so
7f79d2338000-7f79d2339000 rw-p 00009000 08:09 1708118                    /usr/lib/x86_64-linux-gnu/librt-2.31.so
7f79d2339000-7f79d233d000 ---p 00000000 00:00 0 
7f79d233d000-7f79d243a000 rw-p 00000000 00:00 0 
7f79d243a000-7f79d243d000 r--p 00000000 08:09 1707439                    /usr/lib/x86_64-linux-gnu/libgcc_s.so.1
7f79d243d000-7f79d244f000 r-xp 00003000 08:09 1707439                    /usr/lib/x86_64-linux-gnu/libgcc_s.so.1
7f79d244f000-7f79d2453000 r--p 00015000 08:09 1707439                    /usr/lib/x86_64-linux-gnu/libgcc_s.so.1
7f79d2453000-7f79d2454000 r--p 00018000 08:09 1707439                    /usr/lib/x86_64-linux-gnu/libgcc_s.so.1
7f79d2454000-7f79d2455000 rw-p 00019000 08:09 1707439                    /usr/lib/x86_64-linux-gnu/libgcc_s.so.1
7f79d2455000-7f79d2464000 r--p 00000000 08:09 1707792                    /usr/lib/x86_64-linux-gnu/libm-2.31.so
7f79d2464000-7f79d250b000 r-xp 0000f000 08:09 1707792                    /usr/lib/x86_64-linux-gnu/libm-2.31.so
7f79d250b000-7f79d25a2000 r--p 000b6000 08:09 1707792                    /usr/lib/x86_64-linux-gnu/libm-2.31.so
7f79d25a2000-7f79d25a3000 r--p 0014c000 08:09 1707792                    /usr/lib/x86_64-linux-gnu/libm-2.31.so
7f79d25a3000-7f79d25a4000 rw-p 0014d000 08:09 1707792                    /usr/lib/x86_64-linux-gnu/libm-2.31.so
7f79d25a4000-7f79d263a000 r--p 00000000 08:09 1708220                    /usr/lib/x86_64-linux-gnu/libstdc++.so.6.0.28
7f79d263a000-7f79d272a000 r-xp 00096000 08:09 1708220                    /usr/lib/x86_64-linux-gnu/libstdc++.so.6.0.28
7f79d272a000-7f79d2773000 r--p 00186000 08:09 1708220                    /usr/lib/x86_64-linux-gnu/libstdc++.so.6.0.28
7f79d2773000-7f79d2774000 ---p 001cf000 08:09 1708220                    /usr/lib/x86_64-linux-gnu/libstdc++.so.6.0.28
7f79d2774000-7f79d277f000 r--p 001cf000 08:09 1708220                    /usr/lib/x86_64-linux-gnu/libstdc++.so.6.0.28
7f79d277f000-7f79d2782000 rw-p 001da000 08:09 1708220                    /usr/lib/x86_64-linux-gnu/libstdc++.so.6.0.28
7f79d2782000-7f79d2785000 rw-p 00000000 00:00 0 
7f79d2785000-7f79d29f2000 r--p 00000000 08:09 1834249                    /usr/lib/jvm/java-11-openjdk-amd64/lib/server/libjvm.so
7f79d29f2000-7f79d3585000 r-xp 0026d000 08:09 1834249                    /usr/lib/jvm/java-11-openjdk-amd64/lib/server/libjvm.so
7f79d3585000-7f79d37bb000 r--p 00e00000 08:09 1834249                    /usr/lib/jvm/java-11-openjdk-amd64/lib/server/libjvm.so
7f79d37bb000-7f79d37bc000 ---p 01036000 08:09 1834249                    /usr/lib/jvm/java-11-openjdk-amd64/lib/server/libjvm.so
7f79d37bc000-7f79d3879000 r--p 01036000 08:09 1834249                    /usr/lib/jvm/java-11-openjdk-amd64/lib/server/libjvm.so
7f79d3879000-7f79d38b3000 rw-p 010f3000 08:09 1834249                    /usr/lib/jvm/java-11-openjdk-amd64/lib/server/libjvm.so
7f79d38b3000-7f79d390b000 rw-p 00000000 00:00 0 
7f79d390b000-7f79d3912000 r--p 00000000 08:09 1708057                    /usr/lib/x86_64-linux-gnu/libpthread-2.31.so
7f79d3912000-7f79d3923000 r-xp 00007000 08:09 1708057                    /usr/lib/x86_64-linux-gnu/libpthread-2.31.so
7f79d3923000-7f79d3928000 r--p 00018000 08:09 1708057                    /usr/lib/x86_64-linux-gnu/libpthread-2.31.so
7f79d3928000-7f79d3929000 r--p 0001c000 08:09 1708057                    /usr/lib/x86_64-linux-gnu/libpthread-2.31.so
7f79d3929000-7f79d392a000 rw-p 0001d000 08:09 1708057                    /usr/lib/x86_64-linux-gnu/libpthread-2.31.so
7f79d392a000-7f79d392e000 rw-p 00000000 00:00 0 
7f79d392e000-7f79d392f000 r--p 00000000 08:09 1707289                    /usr/lib/x86_64-linux-gnu/libdl-2.31.so
7f79d392f000-7f79d3931000 r-xp 00001000 08:09 1707289                    /usr/lib/x86_64-linux-gnu/libdl-2.31.so
7f79d3931000-7f79d3932000 r--p 00003000 08:09 1707289                    /usr/lib/x86_64-linux-gnu/libdl-2.31.so
7f79d3932000-7f79d3933000 r--p 00003000 08:09 1707289                    /usr/lib/x86_64-linux-gnu/libdl-2.31.so
7f79d3933000-7f79d3934000 rw-p 00004000 08:09 1707289                    /usr/lib/x86_64-linux-gnu/libdl-2.31.so
7f79d3934000-7f79d3936000 r--p 00000000 08:09 1708482                    /usr/lib/x86_64-linux-gnu/libz.so.1.2.11
7f79d3936000-7f79d3947000 r-xp 00002000 08:09 1708482                    /usr/lib/x86_64-linux-gnu/libz.so.1.2.11
7f79d3947000-7f79d394d000 r--p 00013000 08:09 1708482                    /usr/lib/x86_64-linux-gnu/libz.so.1.2.11
7f79d394d000-7f79d394e000 ---p 00019000 08:09 1708482                    /usr/lib/x86_64-linux-gnu/libz.so.1.2.11
7f79d394e000-7f79d394f000 r--p 00019000 08:09 1708482                    /usr/lib/x86_64-linux-gnu/libz.so.1.2.11
7f79d394f000-7f79d3950000 rw-p 0001a000 08:09 1708482                    /usr/lib/x86_64-linux-gnu/libz.so.1.2.11
7f79d3950000-7f79d3975000 r--p 00000000 08:09 1707154                    /usr/lib/x86_64-linux-gnu/libc-2.31.so
7f79d3975000-7f79d3aed000 r-xp 00025000 08:09 1707154                    /usr/lib/x86_64-linux-gnu/libc-2.31.so
7f79d3aed000-7f79d3b37000 r--p 0019d000 08:09 1707154                    /usr/lib/x86_64-linux-gnu/libc-2.31.so
7f79d3b37000-7f79d3b38000 ---p 001e7000 08:09 1707154                    /usr/lib/x86_64-linux-gnu/libc-2.31.so
7f79d3b38000-7f79d3b3b000 r--p 001e7000 08:09 1707154                    /usr/lib/x86_64-linux-gnu/libc-2.31.so
7f79d3b3b000-7f79d3b3e000 rw-p 001ea000 08:09 1707154                    /usr/lib/x86_64-linux-gnu/libc-2.31.so
7f79d3b3e000-7f79d3b42000 rw-p 00000000 00:00 0 
7f79d3b42000-7f79d3b47000 r--p 00000000 08:09 1834242                    /usr/lib/jvm/java-11-openjdk-amd64/lib/libverify.so
7f79d3b47000-7f79d3b4e000 r-xp 00005000 08:09 1834242                    /usr/lib/jvm/java-11-openjdk-amd64/lib/libverify.so
7f79d3b4e000-7f79d3b50000 r--p 0000c000 08:09 1834242                    /usr/lib/jvm/java-11-openjdk-amd64/lib/libverify.so
7f79d3b50000-7f79d3b51000 ---p 0000e000 08:09 1834242                    /usr/lib/jvm/java-11-openjdk-amd64/lib/libverify.so
7f79d3b51000-7f79d3b53000 r--p 0000e000 08:09 1834242                    /usr/lib/jvm/java-11-openjdk-amd64/lib/libverify.so
7f79d3b53000-7f79d3b54000 rw-p 00010000 08:09 1834242                    /usr/lib/jvm/java-11-openjdk-amd64/lib/libverify.so
7f79d3b54000-7f79d3b57000 r--p 00000000 08:09 1834206                    /usr/lib/jvm/java-11-openjdk-amd64/lib/jli/libjli.so
7f79d3b57000-7f79d3b61000 r-xp 00003000 08:09 1834206                    /usr/lib/jvm/java-11-openjdk-amd64/lib/jli/libjli.so
7f79d3b61000-7f79d3b64000 r--p 0000d000 08:09 1834206                    /usr/lib/jvm/java-11-openjdk-amd64/lib/jli/libjli.so
7f79d3b64000-7f79d3b65000 r--p 0000f000 08:09 1834206                    /usr/lib/jvm/java-11-openjdk-amd64/lib/jli/libjli.so
7f79d3b65000-7f79d3b66000 rw-p 00010000 08:09 1834206                    /usr/lib/jvm/java-11-openjdk-amd64/lib/jli/libjli.so
7f79d3b66000-7f79d3b68000 rw-p 00000000 00:00 0 
7f79d3b68000-7f79d3b69000 r--p 00000000 08:09 1706941                    /usr/lib/x86_64-linux-gnu/ld-2.31.so
7f79d3b69000-7f79d3b8c000 r-xp 00001000 08:09 1706941                    /usr/lib/x86_64-linux-gnu/ld-2.31.so
7f79d3b8c000-7f79d3b94000 r--p 00024000 08:09 1706941                    /usr/lib/x86_64-linux-gnu/ld-2.31.so
7f79d3b95000-7f79d3b96000 r--p 0002c000 08:09 1706941                    /usr/lib/x86_64-linux-gnu/ld-2.31.so
7f79d3b96000-7f79d3b97000 rw-p 0002d000 08:09 1706941                    /usr/lib/x86_64-linux-gnu/ld-2.31.so
7f79d3b97000-7f79d3b98000 rw-p 00000000 00:00 0 
7ffdab304000-7ffdab327000 rw-p 00000000 00:00 0                          [stack]
7ffdab3a7000-7ffdab3aa000 r--p 00000000 00:00 0                          [vvar]
7ffdab3aa000-7ffdab3ab000 r-xp 00000000 00:00 0                          [vdso]
ffffffffff600000-ffffffffff601000 --xp 00000000 00:00 0                  [vsyscall]


VM Arguments:
jvm_args: -agentlib:jdwp=transport=dt_socket,suspend=y,address=localhost:32907 -javaagent:/home/mayank/.eclipse/360744286_linux_gtk_x86_64/configuration/org.eclipse.osgi/222/0/.cp/lib/javaagent-shaded.jar -Dfile.encoding=UTF-8 
java_command: com.mayank.employeemanagement.EmployeeManagementAPI
java_class_path (initial): /home/mayank/eclipse-workspace/employee-api/target/classes:/home/mayank/.m2/repository/org/springframework/boot/spring-boot-starter-web/2.1.4.RELEASE/spring-boot-starter-web-2.1.4.RELEASE.jar:/home/mayank/.m2/repository/org/springframework/boot/spring-boot-starter/2.1.4.RELEASE/spring-boot-starter-2.1.4.RELEASE.jar:/home/mayank/.m2/repository/org/springframework/boot/spring-boot/2.1.4.RELEASE/spring-boot-2.1.4.RELEASE.jar:/home/mayank/.m2/repository/org/springframework/boot/spring-boot-autoconfigure/2.1.4.RELEASE/spring-boot-autoconfigure-2.1.4.RELEASE.jar:/home/mayank/.m2/repository/org/springframework/boot/spring-boot-starter-logging/2.1.4.RELEASE/spring-boot-starter-logging-2.1.4.RELEASE.jar:/home/mayank/.m2/repository/ch/qos/logback/logback-classic/1.2.3/logback-classic-1.2.3.jar:/home/mayank/.m2/repository/ch/qos/logback/logback-core/1.2.3/logback-core-1.2.3.jar:/home/mayank/.m2/repository/org/apache/logging/log4j/log4j-to-slf4j/2.11.2/log4j-to-slf4j-2.11.2.jar:/home/mayank/.m2/repository/org/apache/logging/log4j/log4j-api/2.11.2/log4j-api-2.11.2.jar:/home/mayank/.m2/repository/org/slf4j/jul-to-slf4j/1.7.26/jul-to-slf4j-1.7.26.jar:/home/mayank/.m2/repository/javax/annotation/javax.annotation-api/1.3.2/javax.annotation-api-1.3.2.jar:/home/mayank/.m2/repository/org/springframework/spring-core/5.1.6.RELEASE/spring-core-5.1.6.RELEASE.jar:/home/mayank/.m2/repository/org/springframework/spring-jcl/5.1.6.RELEASE/spring-jcl-5.1.6.RELEASE.jar:/home/mayank/.m2/repository/org/yaml/snakeyaml/1.23/snakeyaml-1.23.jar:/home/mayank/.m2/repository/org/springframework/boot/spring-boot-starter-json/2.1.4.RELEASE/spring-boot-starter-json-2.1.4.RELEASE.jar:/home/mayank/.m2/repository/com/fasterxml/jackson/core/jackson-databind/2.9.8/jackson-databind-2.9.8.jar:/home/mayank/.m2/repository/com/fasterxml/jackson/core/jackson-annotations/2.9.0/jackson-annotations-2.9.0.jar:/home/mayank/.m2/repository/com/fasterxml/jackson/core/jackson-core/2.9.8/jackson-core
Launcher Type: SUN_STANDARD

[Global flags]
     intx CICompilerCount                          = 3                                         {product} {ergonomic}
     uint ConcGCThreads                            = 1                                         {product} {ergonomic}
     uint G1ConcRefinementThreads                  = 4                                         {product} {ergonomic}
   size_t G1HeapRegionSize                         = 1048576                                   {product} {ergonomic}
    uintx GCDrainStackTargetSize                   = 64                                        {product} {ergonomic}
   size_t InitialHeapSize                          = 65011712                                  {product} {ergonomic}
   size_t MarkStackSize                            = 4194304                                   {product} {ergonomic}
   size_t MaxHeapSize                              = 1010827264                                {product} {ergonomic}
   size_t MaxNewSize                               = 606076928                                 {product} {ergonomic}
   size_t MinHeapDeltaBytes                        = 1048576                                   {product} {ergonomic}
    uintx NonNMethodCodeHeapSize                   = 5830732                                {pd product} {ergonomic}
    uintx NonProfiledCodeHeapSize                  = 122913754                              {pd product} {ergonomic}
    uintx ProfiledCodeHeapSize                     = 122913754                              {pd product} {ergonomic}
    uintx ReservedCodeCacheSize                    = 251658240                              {pd product} {ergonomic}
     bool SegmentedCodeCache                       = true                                      {product} {ergonomic}
     bool UseCompressedClassPointers               = true                                 {lp64_product} {ergonomic}
     bool UseCompressedOops                        = true                                 {lp64_product} {ergonomic}
     bool UseG1GC                                  = true                                      {product} {ergonomic}

Logging:
Log output configuration:
 #0: 